2024-10-29 13:06:55.388 +01:00 [INF] User profile is available. Using '/Users/ahmadfaryabi/.aspnet/DataProtection-Keys' as key repository; keys will not be encrypted at rest.
2024-10-29 13:06:55.486 +01:00 [INF] Now listening on: http://localhost:5002
2024-10-29 13:06:55.491 +01:00 [INF] Application started. Press Ctrl+C to shut down.
2024-10-29 13:06:55.492 +01:00 [INF] Hosting environment: Development
2024-10-29 13:06:55.492 +01:00 [INF] Content root path: /Users/ahmadfaryabi/Documents/nettside kos/Ahmadside
2024-10-29 13:07:05.308 +01:00 [INF] Request starting HTTP/1.1 GET http://localhost:5002/User/List - null null
2024-10-29 13:07:05.333 +01:00 [WRN] Failed to determine the https port for redirect.
2024-10-29 13:07:05.368 +01:00 [INF] Executing endpoint 'Ahmadside.Controllers.UserController.List (Ahmadside)'
2024-10-29 13:07:05.400 +01:00 [INF] Route matched with {action = "List", controller = "User"}. Executing controller action with signature Microsoft.AspNetCore.Mvc.IActionResult List() on controller Ahmadside.Controllers.UserController (Ahmadside).
2024-10-29 13:07:06.259 +01:00 [INF] Executed DbCommand (13ms) [Parameters=[], CommandType='"Text"', CommandTimeout='30']
SELECT COUNT(*) FROM "sqlite_master" WHERE "type" = 'table' AND "rootpage" IS NOT NULL;
2024-10-29 13:07:06.485 +01:00 [INF] Executed DbCommand (1ms) [Parameters=[], CommandType='"Text"', CommandTimeout='30']
SELECT "u"."IdUser", "u"."Aftername", "u"."Date_Started", "u"."Email", "u"."Firstname", "u"."Password", "u"."Phone", "u"."Username"
FROM "Users" AS "u"
2024-10-29 13:07:06.602 +01:00 [INF] Executing ViewResult, running view List.
2024-10-29 13:07:06.808 +01:00 [INF] Executed ViewResult - view List executed in 205.8177ms.
2024-10-29 13:07:06.821 +01:00 [INF] Executed action Ahmadside.Controllers.UserController.List (Ahmadside) in 1420.0145ms
2024-10-29 13:07:06.821 +01:00 [INF] Executed endpoint 'Ahmadside.Controllers.UserController.List (Ahmadside)'
2024-10-29 13:07:06.836 +01:00 [INF] Request finished HTTP/1.1 GET http://localhost:5002/User/List - 200 null text/html; charset=utf-8 1534.9595ms
2024-10-29 13:07:08.098 +01:00 [INF] Request starting HTTP/1.1 GET http://localhost:5002/Login - null null
2024-10-29 13:07:08.101 +01:00 [INF] Executing endpoint 'Ahmadside.Controllers.LoginController.Index (Ahmadside)'
2024-10-29 13:07:08.105 +01:00 [INF] Route matched with {action = "Index", controller = "Login"}. Executing controller action with signature Microsoft.AspNetCore.Mvc.IActionResult Index() on controller Ahmadside.Controllers.LoginController (Ahmadside).
2024-10-29 13:07:08.129 +01:00 [INF] Executed DbCommand (0ms) [Parameters=[], CommandType='"Text"', CommandTimeout='30']
SELECT COUNT(*) FROM "sqlite_master" WHERE "type" = 'table' AND "rootpage" IS NOT NULL;
2024-10-29 13:07:08.131 +01:00 [INF] Executing ViewResult, running view Index.
2024-10-29 13:07:08.194 +01:00 [INF] Executed ViewResult - view Index executed in 64.3348ms.
2024-10-29 13:07:08.195 +01:00 [INF] Executed action Ahmadside.Controllers.LoginController.Index (Ahmadside) in 89.3819ms
2024-10-29 13:07:08.195 +01:00 [INF] Executed endpoint 'Ahmadside.Controllers.LoginController.Index (Ahmadside)'
2024-10-29 13:07:08.195 +01:00 [INF] Request finished HTTP/1.1 GET http://localhost:5002/Login - 200 null text/html; charset=utf-8 96.9828ms
2024-10-29 13:07:08.964 +01:00 [INF] Request starting HTTP/1.1 GET http://localhost:5002/Login/Register - null null
2024-10-29 13:07:08.965 +01:00 [INF] Executing endpoint 'Ahmadside.Controllers.LoginController.Register (Ahmadside)'
2024-10-29 13:07:08.967 +01:00 [INF] Route matched with {action = "Register", controller = "Login"}. Executing controller action with signature Microsoft.AspNetCore.Mvc.IActionResult Register() on controller Ahmadside.Controllers.LoginController (Ahmadside).
2024-10-29 13:07:09.058 +01:00 [INF] Executed DbCommand (0ms) [Parameters=[], CommandType='"Text"', CommandTimeout='30']
SELECT COUNT(*) FROM "sqlite_master" WHERE "type" = 'table' AND "rootpage" IS NOT NULL;
2024-10-29 13:07:09.060 +01:00 [INF] Executing ViewResult, running view Register.
2024-10-29 13:07:09.119 +01:00 [INF] Executed ViewResult - view Register executed in 60.101ms.
2024-10-29 13:07:09.119 +01:00 [INF] Executed action Ahmadside.Controllers.LoginController.Register (Ahmadside) in 152.3178ms
2024-10-29 13:07:09.119 +01:00 [INF] Executed endpoint 'Ahmadside.Controllers.LoginController.Register (Ahmadside)'
2024-10-29 13:07:09.120 +01:00 [INF] Request finished HTTP/1.1 GET http://localhost:5002/Login/Register - 200 null text/html; charset=utf-8 155.8745ms
2024-10-29 13:07:09.946 +01:00 [INF] Request starting HTTP/1.1 POST http://localhost:5002/Login/Register - application/x-www-form-urlencoded 231
2024-10-29 13:07:09.949 +01:00 [INF] Executing endpoint 'Ahmadside.Controllers.LoginController.Register (Ahmadside)'
2024-10-29 13:07:09.962 +01:00 [INF] Route matched with {action = "Register", controller = "Login"}. Executing controller action with signature Microsoft.AspNetCore.Mvc.IActionResult Register(Ahmadside.Models.User) on controller Ahmadside.Controllers.LoginController (Ahmadside).
2024-10-29 13:07:09.964 +01:00 [INF] Executed DbCommand (0ms) [Parameters=[], CommandType='"Text"', CommandTimeout='30']
SELECT COUNT(*) FROM "sqlite_master" WHERE "type" = 'table' AND "rootpage" IS NOT NULL;
2024-10-29 13:07:09.997 +01:00 [INF] Executing ViewResult, running view Register.
2024-10-29 13:07:10.003 +01:00 [INF] Executed ViewResult - view Register executed in 5.688ms.
2024-10-29 13:07:10.003 +01:00 [INF] Executed action Ahmadside.Controllers.LoginController.Register (Ahmadside) in 40.8228ms
2024-10-29 13:07:10.003 +01:00 [INF] Executed endpoint 'Ahmadside.Controllers.LoginController.Register (Ahmadside)'
2024-10-29 13:07:10.003 +01:00 [INF] Request finished HTTP/1.1 POST http://localhost:5002/Login/Register - 200 null text/html; charset=utf-8 57.7593ms
2024-10-29 13:07:16.551 +01:00 [INF] Request starting HTTP/1.1 POST http://localhost:5002/Login/Register - application/x-www-form-urlencoded 237
2024-10-29 13:07:16.551 +01:00 [INF] Executing endpoint 'Ahmadside.Controllers.LoginController.Register (Ahmadside)'
2024-10-29 13:07:16.551 +01:00 [INF] Route matched with {action = "Register", controller = "Login"}. Executing controller action with signature Microsoft.AspNetCore.Mvc.IActionResult Register(Ahmadside.Models.User) on controller Ahmadside.Controllers.LoginController (Ahmadside).
2024-10-29 13:07:16.553 +01:00 [INF] Executed DbCommand (0ms) [Parameters=[], CommandType='"Text"', CommandTimeout='30']
SELECT COUNT(*) FROM "sqlite_master" WHERE "type" = 'table' AND "rootpage" IS NOT NULL;
2024-10-29 13:07:16.555 +01:00 [INF] Executing ViewResult, running view Register.
2024-10-29 13:07:16.558 +01:00 [INF] Executed ViewResult - view Register executed in 3.4078ms.
2024-10-29 13:07:16.558 +01:00 [INF] Executed action Ahmadside.Controllers.LoginController.Register (Ahmadside) in 7.1422ms
2024-10-29 13:07:16.559 +01:00 [INF] Executed endpoint 'Ahmadside.Controllers.LoginController.Register (Ahmadside)'
2024-10-29 13:07:16.559 +01:00 [INF] Request finished HTTP/1.1 POST http://localhost:5002/Login/Register - 200 null text/html; charset=utf-8 8.1999ms
2024-10-29 13:07:21.786 +01:00 [INF] Request starting HTTP/1.1 POST http://localhost:5002/Login/Register - application/x-www-form-urlencoded 263
2024-10-29 13:07:21.786 +01:00 [INF] Executing endpoint 'Ahmadside.Controllers.LoginController.Register (Ahmadside)'
2024-10-29 13:07:21.786 +01:00 [INF] Route matched with {action = "Register", controller = "Login"}. Executing controller action with signature Microsoft.AspNetCore.Mvc.IActionResult Register(Ahmadside.Models.User) on controller Ahmadside.Controllers.LoginController (Ahmadside).
2024-10-29 13:07:21.788 +01:00 [INF] Executed DbCommand (0ms) [Parameters=[], CommandType='"Text"', CommandTimeout='30']
SELECT COUNT(*) FROM "sqlite_master" WHERE "type" = 'table' AND "rootpage" IS NOT NULL;
2024-10-29 13:07:21.789 +01:00 [INF] Executing ViewResult, running view Register.
2024-10-29 13:07:21.791 +01:00 [INF] Executed ViewResult - view Register executed in 2.093ms.
2024-10-29 13:07:21.791 +01:00 [INF] Executed action Ahmadside.Controllers.LoginController.Register (Ahmadside) in 4.7361ms
2024-10-29 13:07:21.791 +01:00 [INF] Executed endpoint 'Ahmadside.Controllers.LoginController.Register (Ahmadside)'
2024-10-29 13:07:21.791 +01:00 [INF] Request finished HTTP/1.1 POST http://localhost:5002/Login/Register - 200 null text/html; charset=utf-8 5.5211ms
2024-10-29 13:07:25.917 +01:00 [INF] Request starting HTTP/1.1 POST http://localhost:5002/Login/Register - application/x-www-form-urlencoded 276
2024-10-29 13:07:25.917 +01:00 [INF] Executing endpoint 'Ahmadside.Controllers.LoginController.Register (Ahmadside)'
2024-10-29 13:07:25.917 +01:00 [INF] Route matched with {action = "Register", controller = "Login"}. Executing controller action with signature Microsoft.AspNetCore.Mvc.IActionResult Register(Ahmadside.Models.User) on controller Ahmadside.Controllers.LoginController (Ahmadside).
2024-10-29 13:07:25.919 +01:00 [INF] Executed DbCommand (0ms) [Parameters=[], CommandType='"Text"', CommandTimeout='30']
SELECT COUNT(*) FROM "sqlite_master" WHERE "type" = 'table' AND "rootpage" IS NOT NULL;
2024-10-29 13:07:26.042 +01:00 [INF] Executed DbCommand (4ms) [Parameters=[@__Username_0='?' (Size = 8)], CommandType='"Text"', CommandTimeout='30']
SELECT EXISTS (
    SELECT 1
    FROM "Users" AS "u"
    WHERE "u"."Username" = @__Username_0)
2024-10-29 13:07:26.046 +01:00 [INF] Executed DbCommand (0ms) [Parameters=[@__Email_0='?' (Size = 24)], CommandType='"Text"', CommandTimeout='30']
SELECT EXISTS (
    SELECT 1
    FROM "Users" AS "u"
    WHERE "u"."Email" = @__Email_0)
2024-10-29 13:07:26.153 +01:00 [INF] Executed DbCommand (1ms) [Parameters=[@p0='?' (Size = 3), @p1='?' (DbType = DateTime), @p2='?' (Size = 24), @p3='?' (Size = 3), @p4='?' (Size = 5), @p5='?', @p6='?' (Size = 8)], CommandType='"Text"', CommandTimeout='30']
INSERT INTO "Users" ("Aftername", "Date_Started", "Email", "Firstname", "Password", "Phone", "Username")
VALUES (@p0, @p1, @p2, @p3, @p4, @p5, @p6)
RETURNING "IdUser";
2024-10-29 13:07:26.180 +01:00 [INF] Executing ViewResult, running view Register.
2024-10-29 13:07:26.181 +01:00 [INF] Executed ViewResult - view Register executed in 1.4259ms.
2024-10-29 13:07:26.181 +01:00 [INF] Executed action Ahmadside.Controllers.LoginController.Register (Ahmadside) in 264.4875ms
2024-10-29 13:07:26.182 +01:00 [INF] Executed endpoint 'Ahmadside.Controllers.LoginController.Register (Ahmadside)'
2024-10-29 13:07:26.182 +01:00 [INF] Request finished HTTP/1.1 POST http://localhost:5002/Login/Register - 200 null text/html; charset=utf-8 265.1494ms
2024-10-29 13:07:32.627 +01:00 [INF] Request starting HTTP/1.1 GET http://localhost:5002/ - null null
2024-10-29 13:07:32.627 +01:00 [INF] Executing endpoint 'Ahmadside.Controllers.HomeController.Index (Ahmadside)'
2024-10-29 13:07:32.628 +01:00 [INF] Route matched with {action = "Index", controller = "Home"}. Executing controller action with signature Microsoft.AspNetCore.Mvc.IActionResult Index() on controller Ahmadside.Controllers.HomeController (Ahmadside).
2024-10-29 13:07:32.630 +01:00 [INF] Executing ViewResult, running view Index.
2024-10-29 13:07:32.633 +01:00 [INF] Executed ViewResult - view Index executed in 4.0097ms.
2024-10-29 13:07:32.633 +01:00 [INF] Executed action Ahmadside.Controllers.HomeController.Index (Ahmadside) in 4.6685ms
2024-10-29 13:07:32.633 +01:00 [INF] Executed endpoint 'Ahmadside.Controllers.HomeController.Index (Ahmadside)'
2024-10-29 13:07:32.633 +01:00 [INF] Request finished HTTP/1.1 GET http://localhost:5002/ - 200 null text/html; charset=utf-8 6.7123ms
2024-10-29 13:07:36.482 +01:00 [INF] Request starting HTTP/1.1 GET http://localhost:5002/User/List - null null
2024-10-29 13:07:36.482 +01:00 [INF] Executing endpoint 'Ahmadside.Controllers.UserController.List (Ahmadside)'
2024-10-29 13:07:36.482 +01:00 [INF] Route matched with {action = "List", controller = "User"}. Executing controller action with signature Microsoft.AspNetCore.Mvc.IActionResult List() on controller Ahmadside.Controllers.UserController (Ahmadside).
2024-10-29 13:07:36.484 +01:00 [INF] Executed DbCommand (0ms) [Parameters=[], CommandType='"Text"', CommandTimeout='30']
SELECT COUNT(*) FROM "sqlite_master" WHERE "type" = 'table' AND "rootpage" IS NOT NULL;
2024-10-29 13:07:36.486 +01:00 [INF] Executed DbCommand (0ms) [Parameters=[], CommandType='"Text"', CommandTimeout='30']
SELECT "u"."IdUser", "u"."Aftername", "u"."Date_Started", "u"."Email", "u"."Firstname", "u"."Password", "u"."Phone", "u"."Username"
FROM "Users" AS "u"
2024-10-29 13:07:36.488 +01:00 [INF] Executing ViewResult, running view List.
2024-10-29 13:07:36.489 +01:00 [INF] Executed ViewResult - view List executed in 1.8709ms.
2024-10-29 13:07:36.490 +01:00 [INF] Executed action Ahmadside.Controllers.UserController.List (Ahmadside) in 7.1806ms
2024-10-29 13:07:36.490 +01:00 [INF] Executed endpoint 'Ahmadside.Controllers.UserController.List (Ahmadside)'
2024-10-29 13:07:36.490 +01:00 [INF] Request finished HTTP/1.1 GET http://localhost:5002/User/List - 200 null text/html; charset=utf-8 7.9261ms
2024-10-29 13:07:45.090 +01:00 [INF] Request starting HTTP/1.1 POST http://localhost:5002/Login/Register - application/x-www-form-urlencoded 279
2024-10-29 13:07:45.090 +01:00 [INF] Executing endpoint 'Ahmadside.Controllers.LoginController.Register (Ahmadside)'
2024-10-29 13:07:45.090 +01:00 [INF] Route matched with {action = "Register", controller = "Login"}. Executing controller action with signature Microsoft.AspNetCore.Mvc.IActionResult Register(Ahmadside.Models.User) on controller Ahmadside.Controllers.LoginController (Ahmadside).
2024-10-29 13:07:45.092 +01:00 [INF] Executed DbCommand (0ms) [Parameters=[], CommandType='"Text"', CommandTimeout='30']
SELECT COUNT(*) FROM "sqlite_master" WHERE "type" = 'table' AND "rootpage" IS NOT NULL;
2024-10-29 13:07:45.097 +01:00 [INF] Executed DbCommand (0ms) [Parameters=[@__Username_0='?' (Size = 8)], CommandType='"Text"', CommandTimeout='30']
SELECT EXISTS (
    SELECT 1
    FROM "Users" AS "u"
    WHERE "u"."Username" = @__Username_0)
2024-10-29 13:07:45.098 +01:00 [INF] Executed DbCommand (0ms) [Parameters=[@__Email_0='?' (Size = 24)], CommandType='"Text"', CommandTimeout='30']
SELECT EXISTS (
    SELECT 1
    FROM "Users" AS "u"
    WHERE "u"."Email" = @__Email_0)
2024-10-29 13:07:45.098 +01:00 [INF] Executing ViewResult, running view Register.
2024-10-29 13:07:45.100 +01:00 [INF] Executed ViewResult - view Register executed in 1.4214ms.
2024-10-29 13:07:45.100 +01:00 [INF] Executed action Ahmadside.Controllers.LoginController.Register (Ahmadside) in 9.5008ms
2024-10-29 13:07:45.100 +01:00 [INF] Executed endpoint 'Ahmadside.Controllers.LoginController.Register (Ahmadside)'
2024-10-29 13:07:45.100 +01:00 [INF] Request finished HTTP/1.1 POST http://localhost:5002/Login/Register - 200 null text/html; charset=utf-8 10.2094ms
2024-10-29 13:07:49.785 +01:00 [INF] Request starting HTTP/1.1 POST http://localhost:5002/Login/Register - application/x-www-form-urlencoded 280
2024-10-29 13:07:49.786 +01:00 [INF] Executing endpoint 'Ahmadside.Controllers.LoginController.Register (Ahmadside)'
2024-10-29 13:07:49.786 +01:00 [INF] Route matched with {action = "Register", controller = "Login"}. Executing controller action with signature Microsoft.AspNetCore.Mvc.IActionResult Register(Ahmadside.Models.User) on controller Ahmadside.Controllers.LoginController (Ahmadside).
2024-10-29 13:07:49.787 +01:00 [INF] Executed DbCommand (0ms) [Parameters=[], CommandType='"Text"', CommandTimeout='30']
SELECT COUNT(*) FROM "sqlite_master" WHERE "type" = 'table' AND "rootpage" IS NOT NULL;
2024-10-29 13:07:49.789 +01:00 [INF] Executed DbCommand (0ms) [Parameters=[@__Username_0='?' (Size = 9)], CommandType='"Text"', CommandTimeout='30']
SELECT EXISTS (
    SELECT 1
    FROM "Users" AS "u"
    WHERE "u"."Username" = @__Username_0)
2024-10-29 13:07:49.789 +01:00 [INF] Executed DbCommand (0ms) [Parameters=[@__Email_0='?' (Size = 24)], CommandType='"Text"', CommandTimeout='30']
SELECT EXISTS (
    SELECT 1
    FROM "Users" AS "u"
    WHERE "u"."Email" = @__Email_0)
2024-10-29 13:07:49.792 +01:00 [INF] Executed DbCommand (0ms) [Parameters=[@p0='?' (Size = 3), @p1='?' (DbType = DateTime), @p2='?' (Size = 24), @p3='?' (Size = 3), @p4='?' (Size = 8), @p5='?', @p6='?' (Size = 9)], CommandType='"Text"', CommandTimeout='30']
INSERT INTO "Users" ("Aftername", "Date_Started", "Email", "Firstname", "Password", "Phone", "Username")
VALUES (@p0, @p1, @p2, @p3, @p4, @p5, @p6)
RETURNING "IdUser";
2024-10-29 13:07:49.793 +01:00 [INF] Executing ViewResult, running view Register.
2024-10-29 13:07:49.794 +01:00 [INF] Executed ViewResult - view Register executed in 1.4423ms.
2024-10-29 13:07:49.794 +01:00 [INF] Executed action Ahmadside.Controllers.LoginController.Register (Ahmadside) in 8.4251ms
2024-10-29 13:07:49.794 +01:00 [INF] Executed endpoint 'Ahmadside.Controllers.LoginController.Register (Ahmadside)'
2024-10-29 13:07:49.794 +01:00 [INF] Request finished HTTP/1.1 POST http://localhost:5002/Login/Register - 200 null text/html; charset=utf-8 9.2357ms
2024-10-29 13:07:54.157 +01:00 [INF] Request starting HTTP/1.1 POST http://localhost:5002/Login/Register - application/x-www-form-urlencoded 280
2024-10-29 13:07:54.157 +01:00 [INF] Executing endpoint 'Ahmadside.Controllers.LoginController.Register (Ahmadside)'
2024-10-29 13:07:54.157 +01:00 [INF] Route matched with {action = "Register", controller = "Login"}. Executing controller action with signature Microsoft.AspNetCore.Mvc.IActionResult Register(Ahmadside.Models.User) on controller Ahmadside.Controllers.LoginController (Ahmadside).
2024-10-29 13:07:54.159 +01:00 [INF] Executed DbCommand (0ms) [Parameters=[], CommandType='"Text"', CommandTimeout='30']
SELECT COUNT(*) FROM "sqlite_master" WHERE "type" = 'table' AND "rootpage" IS NOT NULL;
2024-10-29 13:07:54.160 +01:00 [INF] Executed DbCommand (0ms) [Parameters=[@__Username_0='?' (Size = 9)], CommandType='"Text"', CommandTimeout='30']
SELECT EXISTS (
    SELECT 1
    FROM "Users" AS "u"
    WHERE "u"."Username" = @__Username_0)
2024-10-29 13:07:54.161 +01:00 [INF] Executed DbCommand (0ms) [Parameters=[@__Email_0='?' (Size = 24)], CommandType='"Text"', CommandTimeout='30']
SELECT EXISTS (
    SELECT 1
    FROM "Users" AS "u"
    WHERE "u"."Email" = @__Email_0)
2024-10-29 13:07:54.162 +01:00 [INF] Executing ViewResult, running view Register.
2024-10-29 13:07:54.164 +01:00 [INF] Executed ViewResult - view Register executed in 1.9112ms.
2024-10-29 13:07:54.164 +01:00 [INF] Executed action Ahmadside.Controllers.LoginController.Register (Ahmadside) in 6.5474ms
2024-10-29 13:07:54.164 +01:00 [INF] Executed endpoint 'Ahmadside.Controllers.LoginController.Register (Ahmadside)'
2024-10-29 13:07:54.164 +01:00 [INF] Request finished HTTP/1.1 POST http://localhost:5002/Login/Register - 200 null text/html; charset=utf-8 7.0118ms
2024-10-29 13:08:04.460 +01:00 [INF] Request starting HTTP/1.1 GET http://localhost:5002/User/List - null null
2024-10-29 13:08:04.460 +01:00 [INF] Executing endpoint 'Ahmadside.Controllers.UserController.List (Ahmadside)'
2024-10-29 13:08:04.460 +01:00 [INF] Route matched with {action = "List", controller = "User"}. Executing controller action with signature Microsoft.AspNetCore.Mvc.IActionResult List() on controller Ahmadside.Controllers.UserController (Ahmadside).
2024-10-29 13:08:04.462 +01:00 [INF] Executed DbCommand (0ms) [Parameters=[], CommandType='"Text"', CommandTimeout='30']
SELECT COUNT(*) FROM "sqlite_master" WHERE "type" = 'table' AND "rootpage" IS NOT NULL;
2024-10-29 13:08:04.462 +01:00 [INF] Executed DbCommand (0ms) [Parameters=[], CommandType='"Text"', CommandTimeout='30']
SELECT "u"."IdUser", "u"."Aftername", "u"."Date_Started", "u"."Email", "u"."Firstname", "u"."Password", "u"."Phone", "u"."Username"
FROM "Users" AS "u"
2024-10-29 13:08:04.463 +01:00 [INF] Executing ViewResult, running view List.
2024-10-29 13:08:04.464 +01:00 [INF] Executed ViewResult - view List executed in 1.4814ms.
2024-10-29 13:08:04.464 +01:00 [INF] Executed action Ahmadside.Controllers.UserController.List (Ahmadside) in 3.6925ms
2024-10-29 13:08:04.464 +01:00 [INF] Executed endpoint 'Ahmadside.Controllers.UserController.List (Ahmadside)'
2024-10-29 13:08:04.464 +01:00 [INF] Request finished HTTP/1.1 GET http://localhost:5002/User/List - 200 null text/html; charset=utf-8 4.5614ms
2024-10-29 13:08:17.547 +01:00 [INF] Request starting HTTP/1.1 POST http://localhost:5002/Login/Register - application/x-www-form-urlencoded 272
2024-10-29 13:08:17.548 +01:00 [INF] Executing endpoint 'Ahmadside.Controllers.LoginController.Register (Ahmadside)'
2024-10-29 13:08:17.548 +01:00 [INF] Route matched with {action = "Register", controller = "Login"}. Executing controller action with signature Microsoft.AspNetCore.Mvc.IActionResult Register(Ahmadside.Models.User) on controller Ahmadside.Controllers.LoginController (Ahmadside).
2024-10-29 13:08:17.549 +01:00 [INF] Executed DbCommand (0ms) [Parameters=[], CommandType='"Text"', CommandTimeout='30']
SELECT COUNT(*) FROM "sqlite_master" WHERE "type" = 'table' AND "rootpage" IS NOT NULL;
2024-10-29 13:08:17.550 +01:00 [INF] Executing ViewResult, running view Register.
2024-10-29 13:08:17.553 +01:00 [INF] Executed ViewResult - view Register executed in 2.7398ms.
2024-10-29 13:08:17.554 +01:00 [INF] Executed action Ahmadside.Controllers.LoginController.Register (Ahmadside) in 5.6622ms
2024-10-29 13:08:17.554 +01:00 [INF] Executed endpoint 'Ahmadside.Controllers.LoginController.Register (Ahmadside)'
2024-10-29 13:08:17.554 +01:00 [INF] Request finished HTTP/1.1 POST http://localhost:5002/Login/Register - 200 null text/html; charset=utf-8 6.9003ms
2024-10-29 13:08:22.824 +01:00 [INF] Request starting HTTP/1.1 POST http://localhost:5002/Login/Register - application/x-www-form-urlencoded 281
2024-10-29 13:08:22.824 +01:00 [INF] Executing endpoint 'Ahmadside.Controllers.LoginController.Register (Ahmadside)'
2024-10-29 13:08:22.824 +01:00 [INF] Route matched with {action = "Register", controller = "Login"}. Executing controller action with signature Microsoft.AspNetCore.Mvc.IActionResult Register(Ahmadside.Models.User) on controller Ahmadside.Controllers.LoginController (Ahmadside).
2024-10-29 13:08:22.826 +01:00 [INF] Executed DbCommand (0ms) [Parameters=[], CommandType='"Text"', CommandTimeout='30']
SELECT COUNT(*) FROM "sqlite_master" WHERE "type" = 'table' AND "rootpage" IS NOT NULL;
2024-10-29 13:08:22.827 +01:00 [INF] Executed DbCommand (0ms) [Parameters=[@__Username_0='?' (Size = 10)], CommandType='"Text"', CommandTimeout='30']
SELECT EXISTS (
    SELECT 1
    FROM "Users" AS "u"
    WHERE "u"."Username" = @__Username_0)
2024-10-29 13:08:22.828 +01:00 [INF] Executed DbCommand (0ms) [Parameters=[@__Email_0='?' (Size = 24)], CommandType='"Text"', CommandTimeout='30']
SELECT EXISTS (
    SELECT 1
    FROM "Users" AS "u"
    WHERE "u"."Email" = @__Email_0)
2024-10-29 13:08:22.829 +01:00 [INF] Executed DbCommand (0ms) [Parameters=[@p0='?' (Size = 3), @p1='?' (DbType = DateTime), @p2='?' (Size = 24), @p3='?' (Size = 3), @p4='?' (Size = 8), @p5='?', @p6='?' (Size = 10)], CommandType='"Text"', CommandTimeout='30']
INSERT INTO "Users" ("Aftername", "Date_Started", "Email", "Firstname", "Password", "Phone", "Username")
VALUES (@p0, @p1, @p2, @p3, @p4, @p5, @p6)
RETURNING "IdUser";
2024-10-29 13:08:22.831 +01:00 [INF] Executing ViewResult, running view Register.
2024-10-29 13:08:22.832 +01:00 [INF] Executed ViewResult - view Register executed in 1.5613ms.
2024-10-29 13:08:22.832 +01:00 [INF] Executed action Ahmadside.Controllers.LoginController.Register (Ahmadside) in 7.6167ms
2024-10-29 13:08:22.832 +01:00 [INF] Executed endpoint 'Ahmadside.Controllers.LoginController.Register (Ahmadside)'
2024-10-29 13:08:22.832 +01:00 [INF] Request finished HTTP/1.1 POST http://localhost:5002/Login/Register - 200 null text/html; charset=utf-8 8.0563ms
2024-10-29 13:08:41.674 +01:00 [INF] Application is shutting down...
