2024-10-23 17:54:16.135 +02:00 [INF] User profile is available. Using '/Users/ahmadfaryabi/.aspnet/DataProtection-Keys' as key repository; keys will not be encrypted at rest.
2024-10-23 17:54:16.251 +02:00 [INF] Now listening on: http://localhost:5002
2024-10-23 17:54:16.257 +02:00 [INF] Application started. Press Ctrl+C to shut down.
2024-10-23 17:54:16.259 +02:00 [INF] Hosting environment: Development
2024-10-23 17:54:16.259 +02:00 [INF] Content root path: /Users/ahmadfaryabi/Documents/nettside kos/Ahmadside
2024-10-23 17:54:19.915 +02:00 [INF] Request starting HTTP/1.1 GET http://localhost:5002/User/List - null null
2024-10-23 17:54:19.930 +02:00 [WRN] Failed to determine the https port for redirect.
2024-10-23 17:54:19.956 +02:00 [INF] Executing endpoint 'Ahmadside.Controllers.UserController.List (Ahmadside)'
2024-10-23 17:54:19.988 +02:00 [INF] Route matched with {action = "List", controller = "User"}. Executing controller action with signature Microsoft.AspNetCore.Mvc.IActionResult List() on controller Ahmadside.Controllers.UserController (Ahmadside).
2024-10-23 17:54:20.719 +02:00 [INF] Executed DbCommand (12ms) [Parameters=[], CommandType='"Text"', CommandTimeout='30']
SELECT COUNT(*) FROM "sqlite_master" WHERE "type" = 'table' AND "rootpage" IS NOT NULL;
2024-10-23 17:54:20.929 +02:00 [INF] Executed DbCommand (1ms) [Parameters=[], CommandType='"Text"', CommandTimeout='30']
SELECT "u"."IdUser", "u"."Aftername", "u"."Date_Started", "u"."Email", "u"."Firstname", "u"."Password", "u"."Phone", "u"."Username"
FROM "Users" AS "u"
2024-10-23 17:54:20.998 +02:00 [INF] Executing ViewResult, running view List.
2024-10-23 17:54:21.177 +02:00 [INF] Executed ViewResult - view List executed in 177.7074ms.
2024-10-23 17:54:21.181 +02:00 [INF] Executed action Ahmadside.Controllers.UserController.List (Ahmadside) in 1191.4585ms
2024-10-23 17:54:21.181 +02:00 [INF] Executed endpoint 'Ahmadside.Controllers.UserController.List (Ahmadside)'
2024-10-23 17:54:21.200 +02:00 [INF] Request finished HTTP/1.1 GET http://localhost:5002/User/List - 200 null text/html; charset=utf-8 1287.3951ms
2024-10-23 17:54:23.475 +02:00 [INF] Request starting HTTP/1.1 GET http://localhost:5002/User/List - null null
2024-10-23 17:54:23.476 +02:00 [INF] Executing endpoint 'Ahmadside.Controllers.UserController.List (Ahmadside)'
2024-10-23 17:54:23.476 +02:00 [INF] Route matched with {action = "List", controller = "User"}. Executing controller action with signature Microsoft.AspNetCore.Mvc.IActionResult List() on controller Ahmadside.Controllers.UserController (Ahmadside).
2024-10-23 17:54:23.502 +02:00 [INF] Executed DbCommand (0ms) [Parameters=[], CommandType='"Text"', CommandTimeout='30']
SELECT COUNT(*) FROM "sqlite_master" WHERE "type" = 'table' AND "rootpage" IS NOT NULL;
2024-10-23 17:54:23.504 +02:00 [INF] Executed DbCommand (0ms) [Parameters=[], CommandType='"Text"', CommandTimeout='30']
SELECT "u"."IdUser", "u"."Aftername", "u"."Date_Started", "u"."Email", "u"."Firstname", "u"."Password", "u"."Phone", "u"."Username"
FROM "Users" AS "u"
2024-10-23 17:54:23.505 +02:00 [INF] Executing ViewResult, running view List.
2024-10-23 17:54:23.511 +02:00 [INF] Executed ViewResult - view List executed in 6.1144ms.
2024-10-23 17:54:23.511 +02:00 [INF] Executed action Ahmadside.Controllers.UserController.List (Ahmadside) in 34.7934ms
2024-10-23 17:54:23.511 +02:00 [INF] Executed endpoint 'Ahmadside.Controllers.UserController.List (Ahmadside)'
2024-10-23 17:54:23.512 +02:00 [INF] Request finished HTTP/1.1 GET http://localhost:5002/User/List - 200 null text/html; charset=utf-8 37.1753ms
2024-10-23 17:57:47.726 +02:00 [INF] Request starting HTTP/1.1 GET http://localhost:5002/User/List - null null
2024-10-23 17:57:47.728 +02:00 [INF] Executing endpoint 'Ahmadside.Controllers.UserController.List (Ahmadside)'
2024-10-23 17:57:47.728 +02:00 [INF] Route matched with {action = "List", controller = "User"}. Executing controller action with signature Microsoft.AspNetCore.Mvc.IActionResult List() on controller Ahmadside.Controllers.UserController (Ahmadside).
2024-10-23 17:57:47.819 +02:00 [INF] Executed DbCommand (0ms) [Parameters=[], CommandType='"Text"', CommandTimeout='30']
SELECT COUNT(*) FROM "sqlite_master" WHERE "type" = 'table' AND "rootpage" IS NOT NULL;
2024-10-23 17:57:47.820 +02:00 [INF] Executed DbCommand (0ms) [Parameters=[], CommandType='"Text"', CommandTimeout='30']
SELECT "u"."IdUser", "u"."Aftername", "u"."Date_Started", "u"."Email", "u"."Firstname", "u"."Password", "u"."Phone", "u"."Username"
FROM "Users" AS "u"
2024-10-23 17:57:47.821 +02:00 [INF] Executing ViewResult, running view List.
2024-10-23 17:57:47.822 +02:00 [INF] Executed ViewResult - view List executed in 1.4646ms.
2024-10-23 17:57:47.822 +02:00 [INF] Executed action Ahmadside.Controllers.UserController.List (Ahmadside) in 94.0153ms
2024-10-23 17:57:47.822 +02:00 [INF] Executed endpoint 'Ahmadside.Controllers.UserController.List (Ahmadside)'
2024-10-23 17:57:47.822 +02:00 [INF] Request finished HTTP/1.1 GET http://localhost:5002/User/List - 200 null text/html; charset=utf-8 96.0827ms
2024-10-23 17:57:49.981 +02:00 [INF] Application is shutting down...
