2024-10-29 16:44:22.836 +01:00 [INF] User profile is available. Using '/Users/ahmadfaryabi/.aspnet/DataProtection-Keys' as key repository; keys will not be encrypted at rest.
2024-10-29 16:44:22.960 +01:00 [INF] Now listening on: http://localhost:5002
2024-10-29 16:44:22.967 +01:00 [INF] Application started. Press Ctrl+C to shut down.
2024-10-29 16:44:22.969 +01:00 [INF] Hosting environment: Development
2024-10-29 16:44:22.969 +01:00 [INF] Content root path: /Users/ahmadfaryabi/Documents/nettside kos/Ahmadside
2024-10-29 16:44:26.438 +01:00 [INF] Request starting HTTP/1.1 GET http://localhost:5002/Login - null null
2024-10-29 16:44:26.453 +01:00 [WRN] Failed to determine the https port for redirect.
2024-10-29 16:44:26.476 +01:00 [INF] Executing endpoint 'Ahmadside.Controllers.LoginController.Index (Ahmadside)'
2024-10-29 16:44:26.508 +01:00 [INF] Route matched with {action = "Index", controller = "Login"}. Executing controller action with signature Microsoft.AspNetCore.Mvc.IActionResult Index() on controller Ahmadside.Controllers.LoginController (Ahmadside).
2024-10-29 16:44:27.269 +01:00 [INF] Executed DbCommand (13ms) [Parameters=[], CommandType='"Text"', CommandTimeout='30']
SELECT COUNT(*) FROM "sqlite_master" WHERE "type" = 'table' AND "rootpage" IS NOT NULL;
2024-10-29 16:44:27.285 +01:00 [INF] Executing ViewResult, running view Index.
2024-10-29 16:44:27.536 +01:00 [INF] Executed ViewResult - view Index executed in 252.506ms.
2024-10-29 16:44:27.541 +01:00 [INF] Executed action Ahmadside.Controllers.LoginController.Index (Ahmadside) in 1031.7353ms
2024-10-29 16:44:27.541 +01:00 [INF] Executed endpoint 'Ahmadside.Controllers.LoginController.Index (Ahmadside)'
2024-10-29 16:44:27.555 +01:00 [INF] Request finished HTTP/1.1 GET http://localhost:5002/Login - 200 null text/html; charset=utf-8 1119.6143ms
2024-10-29 16:44:27.556 +01:00 [INF] Request starting HTTP/1.1 GET http://localhost:5002/css/site.css?v=44k-UzWKxkaI1ifvEusB9sIUloONkmHrOID1Ls2hXQY - null null
2024-10-29 16:44:27.561 +01:00 [INF] The file /css/site.css was not modified
2024-10-29 16:44:27.562 +01:00 [INF] Request finished HTTP/1.1 GET http://localhost:5002/css/site.css?v=44k-UzWKxkaI1ifvEusB9sIUloONkmHrOID1Ls2hXQY - 304 null text/css 5.4728ms
2024-10-29 16:44:28.429 +01:00 [INF] Request starting HTTP/1.1 POST http://localhost:5002/Login - application/x-www-form-urlencoded 199
2024-10-29 16:44:28.434 +01:00 [INF] Executing endpoint 'Ahmadside.Controllers.LoginController.Index (Ahmadside)'
2024-10-29 16:44:28.445 +01:00 [INF] Route matched with {action = "Index", controller = "Login"}. Executing controller action with signature Microsoft.AspNetCore.Mvc.IActionResult Index(Ahmadside.Models.LoginModel) on controller Ahmadside.Controllers.LoginController (Ahmadside).
2024-10-29 16:44:28.470 +01:00 [INF] Executed DbCommand (0ms) [Parameters=[], CommandType='"Text"', CommandTimeout='30']
SELECT COUNT(*) FROM "sqlite_master" WHERE "type" = 'table' AND "rootpage" IS NOT NULL;
2024-10-29 16:44:28.497 +01:00 [INF] Executing ViewResult, running view Index.
2024-10-29 16:44:28.506 +01:00 [INF] Executed ViewResult - view Index executed in 8.75ms.
2024-10-29 16:44:28.506 +01:00 [INF] Executed action Ahmadside.Controllers.LoginController.Index (Ahmadside) in 60.5494ms
2024-10-29 16:44:28.506 +01:00 [INF] Executed endpoint 'Ahmadside.Controllers.LoginController.Index (Ahmadside)'
2024-10-29 16:44:28.506 +01:00 [INF] Request finished HTTP/1.1 POST http://localhost:5002/Login - 200 null text/html; charset=utf-8 77.923ms
2024-10-29 16:44:30.757 +01:00 [INF] Request starting HTTP/1.1 POST http://localhost:5002/Login - application/x-www-form-urlencoded 201
2024-10-29 16:44:30.757 +01:00 [INF] Executing endpoint 'Ahmadside.Controllers.LoginController.Index (Ahmadside)'
2024-10-29 16:44:30.757 +01:00 [INF] Route matched with {action = "Index", controller = "Login"}. Executing controller action with signature Microsoft.AspNetCore.Mvc.IActionResult Index(Ahmadside.Models.LoginModel) on controller Ahmadside.Controllers.LoginController (Ahmadside).
2024-10-29 16:44:30.845 +01:00 [INF] Executed DbCommand (0ms) [Parameters=[], CommandType='"Text"', CommandTimeout='30']
SELECT COUNT(*) FROM "sqlite_master" WHERE "type" = 'table' AND "rootpage" IS NOT NULL;
2024-10-29 16:44:30.847 +01:00 [INF] Executing ViewResult, running view Index.
2024-10-29 16:44:30.849 +01:00 [INF] Executed ViewResult - view Index executed in 2.6304ms.
2024-10-29 16:44:30.849 +01:00 [INF] Executed action Ahmadside.Controllers.LoginController.Index (Ahmadside) in 91.941ms
2024-10-29 16:44:30.849 +01:00 [INF] Executed endpoint 'Ahmadside.Controllers.LoginController.Index (Ahmadside)'
2024-10-29 16:44:30.850 +01:00 [INF] Request finished HTTP/1.1 POST http://localhost:5002/Login - 200 null text/html; charset=utf-8 92.715ms
2024-10-29 16:44:33.981 +01:00 [INF] Request starting HTTP/1.1 POST http://localhost:5002/Login - application/x-www-form-urlencoded 226
2024-10-29 16:44:33.982 +01:00 [INF] Executing endpoint 'Ahmadside.Controllers.LoginController.Index (Ahmadside)'
2024-10-29 16:44:33.982 +01:00 [INF] Route matched with {action = "Index", controller = "Login"}. Executing controller action with signature Microsoft.AspNetCore.Mvc.IActionResult Index(Ahmadside.Models.LoginModel) on controller Ahmadside.Controllers.LoginController (Ahmadside).
2024-10-29 16:44:33.984 +01:00 [INF] Executed DbCommand (0ms) [Parameters=[], CommandType='"Text"', CommandTimeout='30']
SELECT COUNT(*) FROM "sqlite_master" WHERE "type" = 'table' AND "rootpage" IS NOT NULL;
2024-10-29 16:44:34.259 +01:00 [INF] Executed DbCommand (4ms) [Parameters=[@__Email_0='?' (Size = 24)], CommandType='"Text"', CommandTimeout='30']
SELECT EXISTS (
    SELECT 1
    FROM "Users" AS "u"
    WHERE "u"."Email" = @__Email_0)
2024-10-29 16:44:34.269 +01:00 [INF] Executed DbCommand (0ms) [Parameters=[@__Password_0='?' (Size = 1)], CommandType='"Text"', CommandTimeout='30']
SELECT EXISTS (
    SELECT 1
    FROM "Users" AS "u"
    WHERE "u"."Password" = @__Password_0)
2024-10-29 16:44:34.269 +01:00 [INF] Executing ViewResult, running view Index.
2024-10-29 16:44:34.271 +01:00 [INF] Executed ViewResult - view Index executed in 1.8465ms.
2024-10-29 16:44:34.271 +01:00 [INF] Executed action Ahmadside.Controllers.LoginController.Index (Ahmadside) in 289.3048ms
2024-10-29 16:44:34.271 +01:00 [INF] Executed endpoint 'Ahmadside.Controllers.LoginController.Index (Ahmadside)'
2024-10-29 16:44:34.272 +01:00 [INF] Request finished HTTP/1.1 POST http://localhost:5002/Login - 200 null text/html; charset=utf-8 290.2586ms
2024-10-29 16:44:39.414 +01:00 [INF] Request starting HTTP/1.1 POST http://localhost:5002/Login - application/x-www-form-urlencoded 233
2024-10-29 16:44:39.414 +01:00 [INF] Executing endpoint 'Ahmadside.Controllers.LoginController.Index (Ahmadside)'
2024-10-29 16:44:39.415 +01:00 [INF] Route matched with {action = "Index", controller = "Login"}. Executing controller action with signature Microsoft.AspNetCore.Mvc.IActionResult Index(Ahmadside.Models.LoginModel) on controller Ahmadside.Controllers.LoginController (Ahmadside).
2024-10-29 16:44:39.417 +01:00 [INF] Executed DbCommand (0ms) [Parameters=[], CommandType='"Text"', CommandTimeout='30']
SELECT COUNT(*) FROM "sqlite_master" WHERE "type" = 'table' AND "rootpage" IS NOT NULL;
2024-10-29 16:44:39.422 +01:00 [INF] Executed DbCommand (0ms) [Parameters=[@__Email_0='?' (Size = 24)], CommandType='"Text"', CommandTimeout='30']
SELECT EXISTS (
    SELECT 1
    FROM "Users" AS "u"
    WHERE "u"."Email" = @__Email_0)
2024-10-29 16:44:39.423 +01:00 [INF] Executed DbCommand (0ms) [Parameters=[@__Password_0='?' (Size = 8)], CommandType='"Text"', CommandTimeout='30']
SELECT EXISTS (
    SELECT 1
    FROM "Users" AS "u"
    WHERE "u"."Password" = @__Password_0)
2024-10-29 16:44:39.424 +01:00 [INF] Executing ViewResult, running view Index.
2024-10-29 16:44:39.426 +01:00 [INF] Executed ViewResult - view Index executed in 1.8715ms.
2024-10-29 16:44:39.426 +01:00 [INF] Executed action Ahmadside.Controllers.LoginController.Index (Ahmadside) in 10.7453ms
2024-10-29 16:44:39.426 +01:00 [INF] Executed endpoint 'Ahmadside.Controllers.LoginController.Index (Ahmadside)'
2024-10-29 16:44:39.426 +01:00 [INF] Request finished HTTP/1.1 POST http://localhost:5002/Login - 200 null text/html; charset=utf-8 11.6619ms
2024-10-29 16:45:18.942 +01:00 [INF] Request starting HTTP/1.1 POST http://localhost:5002/Login - application/x-www-form-urlencoded 233
2024-10-29 16:45:18.942 +01:00 [INF] Executing endpoint 'Ahmadside.Controllers.LoginController.Index (Ahmadside)'
2024-10-29 16:45:18.942 +01:00 [INF] Route matched with {action = "Index", controller = "Login"}. Executing controller action with signature Microsoft.AspNetCore.Mvc.IActionResult Index(Ahmadside.Models.LoginModel) on controller Ahmadside.Controllers.LoginController (Ahmadside).
2024-10-29 16:45:18.945 +01:00 [INF] Executed DbCommand (0ms) [Parameters=[], CommandType='"Text"', CommandTimeout='30']
SELECT COUNT(*) FROM "sqlite_master" WHERE "type" = 'table' AND "rootpage" IS NOT NULL;
2024-10-29 16:45:18.947 +01:00 [INF] Executed DbCommand (0ms) [Parameters=[@__Email_0='?' (Size = 24)], CommandType='"Text"', CommandTimeout='30']
SELECT EXISTS (
    SELECT 1
    FROM "Users" AS "u"
    WHERE "u"."Email" = @__Email_0)
2024-10-29 16:45:18.948 +01:00 [INF] Executed DbCommand (0ms) [Parameters=[@__Password_0='?' (Size = 8)], CommandType='"Text"', CommandTimeout='30']
SELECT EXISTS (
    SELECT 1
    FROM "Users" AS "u"
    WHERE "u"."Password" = @__Password_0)
2024-10-29 16:45:18.949 +01:00 [INF] Executing ViewResult, running view Index.
2024-10-29 16:45:18.952 +01:00 [INF] Executed ViewResult - view Index executed in 2.3695ms.
2024-10-29 16:45:18.952 +01:00 [INF] Executed action Ahmadside.Controllers.LoginController.Index (Ahmadside) in 9.6599ms
2024-10-29 16:45:18.952 +01:00 [INF] Executed endpoint 'Ahmadside.Controllers.LoginController.Index (Ahmadside)'
2024-10-29 16:45:18.952 +01:00 [INF] Request finished HTTP/1.1 POST http://localhost:5002/Login - 200 null text/html; charset=utf-8 10.8175ms
2024-10-29 16:45:21.219 +01:00 [INF] Request starting HTTP/1.1 POST http://localhost:5002/Login - application/x-www-form-urlencoded 232
2024-10-29 16:45:21.219 +01:00 [INF] Executing endpoint 'Ahmadside.Controllers.LoginController.Index (Ahmadside)'
2024-10-29 16:45:21.219 +01:00 [INF] Route matched with {action = "Index", controller = "Login"}. Executing controller action with signature Microsoft.AspNetCore.Mvc.IActionResult Index(Ahmadside.Models.LoginModel) on controller Ahmadside.Controllers.LoginController (Ahmadside).
2024-10-29 16:45:21.221 +01:00 [INF] Executed DbCommand (0ms) [Parameters=[], CommandType='"Text"', CommandTimeout='30']
SELECT COUNT(*) FROM "sqlite_master" WHERE "type" = 'table' AND "rootpage" IS NOT NULL;
2024-10-29 16:45:21.222 +01:00 [INF] Executed DbCommand (0ms) [Parameters=[@__Email_0='?' (Size = 24)], CommandType='"Text"', CommandTimeout='30']
SELECT EXISTS (
    SELECT 1
    FROM "Users" AS "u"
    WHERE "u"."Email" = @__Email_0)
2024-10-29 16:45:21.224 +01:00 [INF] Executed DbCommand (0ms) [Parameters=[@__Password_0='?' (Size = 7)], CommandType='"Text"', CommandTimeout='30']
SELECT EXISTS (
    SELECT 1
    FROM "Users" AS "u"
    WHERE "u"."Password" = @__Password_0)
2024-10-29 16:45:21.224 +01:00 [INF] Executing ViewResult, running view Index.
2024-10-29 16:45:21.225 +01:00 [INF] Executed ViewResult - view Index executed in 1.2713ms.
2024-10-29 16:45:21.226 +01:00 [INF] Executed action Ahmadside.Controllers.LoginController.Index (Ahmadside) in 6.4001ms
2024-10-29 16:45:21.226 +01:00 [INF] Executed endpoint 'Ahmadside.Controllers.LoginController.Index (Ahmadside)'
2024-10-29 16:45:21.226 +01:00 [INF] Request finished HTTP/1.1 POST http://localhost:5002/Login - 200 null text/html; charset=utf-8 7.0678ms
2024-10-29 16:45:27.691 +01:00 [INF] Request starting HTTP/1.1 GET http://localhost:5002/Login/Register - null null
2024-10-29 16:45:27.691 +01:00 [INF] Executing endpoint 'Ahmadside.Controllers.LoginController.Register (Ahmadside)'
2024-10-29 16:45:27.694 +01:00 [INF] Route matched with {action = "Register", controller = "Login"}. Executing controller action with signature Microsoft.AspNetCore.Mvc.IActionResult Register() on controller Ahmadside.Controllers.LoginController (Ahmadside).
2024-10-29 16:45:27.697 +01:00 [INF] Executed DbCommand (0ms) [Parameters=[], CommandType='"Text"', CommandTimeout='30']
SELECT COUNT(*) FROM "sqlite_master" WHERE "type" = 'table' AND "rootpage" IS NOT NULL;
2024-10-29 16:45:27.700 +01:00 [INF] Executing ViewResult, running view Register.
2024-10-29 16:45:27.743 +01:00 [INF] Executed ViewResult - view Register executed in 45.8027ms.
2024-10-29 16:45:27.743 +01:00 [INF] Executed action Ahmadside.Controllers.LoginController.Register (Ahmadside) in 49.515ms
2024-10-29 16:45:27.743 +01:00 [INF] Executed endpoint 'Ahmadside.Controllers.LoginController.Register (Ahmadside)'
2024-10-29 16:45:27.744 +01:00 [INF] Request finished HTTP/1.1 GET http://localhost:5002/Login/Register - 200 null text/html; charset=utf-8 52.4745ms
2024-10-29 16:45:30.519 +01:00 [INF] Request starting HTTP/1.1 GET http://localhost:5002/Login - null null
2024-10-29 16:45:30.519 +01:00 [INF] Executing endpoint 'Ahmadside.Controllers.LoginController.Index (Ahmadside)'
2024-10-29 16:45:30.519 +01:00 [INF] Route matched with {action = "Index", controller = "Login"}. Executing controller action with signature Microsoft.AspNetCore.Mvc.IActionResult Index() on controller Ahmadside.Controllers.LoginController (Ahmadside).
2024-10-29 16:45:30.521 +01:00 [INF] Executed DbCommand (0ms) [Parameters=[], CommandType='"Text"', CommandTimeout='30']
SELECT COUNT(*) FROM "sqlite_master" WHERE "type" = 'table' AND "rootpage" IS NOT NULL;
2024-10-29 16:45:30.521 +01:00 [INF] Executing ViewResult, running view Index.
2024-10-29 16:45:30.524 +01:00 [INF] Executed ViewResult - view Index executed in 3.2198ms.
2024-10-29 16:45:30.525 +01:00 [INF] Executed action Ahmadside.Controllers.LoginController.Index (Ahmadside) in 5.1146ms
2024-10-29 16:45:30.525 +01:00 [INF] Executed endpoint 'Ahmadside.Controllers.LoginController.Index (Ahmadside)'
2024-10-29 16:45:30.525 +01:00 [INF] Request finished HTTP/1.1 GET http://localhost:5002/Login - 200 null text/html; charset=utf-8 5.7277ms
2024-10-29 16:45:32.075 +01:00 [INF] Request starting HTTP/1.1 POST http://localhost:5002/Login - application/x-www-form-urlencoded 199
2024-10-29 16:45:32.076 +01:00 [INF] Executing endpoint 'Ahmadside.Controllers.LoginController.Index (Ahmadside)'
2024-10-29 16:45:32.076 +01:00 [INF] Route matched with {action = "Index", controller = "Login"}. Executing controller action with signature Microsoft.AspNetCore.Mvc.IActionResult Index(Ahmadside.Models.LoginModel) on controller Ahmadside.Controllers.LoginController (Ahmadside).
2024-10-29 16:45:32.077 +01:00 [INF] Executed DbCommand (0ms) [Parameters=[], CommandType='"Text"', CommandTimeout='30']
SELECT COUNT(*) FROM "sqlite_master" WHERE "type" = 'table' AND "rootpage" IS NOT NULL;
2024-10-29 16:45:32.078 +01:00 [INF] Executing ViewResult, running view Index.
2024-10-29 16:45:32.081 +01:00 [INF] Executed ViewResult - view Index executed in 3.3939ms.
2024-10-29 16:45:32.081 +01:00 [INF] Executed action Ahmadside.Controllers.LoginController.Index (Ahmadside) in 5.5327ms
2024-10-29 16:45:32.081 +01:00 [INF] Executed endpoint 'Ahmadside.Controllers.LoginController.Index (Ahmadside)'
2024-10-29 16:45:32.082 +01:00 [INF] Request finished HTTP/1.1 POST http://localhost:5002/Login - 200 null text/html; charset=utf-8 6.0967ms
2024-10-29 16:45:33.903 +01:00 [INF] Request starting HTTP/1.1 POST http://localhost:5002/Login - application/x-www-form-urlencoded 225
2024-10-29 16:45:33.903 +01:00 [INF] Executing endpoint 'Ahmadside.Controllers.LoginController.Index (Ahmadside)'
2024-10-29 16:45:33.903 +01:00 [INF] Route matched with {action = "Index", controller = "Login"}. Executing controller action with signature Microsoft.AspNetCore.Mvc.IActionResult Index(Ahmadside.Models.LoginModel) on controller Ahmadside.Controllers.LoginController (Ahmadside).
2024-10-29 16:45:33.905 +01:00 [INF] Executed DbCommand (0ms) [Parameters=[], CommandType='"Text"', CommandTimeout='30']
SELECT COUNT(*) FROM "sqlite_master" WHERE "type" = 'table' AND "rootpage" IS NOT NULL;
2024-10-29 16:45:33.906 +01:00 [INF] Executing ViewResult, running view Index.
2024-10-29 16:45:33.909 +01:00 [INF] Executed ViewResult - view Index executed in 2.6706ms.
2024-10-29 16:45:33.909 +01:00 [INF] Executed action Ahmadside.Controllers.LoginController.Index (Ahmadside) in 5.2174ms
2024-10-29 16:45:33.909 +01:00 [INF] Executed endpoint 'Ahmadside.Controllers.LoginController.Index (Ahmadside)'
2024-10-29 16:45:33.909 +01:00 [INF] Request finished HTTP/1.1 POST http://localhost:5002/Login - 200 null text/html; charset=utf-8 5.757ms
2024-10-29 16:45:36.926 +01:00 [INF] Request starting HTTP/1.1 POST http://localhost:5002/Login - application/x-www-form-urlencoded 233
2024-10-29 16:45:36.926 +01:00 [INF] Executing endpoint 'Ahmadside.Controllers.LoginController.Index (Ahmadside)'
2024-10-29 16:45:36.926 +01:00 [INF] Route matched with {action = "Index", controller = "Login"}. Executing controller action with signature Microsoft.AspNetCore.Mvc.IActionResult Index(Ahmadside.Models.LoginModel) on controller Ahmadside.Controllers.LoginController (Ahmadside).
2024-10-29 16:45:36.929 +01:00 [INF] Executed DbCommand (0ms) [Parameters=[], CommandType='"Text"', CommandTimeout='30']
SELECT COUNT(*) FROM "sqlite_master" WHERE "type" = 'table' AND "rootpage" IS NOT NULL;
2024-10-29 16:45:36.930 +01:00 [INF] Executed DbCommand (0ms) [Parameters=[@__Email_0='?' (Size = 24)], CommandType='"Text"', CommandTimeout='30']
SELECT EXISTS (
    SELECT 1
    FROM "Users" AS "u"
    WHERE "u"."Email" = @__Email_0)
2024-10-29 16:45:36.931 +01:00 [INF] Executed DbCommand (0ms) [Parameters=[@__Password_0='?' (Size = 8)], CommandType='"Text"', CommandTimeout='30']
SELECT EXISTS (
    SELECT 1
    FROM "Users" AS "u"
    WHERE "u"."Password" = @__Password_0)
2024-10-29 16:45:36.932 +01:00 [INF] Executing ViewResult, running view Index.
2024-10-29 16:45:36.933 +01:00 [INF] Executed ViewResult - view Index executed in 1.3673ms.
2024-10-29 16:45:36.933 +01:00 [INF] Executed action Ahmadside.Controllers.LoginController.Index (Ahmadside) in 6.634ms
2024-10-29 16:45:36.933 +01:00 [INF] Executed endpoint 'Ahmadside.Controllers.LoginController.Index (Ahmadside)'
2024-10-29 16:45:36.933 +01:00 [INF] Request finished HTTP/1.1 POST http://localhost:5002/Login - 200 null text/html; charset=utf-8 7.1119ms
2024-10-29 16:45:43.479 +01:00 [INF] Request starting HTTP/1.1 POST http://localhost:5002/Login - application/x-www-form-urlencoded 232
2024-10-29 16:45:43.479 +01:00 [INF] Executing endpoint 'Ahmadside.Controllers.LoginController.Index (Ahmadside)'
2024-10-29 16:45:43.479 +01:00 [INF] Route matched with {action = "Index", controller = "Login"}. Executing controller action with signature Microsoft.AspNetCore.Mvc.IActionResult Index(Ahmadside.Models.LoginModel) on controller Ahmadside.Controllers.LoginController (Ahmadside).
2024-10-29 16:45:43.481 +01:00 [INF] Executed DbCommand (0ms) [Parameters=[], CommandType='"Text"', CommandTimeout='30']
SELECT COUNT(*) FROM "sqlite_master" WHERE "type" = 'table' AND "rootpage" IS NOT NULL;
2024-10-29 16:45:43.482 +01:00 [INF] Executed DbCommand (0ms) [Parameters=[@__Email_0='?' (Size = 24)], CommandType='"Text"', CommandTimeout='30']
SELECT EXISTS (
    SELECT 1
    FROM "Users" AS "u"
    WHERE "u"."Email" = @__Email_0)
2024-10-29 16:45:43.483 +01:00 [INF] Executed DbCommand (0ms) [Parameters=[@__Password_0='?' (Size = 7)], CommandType='"Text"', CommandTimeout='30']
SELECT EXISTS (
    SELECT 1
    FROM "Users" AS "u"
    WHERE "u"."Password" = @__Password_0)
2024-10-29 16:45:43.484 +01:00 [INF] Executing ViewResult, running view Index.
2024-10-29 16:45:43.485 +01:00 [INF] Executed ViewResult - view Index executed in 1.1204ms.
2024-10-29 16:45:43.485 +01:00 [INF] Executed action Ahmadside.Controllers.LoginController.Index (Ahmadside) in 6.1978ms
2024-10-29 16:45:43.485 +01:00 [INF] Executed endpoint 'Ahmadside.Controllers.LoginController.Index (Ahmadside)'
2024-10-29 16:45:43.485 +01:00 [INF] Request finished HTTP/1.1 POST http://localhost:5002/Login - 200 null text/html; charset=utf-8 6.7119ms
2024-10-29 16:45:48.945 +01:00 [INF] Request starting HTTP/1.1 POST http://localhost:5002/Login - application/x-www-form-urlencoded 233
2024-10-29 16:45:48.945 +01:00 [INF] Executing endpoint 'Ahmadside.Controllers.LoginController.Index (Ahmadside)'
2024-10-29 16:45:48.945 +01:00 [INF] Route matched with {action = "Index", controller = "Login"}. Executing controller action with signature Microsoft.AspNetCore.Mvc.IActionResult Index(Ahmadside.Models.LoginModel) on controller Ahmadside.Controllers.LoginController (Ahmadside).
2024-10-29 16:45:48.947 +01:00 [INF] Executed DbCommand (0ms) [Parameters=[], CommandType='"Text"', CommandTimeout='30']
SELECT COUNT(*) FROM "sqlite_master" WHERE "type" = 'table' AND "rootpage" IS NOT NULL;
2024-10-29 16:45:48.949 +01:00 [INF] Executed DbCommand (0ms) [Parameters=[@__Email_0='?' (Size = 24)], CommandType='"Text"', CommandTimeout='30']
SELECT EXISTS (
    SELECT 1
    FROM "Users" AS "u"
    WHERE "u"."Email" = @__Email_0)
2024-10-29 16:45:48.950 +01:00 [INF] Executed DbCommand (0ms) [Parameters=[@__Password_0='?' (Size = 8)], CommandType='"Text"', CommandTimeout='30']
SELECT EXISTS (
    SELECT 1
    FROM "Users" AS "u"
    WHERE "u"."Password" = @__Password_0)
2024-10-29 16:45:48.950 +01:00 [INF] Executing ViewResult, running view Index.
2024-10-29 16:45:48.952 +01:00 [INF] Executed ViewResult - view Index executed in 1.4228ms.
2024-10-29 16:45:48.952 +01:00 [INF] Executed action Ahmadside.Controllers.LoginController.Index (Ahmadside) in 6.3151ms
2024-10-29 16:45:48.952 +01:00 [INF] Executed endpoint 'Ahmadside.Controllers.LoginController.Index (Ahmadside)'
2024-10-29 16:45:48.952 +01:00 [INF] Request finished HTTP/1.1 POST http://localhost:5002/Login - 200 null text/html; charset=utf-8 6.7957ms
2024-10-29 16:45:52.040 +01:00 [INF] Request starting HTTP/1.1 POST http://localhost:5002/Login - application/x-www-form-urlencoded 227
2024-10-29 16:45:52.040 +01:00 [INF] Executing endpoint 'Ahmadside.Controllers.LoginController.Index (Ahmadside)'
2024-10-29 16:45:52.040 +01:00 [INF] Route matched with {action = "Index", controller = "Login"}. Executing controller action with signature Microsoft.AspNetCore.Mvc.IActionResult Index(Ahmadside.Models.LoginModel) on controller Ahmadside.Controllers.LoginController (Ahmadside).
2024-10-29 16:45:52.042 +01:00 [INF] Executed DbCommand (0ms) [Parameters=[], CommandType='"Text"', CommandTimeout='30']
SELECT COUNT(*) FROM "sqlite_master" WHERE "type" = 'table' AND "rootpage" IS NOT NULL;
2024-10-29 16:45:52.043 +01:00 [INF] Executed DbCommand (0ms) [Parameters=[@__Email_0='?' (Size = 24)], CommandType='"Text"', CommandTimeout='30']
SELECT EXISTS (
    SELECT 1
    FROM "Users" AS "u"
    WHERE "u"."Email" = @__Email_0)
2024-10-29 16:45:52.043 +01:00 [INF] Executed DbCommand (0ms) [Parameters=[@__Password_0='?' (Size = 2)], CommandType='"Text"', CommandTimeout='30']
SELECT EXISTS (
    SELECT 1
    FROM "Users" AS "u"
    WHERE "u"."Password" = @__Password_0)
2024-10-29 16:45:52.044 +01:00 [INF] Executing ViewResult, running view Index.
2024-10-29 16:45:52.045 +01:00 [INF] Executed ViewResult - view Index executed in 1.2992ms.
2024-10-29 16:45:52.045 +01:00 [INF] Executed action Ahmadside.Controllers.LoginController.Index (Ahmadside) in 4.6976ms
2024-10-29 16:45:52.045 +01:00 [INF] Executed endpoint 'Ahmadside.Controllers.LoginController.Index (Ahmadside)'
2024-10-29 16:45:52.045 +01:00 [INF] Request finished HTTP/1.1 POST http://localhost:5002/Login - 200 null text/html; charset=utf-8 5.18ms
2024-10-29 16:46:11.924 +01:00 [INF] Request starting HTTP/1.1 GET http://localhost:5002/Login/Register - null null
2024-10-29 16:46:11.925 +01:00 [INF] Executing endpoint 'Ahmadside.Controllers.LoginController.Register (Ahmadside)'
2024-10-29 16:46:11.926 +01:00 [INF] Route matched with {action = "Register", controller = "Login"}. Executing controller action with signature Microsoft.AspNetCore.Mvc.IActionResult Register() on controller Ahmadside.Controllers.LoginController (Ahmadside).
2024-10-29 16:46:11.928 +01:00 [INF] Executed DbCommand (0ms) [Parameters=[], CommandType='"Text"', CommandTimeout='30']
SELECT COUNT(*) FROM "sqlite_master" WHERE "type" = 'table' AND "rootpage" IS NOT NULL;
2024-10-29 16:46:11.929 +01:00 [INF] Executing ViewResult, running view Register.
2024-10-29 16:46:11.932 +01:00 [INF] Executed ViewResult - view Register executed in 3.1469ms.
2024-10-29 16:46:11.932 +01:00 [INF] Executed action Ahmadside.Controllers.LoginController.Register (Ahmadside) in 6.0199ms
2024-10-29 16:46:11.932 +01:00 [INF] Executed endpoint 'Ahmadside.Controllers.LoginController.Register (Ahmadside)'
2024-10-29 16:46:11.932 +01:00 [INF] Request finished HTTP/1.1 GET http://localhost:5002/Login/Register - 200 null text/html; charset=utf-8 8.1464ms
2024-10-29 16:46:12.991 +01:00 [INF] Request starting HTTP/1.1 POST http://localhost:5002/Login/Register - application/x-www-form-urlencoded 247
2024-10-29 16:46:12.992 +01:00 [INF] Executing endpoint 'Ahmadside.Controllers.LoginController.Register (Ahmadside)'
2024-10-29 16:46:12.998 +01:00 [INF] Route matched with {action = "Register", controller = "Login"}. Executing controller action with signature Microsoft.AspNetCore.Mvc.IActionResult Register(Ahmadside.Models.User) on controller Ahmadside.Controllers.LoginController (Ahmadside).
2024-10-29 16:46:13.000 +01:00 [INF] Executed DbCommand (0ms) [Parameters=[], CommandType='"Text"', CommandTimeout='30']
SELECT COUNT(*) FROM "sqlite_master" WHERE "type" = 'table' AND "rootpage" IS NOT NULL;
2024-10-29 16:46:13.004 +01:00 [INF] Executing ViewResult, running view Register.
2024-10-29 16:46:13.009 +01:00 [INF] Executed ViewResult - view Register executed in 4.6137ms.
2024-10-29 16:46:13.009 +01:00 [INF] Executed action Ahmadside.Controllers.LoginController.Register (Ahmadside) in 10.9405ms
2024-10-29 16:46:13.009 +01:00 [INF] Executed endpoint 'Ahmadside.Controllers.LoginController.Register (Ahmadside)'
2024-10-29 16:46:13.009 +01:00 [INF] Request finished HTTP/1.1 POST http://localhost:5002/Login/Register - 200 null text/html; charset=utf-8 17.5709ms
2024-10-29 16:46:39.309 +01:00 [INF] Request starting HTTP/1.1 POST http://localhost:5002/Login/Register - application/x-www-form-urlencoded 302
2024-10-29 16:46:39.309 +01:00 [INF] Executing endpoint 'Ahmadside.Controllers.LoginController.Register (Ahmadside)'
2024-10-29 16:46:39.309 +01:00 [INF] Route matched with {action = "Register", controller = "Login"}. Executing controller action with signature Microsoft.AspNetCore.Mvc.IActionResult Register(Ahmadside.Models.User) on controller Ahmadside.Controllers.LoginController (Ahmadside).
2024-10-29 16:46:39.311 +01:00 [INF] Executed DbCommand (0ms) [Parameters=[], CommandType='"Text"', CommandTimeout='30']
SELECT COUNT(*) FROM "sqlite_master" WHERE "type" = 'table' AND "rootpage" IS NOT NULL;
2024-10-29 16:46:39.313 +01:00 [INF] Executing ViewResult, running view Register.
2024-10-29 16:46:39.316 +01:00 [INF] Executed ViewResult - view Register executed in 3.1778ms.
2024-10-29 16:46:39.316 +01:00 [INF] Executed action Ahmadside.Controllers.LoginController.Register (Ahmadside) in 6.4133ms
2024-10-29 16:46:39.316 +01:00 [INF] Executed endpoint 'Ahmadside.Controllers.LoginController.Register (Ahmadside)'
2024-10-29 16:46:39.317 +01:00 [INF] Request finished HTTP/1.1 POST http://localhost:5002/Login/Register - 200 null text/html; charset=utf-8 7.8881ms
2024-10-29 16:46:45.584 +01:00 [INF] Request starting HTTP/1.1 POST http://localhost:5002/Login/Register - application/x-www-form-urlencoded 296
2024-10-29 16:46:45.585 +01:00 [INF] Executing endpoint 'Ahmadside.Controllers.LoginController.Register (Ahmadside)'
2024-10-29 16:46:45.585 +01:00 [INF] Route matched with {action = "Register", controller = "Login"}. Executing controller action with signature Microsoft.AspNetCore.Mvc.IActionResult Register(Ahmadside.Models.User) on controller Ahmadside.Controllers.LoginController (Ahmadside).
2024-10-29 16:46:45.586 +01:00 [INF] Executed DbCommand (0ms) [Parameters=[], CommandType='"Text"', CommandTimeout='30']
SELECT COUNT(*) FROM "sqlite_master" WHERE "type" = 'table' AND "rootpage" IS NOT NULL;
2024-10-29 16:46:45.587 +01:00 [INF] Executing ViewResult, running view Register.
2024-10-29 16:46:45.589 +01:00 [INF] Executed ViewResult - view Register executed in 1.9107ms.
2024-10-29 16:46:45.589 +01:00 [INF] Executed action Ahmadside.Controllers.LoginController.Register (Ahmadside) in 4.5917ms
2024-10-29 16:46:45.589 +01:00 [INF] Executed endpoint 'Ahmadside.Controllers.LoginController.Register (Ahmadside)'
2024-10-29 16:46:45.589 +01:00 [INF] Request finished HTTP/1.1 POST http://localhost:5002/Login/Register - 200 null text/html; charset=utf-8 5.1374ms
2024-10-29 16:46:49.357 +01:00 [INF] Request starting HTTP/1.1 POST http://localhost:5002/Login/Register - application/x-www-form-urlencoded 303
2024-10-29 16:46:49.357 +01:00 [INF] Executing endpoint 'Ahmadside.Controllers.LoginController.Register (Ahmadside)'
2024-10-29 16:46:49.357 +01:00 [INF] Route matched with {action = "Register", controller = "Login"}. Executing controller action with signature Microsoft.AspNetCore.Mvc.IActionResult Register(Ahmadside.Models.User) on controller Ahmadside.Controllers.LoginController (Ahmadside).
2024-10-29 16:46:49.358 +01:00 [INF] Executed DbCommand (0ms) [Parameters=[], CommandType='"Text"', CommandTimeout='30']
SELECT COUNT(*) FROM "sqlite_master" WHERE "type" = 'table' AND "rootpage" IS NOT NULL;
2024-10-29 16:46:49.362 +01:00 [INF] Executed DbCommand (0ms) [Parameters=[@__Username_0='?' (Size = 8)], CommandType='"Text"', CommandTimeout='30']
SELECT EXISTS (
    SELECT 1
    FROM "Users" AS "u"
    WHERE "u"."Username" = @__Username_0)
2024-10-29 16:46:49.362 +01:00 [INF] Executed DbCommand (0ms) [Parameters=[@__Email_0='?' (Size = 18)], CommandType='"Text"', CommandTimeout='30']
SELECT EXISTS (
    SELECT 1
    FROM "Users" AS "u"
    WHERE "u"."Email" = @__Email_0)
2024-10-29 16:46:49.535 +01:00 [INF] Executed DbCommand (1ms) [Parameters=[@p0='?' (Size = 7), @p1='?' (DbType = DateTime), @p2='?' (Size = 18), @p3='?' (Size = 14), @p4='?' (Size = 7), @p5='?', @p6='?' (Size = 19), @p7='?' (Size = 8)], CommandType='"Text"', CommandTimeout='30']
INSERT INTO "Users" ("Aftername", "Date_Started", "Email", "Firstname", "Password", "Phone", "ProfilePicture", "Username")
VALUES (@p0, @p1, @p2, @p3, @p4, @p5, @p6, @p7)
RETURNING "IdUser";
2024-10-29 16:46:49.565 +01:00 [INF] Executing ViewResult, running view Register.
2024-10-29 16:46:49.566 +01:00 [INF] Executed ViewResult - view Register executed in 1.1707ms.
2024-10-29 16:46:49.566 +01:00 [INF] Executed action Ahmadside.Controllers.LoginController.Register (Ahmadside) in 209.1986ms
2024-10-29 16:46:49.566 +01:00 [INF] Executed endpoint 'Ahmadside.Controllers.LoginController.Register (Ahmadside)'
2024-10-29 16:46:49.566 +01:00 [INF] Request finished HTTP/1.1 POST http://localhost:5002/Login/Register - 200 null text/html; charset=utf-8 209.6514ms
2024-10-29 16:46:55.275 +01:00 [INF] Request starting HTTP/1.1 POST http://localhost:5002/Login/Register - application/x-www-form-urlencoded 299
2024-10-29 16:46:55.275 +01:00 [INF] Executing endpoint 'Ahmadside.Controllers.LoginController.Register (Ahmadside)'
2024-10-29 16:46:55.275 +01:00 [INF] Route matched with {action = "Register", controller = "Login"}. Executing controller action with signature Microsoft.AspNetCore.Mvc.IActionResult Register(Ahmadside.Models.User) on controller Ahmadside.Controllers.LoginController (Ahmadside).
2024-10-29 16:46:55.276 +01:00 [INF] Executed DbCommand (0ms) [Parameters=[], CommandType='"Text"', CommandTimeout='30']
SELECT COUNT(*) FROM "sqlite_master" WHERE "type" = 'table' AND "rootpage" IS NOT NULL;
2024-10-29 16:46:55.278 +01:00 [INF] Executed DbCommand (0ms) [Parameters=[@__Username_0='?' (Size = 8)], CommandType='"Text"', CommandTimeout='30']
SELECT EXISTS (
    SELECT 1
    FROM "Users" AS "u"
    WHERE "u"."Username" = @__Username_0)
2024-10-29 16:46:55.278 +01:00 [INF] Executed DbCommand (0ms) [Parameters=[@__Email_0='?' (Size = 18)], CommandType='"Text"', CommandTimeout='30']
SELECT EXISTS (
    SELECT 1
    FROM "Users" AS "u"
    WHERE "u"."Email" = @__Email_0)
2024-10-29 16:46:55.279 +01:00 [INF] Executing ViewResult, running view Register.
2024-10-29 16:46:55.281 +01:00 [INF] Executed ViewResult - view Register executed in 1.9443ms.
2024-10-29 16:46:55.281 +01:00 [INF] Executed action Ahmadside.Controllers.LoginController.Register (Ahmadside) in 6.2241ms
2024-10-29 16:46:55.281 +01:00 [INF] Executed endpoint 'Ahmadside.Controllers.LoginController.Register (Ahmadside)'
2024-10-29 16:46:55.282 +01:00 [INF] Request finished HTTP/1.1 POST http://localhost:5002/Login/Register - 200 null text/html; charset=utf-8 6.9711ms
2024-10-29 16:47:20.294 +01:00 [INF] Request starting HTTP/1.1 GET http://localhost:5002/Login/Register - null null
2024-10-29 16:47:20.294 +01:00 [INF] Executing endpoint 'Ahmadside.Controllers.LoginController.Register (Ahmadside)'
2024-10-29 16:47:20.294 +01:00 [INF] Route matched with {action = "Register", controller = "Login"}. Executing controller action with signature Microsoft.AspNetCore.Mvc.IActionResult Register() on controller Ahmadside.Controllers.LoginController (Ahmadside).
2024-10-29 16:47:20.295 +01:00 [INF] Executed DbCommand (0ms) [Parameters=[], CommandType='"Text"', CommandTimeout='30']
SELECT COUNT(*) FROM "sqlite_master" WHERE "type" = 'table' AND "rootpage" IS NOT NULL;
2024-10-29 16:47:20.296 +01:00 [INF] Executing ViewResult, running view Register.
2024-10-29 16:47:20.297 +01:00 [INF] Executed ViewResult - view Register executed in 1.3112ms.
2024-10-29 16:47:20.297 +01:00 [INF] Executed action Ahmadside.Controllers.LoginController.Register (Ahmadside) in 3.0382ms
2024-10-29 16:47:20.297 +01:00 [INF] Executed endpoint 'Ahmadside.Controllers.LoginController.Register (Ahmadside)'
2024-10-29 16:47:20.297 +01:00 [INF] Request finished HTTP/1.1 GET http://localhost:5002/Login/Register - 200 null text/html; charset=utf-8 3.6017ms
2024-10-29 16:47:20.309 +01:00 [INF] Request starting HTTP/1.1 GET http://localhost:5002/css/site.css?v=44k-UzWKxkaI1ifvEusB9sIUloONkmHrOID1Ls2hXQY - null null
2024-10-29 16:47:20.309 +01:00 [INF] The file /css/site.css was not modified
2024-10-29 16:47:20.310 +01:00 [INF] Request finished HTTP/1.1 GET http://localhost:5002/css/site.css?v=44k-UzWKxkaI1ifvEusB9sIUloONkmHrOID1Ls2hXQY - 304 null text/css 0.6403ms
2024-10-29 16:47:22.140 +01:00 [INF] Request starting HTTP/1.1 GET http://localhost:5002/Login - null null
2024-10-29 16:47:22.140 +01:00 [INF] Executing endpoint 'Ahmadside.Controllers.LoginController.Index (Ahmadside)'
2024-10-29 16:47:22.140 +01:00 [INF] Route matched with {action = "Index", controller = "Login"}. Executing controller action with signature Microsoft.AspNetCore.Mvc.IActionResult Index() on controller Ahmadside.Controllers.LoginController (Ahmadside).
2024-10-29 16:47:22.142 +01:00 [INF] Executed DbCommand (0ms) [Parameters=[], CommandType='"Text"', CommandTimeout='30']
SELECT COUNT(*) FROM "sqlite_master" WHERE "type" = 'table' AND "rootpage" IS NOT NULL;
2024-10-29 16:47:22.142 +01:00 [INF] Executing ViewResult, running view Index.
2024-10-29 16:47:22.144 +01:00 [INF] Executed ViewResult - view Index executed in 1.3451ms.
2024-10-29 16:47:22.144 +01:00 [INF] Executed action Ahmadside.Controllers.LoginController.Index (Ahmadside) in 3.3049ms
2024-10-29 16:47:22.144 +01:00 [INF] Executed endpoint 'Ahmadside.Controllers.LoginController.Index (Ahmadside)'
2024-10-29 16:47:22.145 +01:00 [INF] Request finished HTTP/1.1 GET http://localhost:5002/Login - 200 null text/html; charset=utf-8 4.4033ms
2024-10-29 16:47:27.217 +01:00 [INF] Request starting HTTP/1.1 POST http://localhost:5002/Login - application/x-www-form-urlencoded 226
2024-10-29 16:47:27.217 +01:00 [INF] Executing endpoint 'Ahmadside.Controllers.LoginController.Index (Ahmadside)'
2024-10-29 16:47:27.217 +01:00 [INF] Route matched with {action = "Index", controller = "Login"}. Executing controller action with signature Microsoft.AspNetCore.Mvc.IActionResult Index(Ahmadside.Models.LoginModel) on controller Ahmadside.Controllers.LoginController (Ahmadside).
2024-10-29 16:47:27.219 +01:00 [INF] Executed DbCommand (0ms) [Parameters=[], CommandType='"Text"', CommandTimeout='30']
SELECT COUNT(*) FROM "sqlite_master" WHERE "type" = 'table' AND "rootpage" IS NOT NULL;
2024-10-29 16:47:27.220 +01:00 [INF] Executed DbCommand (0ms) [Parameters=[@__Email_0='?' (Size = 18)], CommandType='"Text"', CommandTimeout='30']
SELECT EXISTS (
    SELECT 1
    FROM "Users" AS "u"
    WHERE "u"."Email" = @__Email_0)
2024-10-29 16:47:27.221 +01:00 [INF] Executed DbCommand (0ms) [Parameters=[@__Password_0='?' (Size = 7)], CommandType='"Text"', CommandTimeout='30']
SELECT EXISTS (
    SELECT 1
    FROM "Users" AS "u"
    WHERE "u"."Password" = @__Password_0)
2024-10-29 16:47:27.221 +01:00 [INF] Executing ViewResult, running view Index.
2024-10-29 16:47:27.222 +01:00 [INF] Executed ViewResult - view Index executed in 1.1598ms.
2024-10-29 16:47:27.223 +01:00 [INF] Executed action Ahmadside.Controllers.LoginController.Index (Ahmadside) in 5.0825ms
2024-10-29 16:47:27.223 +01:00 [INF] Executed endpoint 'Ahmadside.Controllers.LoginController.Index (Ahmadside)'
2024-10-29 16:47:27.223 +01:00 [INF] Request finished HTTP/1.1 POST http://localhost:5002/Login - 200 null text/html; charset=utf-8 5.5206ms
2024-10-29 16:47:34.540 +01:00 [INF] Request starting HTTP/1.1 GET http://localhost:5002/Login/Register - null null
2024-10-29 16:47:34.540 +01:00 [INF] Executing endpoint 'Ahmadside.Controllers.LoginController.Register (Ahmadside)'
2024-10-29 16:47:34.540 +01:00 [INF] Route matched with {action = "Register", controller = "Login"}. Executing controller action with signature Microsoft.AspNetCore.Mvc.IActionResult Register() on controller Ahmadside.Controllers.LoginController (Ahmadside).
2024-10-29 16:47:34.541 +01:00 [INF] Executed DbCommand (0ms) [Parameters=[], CommandType='"Text"', CommandTimeout='30']
SELECT COUNT(*) FROM "sqlite_master" WHERE "type" = 'table' AND "rootpage" IS NOT NULL;
2024-10-29 16:47:34.542 +01:00 [INF] Executing ViewResult, running view Register.
2024-10-29 16:47:34.544 +01:00 [INF] Executed ViewResult - view Register executed in 2.2356ms.
2024-10-29 16:47:34.544 +01:00 [INF] Executed action Ahmadside.Controllers.LoginController.Register (Ahmadside) in 4.3771ms
2024-10-29 16:47:34.544 +01:00 [INF] Executed endpoint 'Ahmadside.Controllers.LoginController.Register (Ahmadside)'
2024-10-29 16:47:34.545 +01:00 [INF] Request finished HTTP/1.1 GET http://localhost:5002/Login/Register - 200 null text/html; charset=utf-8 5.2076ms
2024-10-29 16:47:37.792 +01:00 [INF] Request starting HTTP/1.1 POST http://localhost:5002/Login/Register - application/x-www-form-urlencoded 303
2024-10-29 16:47:37.792 +01:00 [INF] Executing endpoint 'Ahmadside.Controllers.LoginController.Register (Ahmadside)'
2024-10-29 16:47:37.792 +01:00 [INF] Route matched with {action = "Register", controller = "Login"}. Executing controller action with signature Microsoft.AspNetCore.Mvc.IActionResult Register(Ahmadside.Models.User) on controller Ahmadside.Controllers.LoginController (Ahmadside).
2024-10-29 16:47:37.794 +01:00 [INF] Executed DbCommand (0ms) [Parameters=[], CommandType='"Text"', CommandTimeout='30']
SELECT COUNT(*) FROM "sqlite_master" WHERE "type" = 'table' AND "rootpage" IS NOT NULL;
2024-10-29 16:47:37.796 +01:00 [INF] Executed DbCommand (0ms) [Parameters=[@__Username_0='?' (Size = 8)], CommandType='"Text"', CommandTimeout='30']
SELECT EXISTS (
    SELECT 1
    FROM "Users" AS "u"
    WHERE "u"."Username" = @__Username_0)
2024-10-29 16:47:37.796 +01:00 [INF] Executed DbCommand (0ms) [Parameters=[@__Email_0='?' (Size = 18)], CommandType='"Text"', CommandTimeout='30']
SELECT EXISTS (
    SELECT 1
    FROM "Users" AS "u"
    WHERE "u"."Email" = @__Email_0)
2024-10-29 16:47:37.797 +01:00 [INF] Executing ViewResult, running view Register.
2024-10-29 16:47:37.799 +01:00 [INF] Executed ViewResult - view Register executed in 2.2011ms.
2024-10-29 16:47:37.799 +01:00 [INF] Executed action Ahmadside.Controllers.LoginController.Register (Ahmadside) in 6.7331ms
2024-10-29 16:47:37.799 +01:00 [INF] Executed endpoint 'Ahmadside.Controllers.LoginController.Register (Ahmadside)'
2024-10-29 16:47:37.799 +01:00 [INF] Request finished HTTP/1.1 POST http://localhost:5002/Login/Register - 200 null text/html; charset=utf-8 7.4855ms
2024-10-29 16:47:44.066 +01:00 [INF] Request starting HTTP/1.1 GET http://localhost:5002/Login/Register - null null
2024-10-29 16:47:44.066 +01:00 [INF] Executing endpoint 'Ahmadside.Controllers.LoginController.Register (Ahmadside)'
2024-10-29 16:47:44.066 +01:00 [INF] Route matched with {action = "Register", controller = "Login"}. Executing controller action with signature Microsoft.AspNetCore.Mvc.IActionResult Register() on controller Ahmadside.Controllers.LoginController (Ahmadside).
2024-10-29 16:47:44.067 +01:00 [INF] Executed DbCommand (0ms) [Parameters=[], CommandType='"Text"', CommandTimeout='30']
SELECT COUNT(*) FROM "sqlite_master" WHERE "type" = 'table' AND "rootpage" IS NOT NULL;
2024-10-29 16:47:44.067 +01:00 [INF] Executing ViewResult, running view Register.
2024-10-29 16:47:44.069 +01:00 [INF] Executed ViewResult - view Register executed in 1.9647ms.
2024-10-29 16:47:44.069 +01:00 [INF] Executed action Ahmadside.Controllers.LoginController.Register (Ahmadside) in 3.3204ms
2024-10-29 16:47:44.070 +01:00 [INF] Executed endpoint 'Ahmadside.Controllers.LoginController.Register (Ahmadside)'
2024-10-29 16:47:44.070 +01:00 [INF] Request finished HTTP/1.1 GET http://localhost:5002/Login/Register - 200 null text/html; charset=utf-8 3.7744ms
2024-10-29 16:47:46.041 +01:00 [INF] Request starting HTTP/1.1 POST http://localhost:5002/Login/Register - application/x-www-form-urlencoded 247
2024-10-29 16:47:46.042 +01:00 [INF] Executing endpoint 'Ahmadside.Controllers.LoginController.Register (Ahmadside)'
2024-10-29 16:47:46.042 +01:00 [INF] Route matched with {action = "Register", controller = "Login"}. Executing controller action with signature Microsoft.AspNetCore.Mvc.IActionResult Register(Ahmadside.Models.User) on controller Ahmadside.Controllers.LoginController (Ahmadside).
2024-10-29 16:47:46.043 +01:00 [INF] Executed DbCommand (0ms) [Parameters=[], CommandType='"Text"', CommandTimeout='30']
SELECT COUNT(*) FROM "sqlite_master" WHERE "type" = 'table' AND "rootpage" IS NOT NULL;
2024-10-29 16:47:46.044 +01:00 [INF] Executing ViewResult, running view Register.
2024-10-29 16:47:46.047 +01:00 [INF] Executed ViewResult - view Register executed in 2.595ms.
2024-10-29 16:47:46.047 +01:00 [INF] Executed action Ahmadside.Controllers.LoginController.Register (Ahmadside) in 4.861ms
2024-10-29 16:47:46.047 +01:00 [INF] Executed endpoint 'Ahmadside.Controllers.LoginController.Register (Ahmadside)'
2024-10-29 16:47:46.047 +01:00 [INF] Request finished HTTP/1.1 POST http://localhost:5002/Login/Register - 200 null text/html; charset=utf-8 5.529ms
2024-10-29 16:47:51.058 +01:00 [INF] Request starting HTTP/1.1 POST http://localhost:5002/Login/Register - application/x-www-form-urlencoded 247
2024-10-29 16:47:51.058 +01:00 [INF] Executing endpoint 'Ahmadside.Controllers.LoginController.Register (Ahmadside)'
2024-10-29 16:47:51.058 +01:00 [INF] Route matched with {action = "Register", controller = "Login"}. Executing controller action with signature Microsoft.AspNetCore.Mvc.IActionResult Register(Ahmadside.Models.User) on controller Ahmadside.Controllers.LoginController (Ahmadside).
2024-10-29 16:47:51.060 +01:00 [INF] Executed DbCommand (0ms) [Parameters=[], CommandType='"Text"', CommandTimeout='30']
SELECT COUNT(*) FROM "sqlite_master" WHERE "type" = 'table' AND "rootpage" IS NOT NULL;
2024-10-29 16:47:51.061 +01:00 [INF] Executing ViewResult, running view Register.
2024-10-29 16:47:51.064 +01:00 [INF] Executed ViewResult - view Register executed in 2.7685ms.
2024-10-29 16:47:51.064 +01:00 [INF] Executed action Ahmadside.Controllers.LoginController.Register (Ahmadside) in 5.52ms
2024-10-29 16:47:51.064 +01:00 [INF] Executed endpoint 'Ahmadside.Controllers.LoginController.Register (Ahmadside)'
2024-10-29 16:47:51.064 +01:00 [INF] Request finished HTTP/1.1 POST http://localhost:5002/Login/Register - 200 null text/html; charset=utf-8 6.1391ms
2024-10-29 16:47:52.122 +01:00 [INF] Request starting HTTP/1.1 GET http://localhost:5002/Login - null null
2024-10-29 16:47:52.123 +01:00 [INF] Executing endpoint 'Ahmadside.Controllers.LoginController.Index (Ahmadside)'
2024-10-29 16:47:52.123 +01:00 [INF] Route matched with {action = "Index", controller = "Login"}. Executing controller action with signature Microsoft.AspNetCore.Mvc.IActionResult Index() on controller Ahmadside.Controllers.LoginController (Ahmadside).
2024-10-29 16:47:52.124 +01:00 [INF] Executed DbCommand (0ms) [Parameters=[], CommandType='"Text"', CommandTimeout='30']
SELECT COUNT(*) FROM "sqlite_master" WHERE "type" = 'table' AND "rootpage" IS NOT NULL;
2024-10-29 16:47:52.124 +01:00 [INF] Executing ViewResult, running view Index.
2024-10-29 16:47:52.125 +01:00 [INF] Executed ViewResult - view Index executed in 1.234ms.
2024-10-29 16:47:52.126 +01:00 [INF] Executed action Ahmadside.Controllers.LoginController.Index (Ahmadside) in 2.7934ms
2024-10-29 16:47:52.126 +01:00 [INF] Executed endpoint 'Ahmadside.Controllers.LoginController.Index (Ahmadside)'
2024-10-29 16:47:52.126 +01:00 [INF] Request finished HTTP/1.1 GET http://localhost:5002/Login - 200 null text/html; charset=utf-8 3.3539ms
2024-10-29 16:47:53.072 +01:00 [INF] Request starting HTTP/1.1 GET http://localhost:5002/Login/Register - null null
2024-10-29 16:47:53.072 +01:00 [INF] Executing endpoint 'Ahmadside.Controllers.LoginController.Register (Ahmadside)'
2024-10-29 16:47:53.073 +01:00 [INF] Route matched with {action = "Register", controller = "Login"}. Executing controller action with signature Microsoft.AspNetCore.Mvc.IActionResult Register() on controller Ahmadside.Controllers.LoginController (Ahmadside).
2024-10-29 16:47:53.074 +01:00 [INF] Executed DbCommand (0ms) [Parameters=[], CommandType='"Text"', CommandTimeout='30']
SELECT COUNT(*) FROM "sqlite_master" WHERE "type" = 'table' AND "rootpage" IS NOT NULL;
2024-10-29 16:47:53.075 +01:00 [INF] Executing ViewResult, running view Register.
2024-10-29 16:47:53.077 +01:00 [INF] Executed ViewResult - view Register executed in 2.5395ms.
2024-10-29 16:47:53.077 +01:00 [INF] Executed action Ahmadside.Controllers.LoginController.Register (Ahmadside) in 4.5857ms
2024-10-29 16:47:53.077 +01:00 [INF] Executed endpoint 'Ahmadside.Controllers.LoginController.Register (Ahmadside)'
2024-10-29 16:47:53.078 +01:00 [INF] Request finished HTTP/1.1 GET http://localhost:5002/Login/Register - 200 null text/html; charset=utf-8 5.1959ms
2024-10-29 16:47:54.091 +01:00 [INF] Request starting HTTP/1.1 POST http://localhost:5002/Login/Register - application/x-www-form-urlencoded 247
2024-10-29 16:47:54.091 +01:00 [INF] Executing endpoint 'Ahmadside.Controllers.LoginController.Register (Ahmadside)'
2024-10-29 16:47:54.091 +01:00 [INF] Route matched with {action = "Register", controller = "Login"}. Executing controller action with signature Microsoft.AspNetCore.Mvc.IActionResult Register(Ahmadside.Models.User) on controller Ahmadside.Controllers.LoginController (Ahmadside).
2024-10-29 16:47:54.093 +01:00 [INF] Executed DbCommand (0ms) [Parameters=[], CommandType='"Text"', CommandTimeout='30']
SELECT COUNT(*) FROM "sqlite_master" WHERE "type" = 'table' AND "rootpage" IS NOT NULL;
2024-10-29 16:47:54.093 +01:00 [INF] Executing ViewResult, running view Register.
2024-10-29 16:47:54.097 +01:00 [INF] Executed ViewResult - view Register executed in 3.7185ms.
2024-10-29 16:47:54.097 +01:00 [INF] Executed action Ahmadside.Controllers.LoginController.Register (Ahmadside) in 5.8073ms
2024-10-29 16:47:54.097 +01:00 [INF] Executed endpoint 'Ahmadside.Controllers.LoginController.Register (Ahmadside)'
2024-10-29 16:47:54.097 +01:00 [INF] Request finished HTTP/1.1 POST http://localhost:5002/Login/Register - 200 null text/html; charset=utf-8 6.2619ms
2024-10-29 16:47:55.022 +01:00 [INF] Request starting HTTP/1.1 GET http://localhost:5002/Login/Register - null null
2024-10-29 16:47:55.022 +01:00 [INF] Executing endpoint 'Ahmadside.Controllers.LoginController.Register (Ahmadside)'
2024-10-29 16:47:55.022 +01:00 [INF] Route matched with {action = "Register", controller = "Login"}. Executing controller action with signature Microsoft.AspNetCore.Mvc.IActionResult Register() on controller Ahmadside.Controllers.LoginController (Ahmadside).
2024-10-29 16:47:55.024 +01:00 [INF] Executed DbCommand (0ms) [Parameters=[], CommandType='"Text"', CommandTimeout='30']
SELECT COUNT(*) FROM "sqlite_master" WHERE "type" = 'table' AND "rootpage" IS NOT NULL;
2024-10-29 16:47:55.024 +01:00 [INF] Executing ViewResult, running view Register.
2024-10-29 16:47:55.025 +01:00 [INF] Executed ViewResult - view Register executed in 1.3627ms.
2024-10-29 16:47:55.025 +01:00 [INF] Executed action Ahmadside.Controllers.LoginController.Register (Ahmadside) in 3.1013ms
2024-10-29 16:47:55.025 +01:00 [INF] Executed endpoint 'Ahmadside.Controllers.LoginController.Register (Ahmadside)'
2024-10-29 16:47:55.026 +01:00 [INF] Request finished HTTP/1.1 GET http://localhost:5002/Login/Register - 200 null text/html; charset=utf-8 3.6137ms
2024-10-29 16:47:55.671 +01:00 [INF] Request starting HTTP/1.1 GET http://localhost:5002/Login - null null
2024-10-29 16:47:55.671 +01:00 [INF] Executing endpoint 'Ahmadside.Controllers.LoginController.Index (Ahmadside)'
2024-10-29 16:47:55.672 +01:00 [INF] Route matched with {action = "Index", controller = "Login"}. Executing controller action with signature Microsoft.AspNetCore.Mvc.IActionResult Index() on controller Ahmadside.Controllers.LoginController (Ahmadside).
2024-10-29 16:47:55.673 +01:00 [INF] Executed DbCommand (0ms) [Parameters=[], CommandType='"Text"', CommandTimeout='30']
SELECT COUNT(*) FROM "sqlite_master" WHERE "type" = 'table' AND "rootpage" IS NOT NULL;
2024-10-29 16:47:55.673 +01:00 [INF] Executing ViewResult, running view Index.
2024-10-29 16:47:55.674 +01:00 [INF] Executed ViewResult - view Index executed in 0.8001ms.
2024-10-29 16:47:55.674 +01:00 [INF] Executed action Ahmadside.Controllers.LoginController.Index (Ahmadside) in 2.1577ms
2024-10-29 16:47:55.674 +01:00 [INF] Executed endpoint 'Ahmadside.Controllers.LoginController.Index (Ahmadside)'
2024-10-29 16:47:55.674 +01:00 [INF] Request finished HTTP/1.1 GET http://localhost:5002/Login - 200 null text/html; charset=utf-8 2.498ms
2024-10-29 16:47:56.440 +01:00 [INF] Request starting HTTP/1.1 POST http://localhost:5002/Login - application/x-www-form-urlencoded 199
2024-10-29 16:47:56.440 +01:00 [INF] Executing endpoint 'Ahmadside.Controllers.LoginController.Index (Ahmadside)'
2024-10-29 16:47:56.440 +01:00 [INF] Route matched with {action = "Index", controller = "Login"}. Executing controller action with signature Microsoft.AspNetCore.Mvc.IActionResult Index(Ahmadside.Models.LoginModel) on controller Ahmadside.Controllers.LoginController (Ahmadside).
2024-10-29 16:47:56.441 +01:00 [INF] Executed DbCommand (0ms) [Parameters=[], CommandType='"Text"', CommandTimeout='30']
SELECT COUNT(*) FROM "sqlite_master" WHERE "type" = 'table' AND "rootpage" IS NOT NULL;
2024-10-29 16:47:56.442 +01:00 [INF] Executing ViewResult, running view Index.
2024-10-29 16:47:56.443 +01:00 [INF] Executed ViewResult - view Index executed in 1.0737ms.
2024-10-29 16:47:56.443 +01:00 [INF] Executed action Ahmadside.Controllers.LoginController.Index (Ahmadside) in 2.6683ms
2024-10-29 16:47:56.443 +01:00 [INF] Executed endpoint 'Ahmadside.Controllers.LoginController.Index (Ahmadside)'
2024-10-29 16:47:56.443 +01:00 [INF] Request finished HTTP/1.1 POST http://localhost:5002/Login - 200 null text/html; charset=utf-8 3.1187ms
2024-10-29 16:48:00.971 +01:00 [INF] Request starting HTTP/1.1 GET http://localhost:5002/User/List - null null
2024-10-29 16:48:00.973 +01:00 [INF] Executing endpoint 'Ahmadside.Controllers.UserController.List (Ahmadside)'
2024-10-29 16:48:00.974 +01:00 [INF] Route matched with {action = "List", controller = "User"}. Executing controller action with signature Microsoft.AspNetCore.Mvc.IActionResult List() on controller Ahmadside.Controllers.UserController (Ahmadside).
2024-10-29 16:48:00.976 +01:00 [INF] Executed DbCommand (0ms) [Parameters=[], CommandType='"Text"', CommandTimeout='30']
SELECT COUNT(*) FROM "sqlite_master" WHERE "type" = 'table' AND "rootpage" IS NOT NULL;
2024-10-29 16:48:01.022 +01:00 [INF] Executed DbCommand (0ms) [Parameters=[], CommandType='"Text"', CommandTimeout='30']
SELECT "u"."IdUser", "u"."Aftername", "u"."Date_Started", "u"."Email", "u"."Firstname", "u"."Password", "u"."Phone", "u"."ProfilePicture", "u"."Username"
FROM "Users" AS "u"
2024-10-29 16:48:01.049 +01:00 [INF] Executing ViewResult, running view List.
2024-10-29 16:48:01.052 +01:00 [INF] Executed ViewResult - view List executed in 4.0683ms.
2024-10-29 16:48:01.052 +01:00 [INF] Executed action Ahmadside.Controllers.UserController.List (Ahmadside) in 77.5854ms
2024-10-29 16:48:01.052 +01:00 [INF] Executed endpoint 'Ahmadside.Controllers.UserController.List (Ahmadside)'
2024-10-29 16:48:01.052 +01:00 [INF] Request finished HTTP/1.1 GET http://localhost:5002/User/List - 200 null text/html; charset=utf-8 80.9442ms
2024-10-29 16:48:01.077 +01:00 [INF] Request starting HTTP/1.1 GET http://localhost:5002/images/ahmad.jpeg - null null
2024-10-29 16:48:01.078 +01:00 [INF] The file /images/ahmad.jpeg was not modified
2024-10-29 16:48:01.078 +01:00 [INF] Request finished HTTP/1.1 GET http://localhost:5002/images/ahmad.jpeg - 304 null image/jpeg 0.342ms
2024-10-29 16:48:01.079 +01:00 [INF] Request starting HTTP/1.1 GET http://localhost:5002/User/istanbul.jpeg - null null
2024-10-29 16:48:01.079 +01:00 [INF] Request starting HTTP/1.1 GET http://localhost:5002/images/profile.jpg - null null
2024-10-29 16:48:01.079 +01:00 [INF] The file /images/profile.jpg was not modified
2024-10-29 16:48:01.079 +01:00 [INF] Request finished HTTP/1.1 GET http://localhost:5002/images/profile.jpg - 304 null image/jpeg 0.3885ms
2024-10-29 16:48:01.081 +01:00 [INF] Request finished HTTP/1.1 GET http://localhost:5002/User/istanbul.jpeg - 404 0 null 2.1466ms
2024-10-29 16:48:01.084 +01:00 [INF] Request reached the end of the middleware pipeline without being handled by application code. Request path: GET http://localhost:5002/User/istanbul.jpeg, Response status code: 404
2024-10-29 16:48:48.439 +01:00 [INF] Request starting HTTP/1.1 GET http://localhost:5002/User/List - null null
2024-10-29 16:48:48.439 +01:00 [INF] Executing endpoint 'Ahmadside.Controllers.UserController.List (Ahmadside)'
2024-10-29 16:48:48.439 +01:00 [INF] Route matched with {action = "List", controller = "User"}. Executing controller action with signature Microsoft.AspNetCore.Mvc.IActionResult List() on controller Ahmadside.Controllers.UserController (Ahmadside).
2024-10-29 16:48:48.441 +01:00 [INF] Executed DbCommand (0ms) [Parameters=[], CommandType='"Text"', CommandTimeout='30']
SELECT COUNT(*) FROM "sqlite_master" WHERE "type" = 'table' AND "rootpage" IS NOT NULL;
2024-10-29 16:48:48.441 +01:00 [INF] Executed DbCommand (0ms) [Parameters=[], CommandType='"Text"', CommandTimeout='30']
SELECT "u"."IdUser", "u"."Aftername", "u"."Date_Started", "u"."Email", "u"."Firstname", "u"."Password", "u"."Phone", "u"."ProfilePicture", "u"."Username"
FROM "Users" AS "u"
2024-10-29 16:48:48.442 +01:00 [INF] Executing ViewResult, running view List.
2024-10-29 16:48:48.444 +01:00 [INF] Executed ViewResult - view List executed in 1.69ms.
2024-10-29 16:48:48.444 +01:00 [INF] Executed action Ahmadside.Controllers.UserController.List (Ahmadside) in 4.375ms
2024-10-29 16:48:48.444 +01:00 [INF] Executed endpoint 'Ahmadside.Controllers.UserController.List (Ahmadside)'
2024-10-29 16:48:48.444 +01:00 [INF] Request finished HTTP/1.1 GET http://localhost:5002/User/List - 200 null text/html; charset=utf-8 4.851ms
2024-10-29 16:48:48.455 +01:00 [INF] Request starting HTTP/1.1 GET http://localhost:5002/User/istanbul.jpeg - null null
2024-10-29 16:48:48.456 +01:00 [INF] Request finished HTTP/1.1 GET http://localhost:5002/User/istanbul.jpeg - 404 0 null 1.0876ms
2024-10-29 16:48:48.456 +01:00 [INF] Request reached the end of the middleware pipeline without being handled by application code. Request path: GET http://localhost:5002/User/istanbul.jpeg, Response status code: 404
2024-10-29 16:49:06.423 +01:00 [INF] Request starting HTTP/1.1 GET http://localhost:5002/Home/About - null null
2024-10-29 16:49:06.423 +01:00 [INF] Executing endpoint 'Ahmadside.Controllers.HomeController.About (Ahmadside)'
2024-10-29 16:49:06.425 +01:00 [INF] Route matched with {action = "About", controller = "Home"}. Executing controller action with signature Microsoft.AspNetCore.Mvc.IActionResult About() on controller Ahmadside.Controllers.HomeController (Ahmadside).
2024-10-29 16:49:06.426 +01:00 [INF] Executing ViewResult, running view About.
2024-10-29 16:49:06.431 +01:00 [INF] Executed ViewResult - view About executed in 5.638ms.
2024-10-29 16:49:06.431 +01:00 [INF] Executed action Ahmadside.Controllers.HomeController.About (Ahmadside) in 6.3187ms
2024-10-29 16:49:06.431 +01:00 [INF] Executed endpoint 'Ahmadside.Controllers.HomeController.About (Ahmadside)'
2024-10-29 16:49:06.431 +01:00 [INF] Request finished HTTP/1.1 GET http://localhost:5002/Home/About - 200 null text/html; charset=utf-8 8.5636ms
2024-10-29 16:49:07.287 +01:00 [INF] Request starting HTTP/1.1 GET http://localhost:5002/Login - null null
2024-10-29 16:49:07.288 +01:00 [INF] Executing endpoint 'Ahmadside.Controllers.LoginController.Index (Ahmadside)'
2024-10-29 16:49:07.288 +01:00 [INF] Route matched with {action = "Index", controller = "Login"}. Executing controller action with signature Microsoft.AspNetCore.Mvc.IActionResult Index() on controller Ahmadside.Controllers.LoginController (Ahmadside).
2024-10-29 16:49:07.289 +01:00 [INF] Executed DbCommand (0ms) [Parameters=[], CommandType='"Text"', CommandTimeout='30']
SELECT COUNT(*) FROM "sqlite_master" WHERE "type" = 'table' AND "rootpage" IS NOT NULL;
2024-10-29 16:49:07.289 +01:00 [INF] Executing ViewResult, running view Index.
2024-10-29 16:49:07.290 +01:00 [INF] Executed ViewResult - view Index executed in 0.9971ms.
2024-10-29 16:49:07.290 +01:00 [INF] Executed action Ahmadside.Controllers.LoginController.Index (Ahmadside) in 2.5231ms
2024-10-29 16:49:07.290 +01:00 [INF] Executed endpoint 'Ahmadside.Controllers.LoginController.Index (Ahmadside)'
2024-10-29 16:49:07.290 +01:00 [INF] Request finished HTTP/1.1 GET http://localhost:5002/Login - 200 null text/html; charset=utf-8 2.8533ms
2024-10-29 16:49:08.489 +01:00 [INF] Request starting HTTP/1.1 POST http://localhost:5002/Login - application/x-www-form-urlencoded 199
2024-10-29 16:49:08.489 +01:00 [INF] Executing endpoint 'Ahmadside.Controllers.LoginController.Index (Ahmadside)'
2024-10-29 16:49:08.489 +01:00 [INF] Route matched with {action = "Index", controller = "Login"}. Executing controller action with signature Microsoft.AspNetCore.Mvc.IActionResult Index(Ahmadside.Models.LoginModel) on controller Ahmadside.Controllers.LoginController (Ahmadside).
2024-10-29 16:49:08.490 +01:00 [INF] Executed DbCommand (0ms) [Parameters=[], CommandType='"Text"', CommandTimeout='30']
SELECT COUNT(*) FROM "sqlite_master" WHERE "type" = 'table' AND "rootpage" IS NOT NULL;
2024-10-29 16:49:08.491 +01:00 [INF] Executing ViewResult, running view Index.
2024-10-29 16:49:08.492 +01:00 [INF] Executed ViewResult - view Index executed in 1.5401ms.
2024-10-29 16:49:08.492 +01:00 [INF] Executed action Ahmadside.Controllers.LoginController.Index (Ahmadside) in 3.1424ms
2024-10-29 16:49:08.492 +01:00 [INF] Executed endpoint 'Ahmadside.Controllers.LoginController.Index (Ahmadside)'
2024-10-29 16:49:08.493 +01:00 [INF] Request finished HTTP/1.1 POST http://localhost:5002/Login - 200 null text/html; charset=utf-8 3.6524ms
2024-10-29 16:49:14.633 +01:00 [INF] Request starting HTTP/1.1 POST http://localhost:5002/Login - application/x-www-form-urlencoded 220
2024-10-29 16:49:14.633 +01:00 [INF] Executing endpoint 'Ahmadside.Controllers.LoginController.Index (Ahmadside)'
2024-10-29 16:49:14.634 +01:00 [INF] Route matched with {action = "Index", controller = "Login"}. Executing controller action with signature Microsoft.AspNetCore.Mvc.IActionResult Index(Ahmadside.Models.LoginModel) on controller Ahmadside.Controllers.LoginController (Ahmadside).
2024-10-29 16:49:14.635 +01:00 [INF] Executed DbCommand (0ms) [Parameters=[], CommandType='"Text"', CommandTimeout='30']
SELECT COUNT(*) FROM "sqlite_master" WHERE "type" = 'table' AND "rootpage" IS NOT NULL;
2024-10-29 16:49:14.636 +01:00 [INF] Executed DbCommand (0ms) [Parameters=[@__Email_0='?' (Size = 18)], CommandType='"Text"', CommandTimeout='30']
SELECT EXISTS (
    SELECT 1
    FROM "Users" AS "u"
    WHERE "u"."Email" = @__Email_0)
2024-10-29 16:49:14.636 +01:00 [INF] Executed DbCommand (0ms) [Parameters=[@__Password_0='?' (Size = 1)], CommandType='"Text"', CommandTimeout='30']
SELECT EXISTS (
    SELECT 1
    FROM "Users" AS "u"
    WHERE "u"."Password" = @__Password_0)
2024-10-29 16:49:14.637 +01:00 [INF] Executing ViewResult, running view Index.
2024-10-29 16:49:14.638 +01:00 [INF] Executed ViewResult - view Index executed in 1.0077ms.
2024-10-29 16:49:14.638 +01:00 [INF] Executed action Ahmadside.Controllers.LoginController.Index (Ahmadside) in 4.452ms
2024-10-29 16:49:14.638 +01:00 [INF] Executed endpoint 'Ahmadside.Controllers.LoginController.Index (Ahmadside)'
2024-10-29 16:49:14.638 +01:00 [INF] Request finished HTTP/1.1 POST http://localhost:5002/Login - 200 null text/html; charset=utf-8 4.8651ms
2024-10-29 16:49:18.543 +01:00 [INF] Request starting HTTP/1.1 POST http://localhost:5002/Login - application/x-www-form-urlencoded 226
2024-10-29 16:49:18.543 +01:00 [INF] Executing endpoint 'Ahmadside.Controllers.LoginController.Index (Ahmadside)'
2024-10-29 16:49:18.543 +01:00 [INF] Route matched with {action = "Index", controller = "Login"}. Executing controller action with signature Microsoft.AspNetCore.Mvc.IActionResult Index(Ahmadside.Models.LoginModel) on controller Ahmadside.Controllers.LoginController (Ahmadside).
2024-10-29 16:49:18.544 +01:00 [INF] Executed DbCommand (0ms) [Parameters=[], CommandType='"Text"', CommandTimeout='30']
SELECT COUNT(*) FROM "sqlite_master" WHERE "type" = 'table' AND "rootpage" IS NOT NULL;
2024-10-29 16:49:18.545 +01:00 [INF] Executed DbCommand (0ms) [Parameters=[@__Email_0='?' (Size = 18)], CommandType='"Text"', CommandTimeout='30']
SELECT EXISTS (
    SELECT 1
    FROM "Users" AS "u"
    WHERE "u"."Email" = @__Email_0)
2024-10-29 16:49:18.546 +01:00 [INF] Executed DbCommand (0ms) [Parameters=[@__Password_0='?' (Size = 7)], CommandType='"Text"', CommandTimeout='30']
SELECT EXISTS (
    SELECT 1
    FROM "Users" AS "u"
    WHERE "u"."Password" = @__Password_0)
2024-10-29 16:49:18.547 +01:00 [INF] Executing ViewResult, running view Index.
2024-10-29 16:49:18.547 +01:00 [INF] Executed ViewResult - view Index executed in 0.8873ms.
2024-10-29 16:49:18.547 +01:00 [INF] Executed action Ahmadside.Controllers.LoginController.Index (Ahmadside) in 4.2462ms
2024-10-29 16:49:18.548 +01:00 [INF] Executed endpoint 'Ahmadside.Controllers.LoginController.Index (Ahmadside)'
2024-10-29 16:49:18.548 +01:00 [INF] Request finished HTTP/1.1 POST http://localhost:5002/Login - 200 null text/html; charset=utf-8 4.6167ms
2024-10-29 17:24:48.132 +01:00 [INF] Request starting HTTP/1.1 GET http://localhost:5002/Login - null null
2024-10-29 17:24:48.136 +01:00 [INF] Executing endpoint 'Ahmadside.Controllers.LoginController.Index (Ahmadside)'
2024-10-29 17:24:48.137 +01:00 [INF] Route matched with {action = "Index", controller = "Login"}. Executing controller action with signature Microsoft.AspNetCore.Mvc.IActionResult Index() on controller Ahmadside.Controllers.LoginController (Ahmadside).
2024-10-29 17:24:48.151 +01:00 [INF] Executed DbCommand (11ms) [Parameters=[], CommandType='"Text"', CommandTimeout='30']
SELECT COUNT(*) FROM "sqlite_master" WHERE "type" = 'table' AND "rootpage" IS NOT NULL;
2024-10-29 17:24:48.155 +01:00 [INF] Executing ViewResult, running view Index.
2024-10-29 17:24:48.157 +01:00 [INF] Executed ViewResult - view Index executed in 5.6256ms.
2024-10-29 17:24:48.157 +01:00 [INF] Executed action Ahmadside.Controllers.LoginController.Index (Ahmadside) in 20.3357ms
2024-10-29 17:24:48.157 +01:00 [INF] Executed endpoint 'Ahmadside.Controllers.LoginController.Index (Ahmadside)'
2024-10-29 17:24:48.157 +01:00 [INF] Request finished HTTP/1.1 GET http://localhost:5002/Login - 200 null text/html; charset=utf-8 25.673ms
2024-10-29 17:24:48.171 +01:00 [INF] Request starting HTTP/1.1 GET http://localhost:5002/css/site.css?v=44k-UzWKxkaI1ifvEusB9sIUloONkmHrOID1Ls2hXQY - null null
2024-10-29 17:24:48.172 +01:00 [INF] The file /css/site.css was not modified
2024-10-29 17:24:48.172 +01:00 [INF] Request finished HTTP/1.1 GET http://localhost:5002/css/site.css?v=44k-UzWKxkaI1ifvEusB9sIUloONkmHrOID1Ls2hXQY - 304 null text/css 1.1619ms
2024-10-29 17:24:49.507 +01:00 [INF] Request starting HTTP/1.1 POST http://localhost:5002/Login - application/x-www-form-urlencoded 199
2024-10-29 17:24:49.508 +01:00 [INF] Executing endpoint 'Ahmadside.Controllers.LoginController.Index (Ahmadside)'
2024-10-29 17:24:49.508 +01:00 [INF] Route matched with {action = "Index", controller = "Login"}. Executing controller action with signature Microsoft.AspNetCore.Mvc.IActionResult Index(Ahmadside.Models.LoginModel) on controller Ahmadside.Controllers.LoginController (Ahmadside).
2024-10-29 17:24:49.509 +01:00 [INF] Executed DbCommand (0ms) [Parameters=[], CommandType='"Text"', CommandTimeout='30']
SELECT COUNT(*) FROM "sqlite_master" WHERE "type" = 'table' AND "rootpage" IS NOT NULL;
2024-10-29 17:24:49.510 +01:00 [INF] Executing ViewResult, running view Index.
2024-10-29 17:24:49.511 +01:00 [INF] Executed ViewResult - view Index executed in 1.3479ms.
2024-10-29 17:24:49.512 +01:00 [INF] Executed action Ahmadside.Controllers.LoginController.Index (Ahmadside) in 3.8326ms
2024-10-29 17:24:49.512 +01:00 [INF] Executed endpoint 'Ahmadside.Controllers.LoginController.Index (Ahmadside)'
2024-10-29 17:24:49.512 +01:00 [INF] Request finished HTTP/1.1 POST http://localhost:5002/Login - 200 null text/html; charset=utf-8 4.317ms
2024-10-29 17:24:50.290 +01:00 [INF] Request starting HTTP/1.1 GET http://localhost:5002/Login/Register - null null
2024-10-29 17:24:50.290 +01:00 [INF] Executing endpoint 'Ahmadside.Controllers.LoginController.Register (Ahmadside)'
2024-10-29 17:24:50.290 +01:00 [INF] Route matched with {action = "Register", controller = "Login"}. Executing controller action with signature Microsoft.AspNetCore.Mvc.IActionResult Register() on controller Ahmadside.Controllers.LoginController (Ahmadside).
2024-10-29 17:24:50.291 +01:00 [INF] Executed DbCommand (0ms) [Parameters=[], CommandType='"Text"', CommandTimeout='30']
SELECT COUNT(*) FROM "sqlite_master" WHERE "type" = 'table' AND "rootpage" IS NOT NULL;
2024-10-29 17:24:50.292 +01:00 [INF] Executing ViewResult, running view Register.
2024-10-29 17:24:50.294 +01:00 [INF] Executed ViewResult - view Register executed in 2.6515ms.
2024-10-29 17:24:50.294 +01:00 [INF] Executed action Ahmadside.Controllers.LoginController.Register (Ahmadside) in 4.2691ms
2024-10-29 17:24:50.294 +01:00 [INF] Executed endpoint 'Ahmadside.Controllers.LoginController.Register (Ahmadside)'
2024-10-29 17:24:50.294 +01:00 [INF] Request finished HTTP/1.1 GET http://localhost:5002/Login/Register - 200 null text/html; charset=utf-8 4.7178ms
2024-10-29 17:24:51.542 +01:00 [INF] Request starting HTTP/1.1 POST http://localhost:5002/Login/Register - application/x-www-form-urlencoded 247
2024-10-29 17:24:51.542 +01:00 [INF] Executing endpoint 'Ahmadside.Controllers.LoginController.Register (Ahmadside)'
2024-10-29 17:24:51.542 +01:00 [INF] Route matched with {action = "Register", controller = "Login"}. Executing controller action with signature Microsoft.AspNetCore.Mvc.IActionResult Register(Ahmadside.Models.User) on controller Ahmadside.Controllers.LoginController (Ahmadside).
2024-10-29 17:24:51.543 +01:00 [INF] Executed DbCommand (0ms) [Parameters=[], CommandType='"Text"', CommandTimeout='30']
SELECT COUNT(*) FROM "sqlite_master" WHERE "type" = 'table' AND "rootpage" IS NOT NULL;
2024-10-29 17:24:51.544 +01:00 [INF] Executing ViewResult, running view Register.
2024-10-29 17:24:51.545 +01:00 [INF] Executed ViewResult - view Register executed in 1.2629ms.
2024-10-29 17:24:51.545 +01:00 [INF] Executed action Ahmadside.Controllers.LoginController.Register (Ahmadside) in 3.0289ms
2024-10-29 17:24:51.545 +01:00 [INF] Executed endpoint 'Ahmadside.Controllers.LoginController.Register (Ahmadside)'
2024-10-29 17:24:51.545 +01:00 [INF] Request finished HTTP/1.1 POST http://localhost:5002/Login/Register - 200 null text/html; charset=utf-8 3.4805ms
2024-10-29 17:37:26.753 +01:00 [INF] Request starting HTTP/1.1 POST http://localhost:5002/Login/Register - application/x-www-form-urlencoded 247
2024-10-29 17:37:26.753 +01:00 [INF] Executing endpoint 'Ahmadside.Controllers.LoginController.Register (Ahmadside)'
2024-10-29 17:37:26.753 +01:00 [INF] Route matched with {action = "Register", controller = "Login"}. Executing controller action with signature Microsoft.AspNetCore.Mvc.IActionResult Register(Ahmadside.Models.User) on controller Ahmadside.Controllers.LoginController (Ahmadside).
2024-10-29 17:37:26.756 +01:00 [INF] Executed DbCommand (1ms) [Parameters=[], CommandType='"Text"', CommandTimeout='30']
SELECT COUNT(*) FROM "sqlite_master" WHERE "type" = 'table' AND "rootpage" IS NOT NULL;
2024-10-29 17:37:26.757 +01:00 [INF] Executing ViewResult, running view Register.
2024-10-29 17:37:26.761 +01:00 [INF] Executed ViewResult - view Register executed in 3.6978ms.
2024-10-29 17:37:26.761 +01:00 [INF] Executed action Ahmadside.Controllers.LoginController.Register (Ahmadside) in 7.3543ms
2024-10-29 17:37:26.761 +01:00 [INF] Executed endpoint 'Ahmadside.Controllers.LoginController.Register (Ahmadside)'
2024-10-29 17:37:26.761 +01:00 [INF] Request finished HTTP/1.1 POST http://localhost:5002/Login/Register - 200 null text/html; charset=utf-8 7.9179ms
2024-10-29 17:37:27.935 +01:00 [INF] Request starting HTTP/1.1 POST http://localhost:5002/Login/Register - application/x-www-form-urlencoded 247
2024-10-29 17:37:27.935 +01:00 [INF] Executing endpoint 'Ahmadside.Controllers.LoginController.Register (Ahmadside)'
2024-10-29 17:37:27.935 +01:00 [INF] Route matched with {action = "Register", controller = "Login"}. Executing controller action with signature Microsoft.AspNetCore.Mvc.IActionResult Register(Ahmadside.Models.User) on controller Ahmadside.Controllers.LoginController (Ahmadside).
2024-10-29 17:37:27.937 +01:00 [INF] Executed DbCommand (0ms) [Parameters=[], CommandType='"Text"', CommandTimeout='30']
SELECT COUNT(*) FROM "sqlite_master" WHERE "type" = 'table' AND "rootpage" IS NOT NULL;
2024-10-29 17:37:27.937 +01:00 [INF] Executing ViewResult, running view Register.
2024-10-29 17:37:27.938 +01:00 [INF] Executed ViewResult - view Register executed in 1.1425ms.
2024-10-29 17:37:27.939 +01:00 [INF] Executed action Ahmadside.Controllers.LoginController.Register (Ahmadside) in 3.1382ms
2024-10-29 17:37:27.939 +01:00 [INF] Executed endpoint 'Ahmadside.Controllers.LoginController.Register (Ahmadside)'
2024-10-29 17:37:27.939 +01:00 [INF] Request finished HTTP/1.1 POST http://localhost:5002/Login/Register - 200 null text/html; charset=utf-8 3.5471ms
2024-10-29 17:37:29.701 +01:00 [INF] Request starting HTTP/1.1 GET http://localhost:5002/Login - null null
2024-10-29 17:37:29.701 +01:00 [INF] Executing endpoint 'Ahmadside.Controllers.LoginController.Index (Ahmadside)'
2024-10-29 17:37:29.701 +01:00 [INF] Route matched with {action = "Index", controller = "Login"}. Executing controller action with signature Microsoft.AspNetCore.Mvc.IActionResult Index() on controller Ahmadside.Controllers.LoginController (Ahmadside).
2024-10-29 17:37:29.702 +01:00 [INF] Executed DbCommand (0ms) [Parameters=[], CommandType='"Text"', CommandTimeout='30']
SELECT COUNT(*) FROM "sqlite_master" WHERE "type" = 'table' AND "rootpage" IS NOT NULL;
2024-10-29 17:37:29.702 +01:00 [INF] Executing ViewResult, running view Index.
2024-10-29 17:37:29.704 +01:00 [INF] Executed ViewResult - view Index executed in 1.3619ms.
2024-10-29 17:37:29.704 +01:00 [INF] Executed action Ahmadside.Controllers.LoginController.Index (Ahmadside) in 2.9983ms
2024-10-29 17:37:29.704 +01:00 [INF] Executed endpoint 'Ahmadside.Controllers.LoginController.Index (Ahmadside)'
2024-10-29 17:37:29.704 +01:00 [INF] Request finished HTTP/1.1 GET http://localhost:5002/Login - 200 null text/html; charset=utf-8 3.3782ms
2024-10-29 17:37:31.402 +01:00 [INF] Request starting HTTP/1.1 GET http://localhost:5002/Login/Register - null null
2024-10-29 17:37:31.402 +01:00 [INF] Executing endpoint 'Ahmadside.Controllers.LoginController.Register (Ahmadside)'
2024-10-29 17:37:31.402 +01:00 [INF] Route matched with {action = "Register", controller = "Login"}. Executing controller action with signature Microsoft.AspNetCore.Mvc.IActionResult Register() on controller Ahmadside.Controllers.LoginController (Ahmadside).
2024-10-29 17:37:31.403 +01:00 [INF] Executed DbCommand (0ms) [Parameters=[], CommandType='"Text"', CommandTimeout='30']
SELECT COUNT(*) FROM "sqlite_master" WHERE "type" = 'table' AND "rootpage" IS NOT NULL;
2024-10-29 17:37:31.404 +01:00 [INF] Executing ViewResult, running view Register.
2024-10-29 17:37:31.405 +01:00 [INF] Executed ViewResult - view Register executed in 1.4898ms.
2024-10-29 17:37:31.405 +01:00 [INF] Executed action Ahmadside.Controllers.LoginController.Register (Ahmadside) in 2.8177ms
2024-10-29 17:37:31.405 +01:00 [INF] Executed endpoint 'Ahmadside.Controllers.LoginController.Register (Ahmadside)'
2024-10-29 17:37:31.405 +01:00 [INF] Request finished HTTP/1.1 GET http://localhost:5002/Login/Register - 200 null text/html; charset=utf-8 3.1893ms
2024-10-29 17:37:32.051 +01:00 [INF] Request starting HTTP/1.1 GET http://localhost:5002/Login - null null
2024-10-29 17:37:32.051 +01:00 [INF] Executing endpoint 'Ahmadside.Controllers.LoginController.Index (Ahmadside)'
2024-10-29 17:37:32.051 +01:00 [INF] Route matched with {action = "Index", controller = "Login"}. Executing controller action with signature Microsoft.AspNetCore.Mvc.IActionResult Index() on controller Ahmadside.Controllers.LoginController (Ahmadside).
2024-10-29 17:37:32.053 +01:00 [INF] Executed DbCommand (0ms) [Parameters=[], CommandType='"Text"', CommandTimeout='30']
SELECT COUNT(*) FROM "sqlite_master" WHERE "type" = 'table' AND "rootpage" IS NOT NULL;
2024-10-29 17:37:32.053 +01:00 [INF] Executing ViewResult, running view Index.
2024-10-29 17:37:32.054 +01:00 [INF] Executed ViewResult - view Index executed in 1.0035ms.
2024-10-29 17:37:32.054 +01:00 [INF] Executed action Ahmadside.Controllers.LoginController.Index (Ahmadside) in 2.461ms
2024-10-29 17:37:32.054 +01:00 [INF] Executed endpoint 'Ahmadside.Controllers.LoginController.Index (Ahmadside)'
2024-10-29 17:37:32.054 +01:00 [INF] Request finished HTTP/1.1 GET http://localhost:5002/Login - 200 null text/html; charset=utf-8 2.8056ms
2024-10-29 17:37:32.668 +01:00 [INF] Request starting HTTP/1.1 GET http://localhost:5002/Login/Register - null null
2024-10-29 17:37:32.668 +01:00 [INF] Executing endpoint 'Ahmadside.Controllers.LoginController.Register (Ahmadside)'
2024-10-29 17:37:32.669 +01:00 [INF] Route matched with {action = "Register", controller = "Login"}. Executing controller action with signature Microsoft.AspNetCore.Mvc.IActionResult Register() on controller Ahmadside.Controllers.LoginController (Ahmadside).
2024-10-29 17:37:32.670 +01:00 [INF] Executed DbCommand (0ms) [Parameters=[], CommandType='"Text"', CommandTimeout='30']
SELECT COUNT(*) FROM "sqlite_master" WHERE "type" = 'table' AND "rootpage" IS NOT NULL;
2024-10-29 17:37:32.670 +01:00 [INF] Executing ViewResult, running view Register.
2024-10-29 17:37:32.671 +01:00 [INF] Executed ViewResult - view Register executed in 1.2181ms.
2024-10-29 17:37:32.671 +01:00 [INF] Executed action Ahmadside.Controllers.LoginController.Register (Ahmadside) in 2.8282ms
2024-10-29 17:37:32.671 +01:00 [INF] Executed endpoint 'Ahmadside.Controllers.LoginController.Register (Ahmadside)'
2024-10-29 17:37:32.672 +01:00 [INF] Request finished HTTP/1.1 GET http://localhost:5002/Login/Register - 200 null text/html; charset=utf-8 3.3518ms
2024-10-29 17:37:33.184 +01:00 [INF] Request starting HTTP/1.1 GET http://localhost:5002/Login - null null
2024-10-29 17:37:33.184 +01:00 [INF] Executing endpoint 'Ahmadside.Controllers.LoginController.Index (Ahmadside)'
2024-10-29 17:37:33.184 +01:00 [INF] Route matched with {action = "Index", controller = "Login"}. Executing controller action with signature Microsoft.AspNetCore.Mvc.IActionResult Index() on controller Ahmadside.Controllers.LoginController (Ahmadside).
2024-10-29 17:37:33.186 +01:00 [INF] Executed DbCommand (0ms) [Parameters=[], CommandType='"Text"', CommandTimeout='30']
SELECT COUNT(*) FROM "sqlite_master" WHERE "type" = 'table' AND "rootpage" IS NOT NULL;
2024-10-29 17:37:33.186 +01:00 [INF] Executing ViewResult, running view Index.
2024-10-29 17:37:33.187 +01:00 [INF] Executed ViewResult - view Index executed in 0.93ms.
2024-10-29 17:37:33.187 +01:00 [INF] Executed action Ahmadside.Controllers.LoginController.Index (Ahmadside) in 2.5814ms
2024-10-29 17:37:33.187 +01:00 [INF] Executed endpoint 'Ahmadside.Controllers.LoginController.Index (Ahmadside)'
2024-10-29 17:37:33.187 +01:00 [INF] Request finished HTTP/1.1 GET http://localhost:5002/Login - 200 null text/html; charset=utf-8 2.9473ms
2024-10-29 17:41:53.834 +01:00 [INF] Request starting HTTP/1.1 POST http://localhost:5002/Login - application/x-www-form-urlencoded 199
2024-10-29 17:41:53.834 +01:00 [INF] Executing endpoint 'Ahmadside.Controllers.LoginController.Index (Ahmadside)'
2024-10-29 17:41:53.834 +01:00 [INF] Route matched with {action = "Index", controller = "Login"}. Executing controller action with signature Microsoft.AspNetCore.Mvc.IActionResult Index(Ahmadside.Models.LoginModel) on controller Ahmadside.Controllers.LoginController (Ahmadside).
2024-10-29 17:41:53.836 +01:00 [INF] Executed DbCommand (0ms) [Parameters=[], CommandType='"Text"', CommandTimeout='30']
SELECT COUNT(*) FROM "sqlite_master" WHERE "type" = 'table' AND "rootpage" IS NOT NULL;
2024-10-29 17:41:53.836 +01:00 [INF] Executing ViewResult, running view Index.
2024-10-29 17:41:53.837 +01:00 [INF] Executed ViewResult - view Index executed in 0.7655ms.
2024-10-29 17:41:53.837 +01:00 [INF] Executed action Ahmadside.Controllers.LoginController.Index (Ahmadside) in 2.6098ms
2024-10-29 17:41:53.837 +01:00 [INF] Executed endpoint 'Ahmadside.Controllers.LoginController.Index (Ahmadside)'
2024-10-29 17:41:53.837 +01:00 [INF] Request finished HTTP/1.1 POST http://localhost:5002/Login - 200 null text/html; charset=utf-8 2.9199ms
2024-10-29 17:41:57.127 +01:00 [INF] Request starting HTTP/1.1 POST http://localhost:5002/Login - application/x-www-form-urlencoded 226
2024-10-29 17:41:57.128 +01:00 [INF] Executing endpoint 'Ahmadside.Controllers.LoginController.Index (Ahmadside)'
2024-10-29 17:41:57.128 +01:00 [INF] Route matched with {action = "Index", controller = "Login"}. Executing controller action with signature Microsoft.AspNetCore.Mvc.IActionResult Index(Ahmadside.Models.LoginModel) on controller Ahmadside.Controllers.LoginController (Ahmadside).
2024-10-29 17:41:57.129 +01:00 [INF] Executed DbCommand (0ms) [Parameters=[], CommandType='"Text"', CommandTimeout='30']
SELECT COUNT(*) FROM "sqlite_master" WHERE "type" = 'table' AND "rootpage" IS NOT NULL;
2024-10-29 17:41:57.131 +01:00 [INF] Executed DbCommand (0ms) [Parameters=[@__Email_0='?' (Size = 24)], CommandType='"Text"', CommandTimeout='30']
SELECT EXISTS (
    SELECT 1
    FROM "Users" AS "u"
    WHERE "u"."Email" = @__Email_0)
2024-10-29 17:41:57.131 +01:00 [INF] Executed DbCommand (0ms) [Parameters=[@__Password_0='?' (Size = 1)], CommandType='"Text"', CommandTimeout='30']
SELECT EXISTS (
    SELECT 1
    FROM "Users" AS "u"
    WHERE "u"."Password" = @__Password_0)
2024-10-29 17:41:57.132 +01:00 [INF] Executing ViewResult, running view Index.
2024-10-29 17:41:57.133 +01:00 [INF] Executed ViewResult - view Index executed in 0.7917ms.
2024-10-29 17:41:57.133 +01:00 [INF] Executed action Ahmadside.Controllers.LoginController.Index (Ahmadside) in 5.1385ms
2024-10-29 17:41:57.133 +01:00 [INF] Executed endpoint 'Ahmadside.Controllers.LoginController.Index (Ahmadside)'
2024-10-29 17:41:57.133 +01:00 [INF] Request finished HTTP/1.1 POST http://localhost:5002/Login - 200 null text/html; charset=utf-8 5.5341ms
2024-10-29 17:42:08.179 +01:00 [INF] Request starting HTTP/1.1 POST http://localhost:5002/Login - application/x-www-form-urlencoded 233
2024-10-29 17:42:08.179 +01:00 [INF] Executing endpoint 'Ahmadside.Controllers.LoginController.Index (Ahmadside)'
2024-10-29 17:42:08.180 +01:00 [INF] Route matched with {action = "Index", controller = "Login"}. Executing controller action with signature Microsoft.AspNetCore.Mvc.IActionResult Index(Ahmadside.Models.LoginModel) on controller Ahmadside.Controllers.LoginController (Ahmadside).
2024-10-29 17:42:08.181 +01:00 [INF] Executed DbCommand (0ms) [Parameters=[], CommandType='"Text"', CommandTimeout='30']
SELECT COUNT(*) FROM "sqlite_master" WHERE "type" = 'table' AND "rootpage" IS NOT NULL;
2024-10-29 17:42:08.182 +01:00 [INF] Executed DbCommand (0ms) [Parameters=[@__Email_0='?' (Size = 24)], CommandType='"Text"', CommandTimeout='30']
SELECT EXISTS (
    SELECT 1
    FROM "Users" AS "u"
    WHERE "u"."Email" = @__Email_0)
2024-10-29 17:42:08.183 +01:00 [INF] Executed DbCommand (0ms) [Parameters=[@__Password_0='?' (Size = 8)], CommandType='"Text"', CommandTimeout='30']
SELECT EXISTS (
    SELECT 1
    FROM "Users" AS "u"
    WHERE "u"."Password" = @__Password_0)
2024-10-29 17:42:08.184 +01:00 [INF] Executing ViewResult, running view Index.
2024-10-29 17:42:08.185 +01:00 [INF] Executed ViewResult - view Index executed in 1.3196ms.
2024-10-29 17:42:08.185 +01:00 [INF] Executed action Ahmadside.Controllers.LoginController.Index (Ahmadside) in 5.5487ms
2024-10-29 17:42:08.185 +01:00 [INF] Executed endpoint 'Ahmadside.Controllers.LoginController.Index (Ahmadside)'
2024-10-29 17:42:08.185 +01:00 [INF] Request finished HTTP/1.1 POST http://localhost:5002/Login - 200 null text/html; charset=utf-8 6.1957ms
2024-10-29 17:44:27.059 +01:00 [INF] Application is shutting down...
