2024-10-23 15:50:18.434 +02:00 [INF] User profile is available. Using '/Users/ahmadfaryabi/.aspnet/DataProtection-Keys' as key repository; keys will not be encrypted at rest.
2024-10-23 15:50:18.551 +02:00 [INF] Now listening on: http://localhost:5002
2024-10-23 15:50:18.557 +02:00 [INF] Application started. Press Ctrl+C to shut down.
2024-10-23 15:50:18.558 +02:00 [INF] Hosting environment: Development
2024-10-23 15:50:18.558 +02:00 [INF] Content root path: /Users/ahmadfaryabi/Documents/nettside kos/Ahmadside
2024-10-23 15:50:20.372 +02:00 [INF] Request starting HTTP/1.1 GET http://localhost:5002/User/List - null null
2024-10-23 15:50:20.386 +02:00 [WRN] Failed to determine the https port for redirect.
2024-10-23 15:50:20.412 +02:00 [INF] Executing endpoint 'Ahmadside.Controllers.UserController.List (Ahmadside)'
2024-10-23 15:50:20.442 +02:00 [INF] Route matched with {action = "List", controller = "User"}. Executing controller action with signature Microsoft.AspNetCore.Mvc.IActionResult List() on controller Ahmadside.Controllers.UserController (Ahmadside).
2024-10-23 15:50:20.874 +02:00 [INF] Executed action Ahmadside.Controllers.UserController.List (Ahmadside) in 428.0872ms
2024-10-23 15:50:20.878 +02:00 [INF] Executed endpoint 'Ahmadside.Controllers.UserController.List (Ahmadside)'
2024-10-23 15:50:20.894 +02:00 [ERR] An unhandled exception has occurred while executing the request.
System.InvalidOperationException: The entity type 'User' requires a primary key to be defined. If you intended to use a keyless entity type, call 'HasNoKey' in 'OnModelCreating'. For more information on keyless entity types, see https://go.microsoft.com/fwlink/?linkid=2141943.
   at Microsoft.EntityFrameworkCore.Infrastructure.ModelValidator.ValidateNonNullPrimaryKeys(IModel model, IDiagnosticsLogger`1 logger)
   at Microsoft.EntityFrameworkCore.Infrastructure.ModelValidator.Validate(IModel model, IDiagnosticsLogger`1 logger)
   at Microsoft.EntityFrameworkCore.Infrastructure.RelationalModelValidator.Validate(IModel model, IDiagnosticsLogger`1 logger)
   at Microsoft.EntityFrameworkCore.Sqlite.Infrastructure.Internal.SqliteModelValidator.Validate(IModel model, IDiagnosticsLogger`1 logger)
   at Microsoft.EntityFrameworkCore.Infrastructure.ModelRuntimeInitializer.Initialize(IModel model, Boolean designTime, IDiagnosticsLogger`1 validationLogger)
   at Microsoft.EntityFrameworkCore.Infrastructure.ModelSource.GetModel(DbContext context, ModelCreationDependencies modelCreationDependencies, Boolean designTime)
   at Microsoft.EntityFrameworkCore.Internal.DbContextServices.CreateModel(Boolean designTime)
   at Microsoft.EntityFrameworkCore.Internal.DbContextServices.get_Model()
   at Microsoft.EntityFrameworkCore.Infrastructure.EntityFrameworkServicesBuilder.<>c.<TryAddCoreServices>b__8_4(IServiceProvider p)
   at Microsoft.Extensions.DependencyInjection.ServiceLookup.CallSiteRuntimeResolver.VisitFactory(FactoryCallSite factoryCallSite, RuntimeResolverContext context)
   at Microsoft.Extensions.DependencyInjection.ServiceLookup.CallSiteVisitor`2.VisitCallSiteMain(ServiceCallSite callSite, TArgument argument)
   at Microsoft.Extensions.DependencyInjection.ServiceLookup.CallSiteRuntimeResolver.VisitCache(ServiceCallSite callSite, RuntimeResolverContext context, ServiceProviderEngineScope serviceProviderEngine, RuntimeResolverLock lockType)
   at Microsoft.Extensions.DependencyInjection.ServiceLookup.CallSiteRuntimeResolver.VisitScopeCache(ServiceCallSite callSite, RuntimeResolverContext context)
   at Microsoft.Extensions.DependencyInjection.ServiceLookup.CallSiteVisitor`2.VisitCallSite(ServiceCallSite callSite, TArgument argument)
   at Microsoft.Extensions.DependencyInjection.ServiceLookup.CallSiteRuntimeResolver.VisitConstructor(ConstructorCallSite constructorCallSite, RuntimeResolverContext context)
   at Microsoft.Extensions.DependencyInjection.ServiceLookup.CallSiteVisitor`2.VisitCallSiteMain(ServiceCallSite callSite, TArgument argument)
   at Microsoft.Extensions.DependencyInjection.ServiceLookup.CallSiteRuntimeResolver.VisitCache(ServiceCallSite callSite, RuntimeResolverContext context, ServiceProviderEngineScope serviceProviderEngine, RuntimeResolverLock lockType)
   at Microsoft.Extensions.DependencyInjection.ServiceLookup.CallSiteRuntimeResolver.VisitScopeCache(ServiceCallSite callSite, RuntimeResolverContext context)
   at Microsoft.Extensions.DependencyInjection.ServiceLookup.CallSiteVisitor`2.VisitCallSite(ServiceCallSite callSite, TArgument argument)
   at Microsoft.Extensions.DependencyInjection.ServiceLookup.CallSiteRuntimeResolver.VisitConstructor(ConstructorCallSite constructorCallSite, RuntimeResolverContext context)
   at Microsoft.Extensions.DependencyInjection.ServiceLookup.CallSiteVisitor`2.VisitCallSiteMain(ServiceCallSite callSite, TArgument argument)
   at Microsoft.Extensions.DependencyInjection.ServiceLookup.CallSiteRuntimeResolver.VisitCache(ServiceCallSite callSite, RuntimeResolverContext context, ServiceProviderEngineScope serviceProviderEngine, RuntimeResolverLock lockType)
   at Microsoft.Extensions.DependencyInjection.ServiceLookup.CallSiteRuntimeResolver.VisitScopeCache(ServiceCallSite callSite, RuntimeResolverContext context)
   at Microsoft.Extensions.DependencyInjection.ServiceLookup.CallSiteVisitor`2.VisitCallSite(ServiceCallSite callSite, TArgument argument)
   at Microsoft.Extensions.DependencyInjection.ServiceLookup.CallSiteRuntimeResolver.VisitConstructor(ConstructorCallSite constructorCallSite, RuntimeResolverContext context)
   at Microsoft.Extensions.DependencyInjection.ServiceLookup.CallSiteVisitor`2.VisitCallSiteMain(ServiceCallSite callSite, TArgument argument)
   at Microsoft.Extensions.DependencyInjection.ServiceLookup.CallSiteRuntimeResolver.VisitCache(ServiceCallSite callSite, RuntimeResolverContext context, ServiceProviderEngineScope serviceProviderEngine, RuntimeResolverLock lockType)
   at Microsoft.Extensions.DependencyInjection.ServiceLookup.CallSiteRuntimeResolver.VisitScopeCache(ServiceCallSite callSite, RuntimeResolverContext context)
   at Microsoft.Extensions.DependencyInjection.ServiceLookup.CallSiteVisitor`2.VisitCallSite(ServiceCallSite callSite, TArgument argument)
   at Microsoft.Extensions.DependencyInjection.ServiceLookup.CallSiteRuntimeResolver.VisitConstructor(ConstructorCallSite constructorCallSite, RuntimeResolverContext context)
   at Microsoft.Extensions.DependencyInjection.ServiceLookup.CallSiteVisitor`2.VisitCallSiteMain(ServiceCallSite callSite, TArgument argument)
   at Microsoft.Extensions.DependencyInjection.ServiceLookup.CallSiteRuntimeResolver.VisitCache(ServiceCallSite callSite, RuntimeResolverContext context, ServiceProviderEngineScope serviceProviderEngine, RuntimeResolverLock lockType)
   at Microsoft.Extensions.DependencyInjection.ServiceLookup.CallSiteRuntimeResolver.VisitScopeCache(ServiceCallSite callSite, RuntimeResolverContext context)
   at Microsoft.Extensions.DependencyInjection.ServiceLookup.CallSiteVisitor`2.VisitCallSite(ServiceCallSite callSite, TArgument argument)
   at Microsoft.Extensions.DependencyInjection.ServiceLookup.CallSiteRuntimeResolver.VisitConstructor(ConstructorCallSite constructorCallSite, RuntimeResolverContext context)
   at Microsoft.Extensions.DependencyInjection.ServiceLookup.CallSiteVisitor`2.VisitCallSiteMain(ServiceCallSite callSite, TArgument argument)
   at Microsoft.Extensions.DependencyInjection.ServiceLookup.CallSiteRuntimeResolver.VisitCache(ServiceCallSite callSite, RuntimeResolverContext context, ServiceProviderEngineScope serviceProviderEngine, RuntimeResolverLock lockType)
   at Microsoft.Extensions.DependencyInjection.ServiceLookup.CallSiteRuntimeResolver.VisitScopeCache(ServiceCallSite callSite, RuntimeResolverContext context)
   at Microsoft.Extensions.DependencyInjection.ServiceLookup.CallSiteVisitor`2.VisitCallSite(ServiceCallSite callSite, TArgument argument)
   at Microsoft.Extensions.DependencyInjection.ServiceLookup.CallSiteRuntimeResolver.Resolve(ServiceCallSite callSite, ServiceProviderEngineScope scope)
   at Microsoft.Extensions.DependencyInjection.ServiceLookup.DynamicServiceProviderEngine.<>c__DisplayClass2_0.<RealizeService>b__0(ServiceProviderEngineScope scope)
   at Microsoft.Extensions.DependencyInjection.ServiceProvider.GetService(ServiceIdentifier serviceIdentifier, ServiceProviderEngineScope serviceProviderEngineScope)
   at Microsoft.Extensions.DependencyInjection.ServiceLookup.ServiceProviderEngineScope.GetService(Type serviceType)
   at Microsoft.Extensions.DependencyInjection.ServiceProviderServiceExtensions.GetRequiredService(IServiceProvider provider, Type serviceType)
   at Microsoft.Extensions.DependencyInjection.ServiceProviderServiceExtensions.GetRequiredService[T](IServiceProvider provider)
   at Microsoft.EntityFrameworkCore.DbContext.get_DbContextDependencies()
   at Microsoft.EntityFrameworkCore.DbContext.get_ContextServices()
   at Microsoft.EntityFrameworkCore.DbContext.get_InternalServiceProvider()
   at Microsoft.EntityFrameworkCore.DbContext.Microsoft.EntityFrameworkCore.Infrastructure.IInfrastructure<System.IServiceProvider>.get_Instance()
   at Microsoft.EntityFrameworkCore.Infrastructure.Internal.InfrastructureExtensions.GetService(IInfrastructure`1 accessor, Type serviceType)
   at Microsoft.EntityFrameworkCore.Infrastructure.Internal.InfrastructureExtensions.GetService[TService](IInfrastructure`1 accessor)
   at Microsoft.EntityFrameworkCore.Infrastructure.AccessorExtensions.GetService[TService](IInfrastructure`1 accessor)
   at Microsoft.EntityFrameworkCore.Infrastructure.DatabaseFacade.get_Dependencies()
   at Microsoft.EntityFrameworkCore.Infrastructure.DatabaseFacade.EnsureCreated()
   at Ahmadside.Models.UserDbContext..ctor(DbContextOptions`1 options) in /Users/ahmadfaryabi/Documents/nettside kos/Ahmadside/Models/UserDbContext.cs:line 9
   at System.RuntimeMethodHandle.InvokeMethod(Object target, Void** arguments, Signature sig, Boolean isConstructor)
   at System.Reflection.MethodBaseInvoker.InvokeDirectByRefWithFewArgs(Object obj, Span`1 copyOfArgs, BindingFlags invokeAttr)
   at System.Reflection.MethodBaseInvoker.InvokeWithOneArg(Object obj, BindingFlags invokeAttr, Binder binder, Object[] parameters, CultureInfo culture)
   at Microsoft.Extensions.DependencyInjection.ServiceLookup.CallSiteRuntimeResolver.VisitConstructor(ConstructorCallSite constructorCallSite, RuntimeResolverContext context)
   at Microsoft.Extensions.DependencyInjection.ServiceLookup.CallSiteVisitor`2.VisitCallSiteMain(ServiceCallSite callSite, TArgument argument)
   at Microsoft.Extensions.DependencyInjection.ServiceLookup.CallSiteRuntimeResolver.VisitCache(ServiceCallSite callSite, RuntimeResolverContext context, ServiceProviderEngineScope serviceProviderEngine, RuntimeResolverLock lockType)
   at Microsoft.Extensions.DependencyInjection.ServiceLookup.CallSiteRuntimeResolver.VisitScopeCache(ServiceCallSite callSite, RuntimeResolverContext context)
   at Microsoft.Extensions.DependencyInjection.ServiceLookup.CallSiteVisitor`2.VisitCallSite(ServiceCallSite callSite, TArgument argument)
   at Microsoft.Extensions.DependencyInjection.ServiceLookup.CallSiteRuntimeResolver.Resolve(ServiceCallSite callSite, ServiceProviderEngineScope scope)
   at Microsoft.Extensions.DependencyInjection.ServiceLookup.DynamicServiceProviderEngine.<>c__DisplayClass2_0.<RealizeService>b__0(ServiceProviderEngineScope scope)
   at Microsoft.Extensions.DependencyInjection.ServiceProvider.GetService(ServiceIdentifier serviceIdentifier, ServiceProviderEngineScope serviceProviderEngineScope)
   at Microsoft.Extensions.DependencyInjection.ServiceLookup.ServiceProviderEngineScope.GetService(Type serviceType)
   at lambda_method2(Closure, IServiceProvider, Object[])
   at Microsoft.AspNetCore.Mvc.Controllers.ControllerFactoryProvider.<>c__DisplayClass6_0.<CreateControllerFactory>g__CreateController|0(ControllerContext controllerContext)
   at Microsoft.AspNetCore.Mvc.Infrastructure.ControllerActionInvoker.Next(State& next, Scope& scope, Object& state, Boolean& isCompleted)
   at Microsoft.AspNetCore.Mvc.Infrastructure.ControllerActionInvoker.InvokeInnerFilterAsync()
--- End of stack trace from previous location ---
   at Microsoft.AspNetCore.Mvc.Infrastructure.ResourceInvoker.<InvokeNextResourceFilter>g__Awaited|25_0(ResourceInvoker invoker, Task lastTask, State next, Scope scope, Object state, Boolean isCompleted)
   at Microsoft.AspNetCore.Mvc.Infrastructure.ResourceInvoker.Rethrow(ResourceExecutedContextSealed context)
   at Microsoft.AspNetCore.Mvc.Infrastructure.ResourceInvoker.Next(State& next, Scope& scope, Object& state, Boolean& isCompleted)
   at Microsoft.AspNetCore.Mvc.Infrastructure.ResourceInvoker.InvokeFilterPipelineAsync()
--- End of stack trace from previous location ---
   at Microsoft.AspNetCore.Mvc.Infrastructure.ResourceInvoker.<InvokeAsync>g__Logged|17_1(ResourceInvoker invoker)
   at Microsoft.AspNetCore.Mvc.Infrastructure.ResourceInvoker.<InvokeAsync>g__Logged|17_1(ResourceInvoker invoker)
   at Microsoft.AspNetCore.Routing.EndpointMiddleware.<Invoke>g__AwaitRequestTask|7_0(Endpoint endpoint, Task requestTask, ILogger logger)
   at Microsoft.AspNetCore.Authorization.AuthorizationMiddleware.Invoke(HttpContext context)
   at Microsoft.AspNetCore.Diagnostics.ExceptionHandlerMiddlewareImpl.<Invoke>g__Awaited|10_0(ExceptionHandlerMiddlewareImpl middleware, HttpContext context, Task task)
2024-10-23 15:50:20.898 +02:00 [INF] Executing endpoint 'Ahmadside.Controllers.HomeController.Error (Ahmadside)'
2024-10-23 15:50:20.901 +02:00 [INF] Route matched with {action = "Error", controller = "Home"}. Executing controller action with signature Microsoft.AspNetCore.Mvc.IActionResult Error() on controller Ahmadside.Controllers.HomeController (Ahmadside).
2024-10-23 15:50:20.913 +02:00 [INF] Executing ViewResult, running view Error.
2024-10-23 15:50:21.095 +02:00 [INF] Executed ViewResult - view Error executed in 189.9893ms.
2024-10-23 15:50:21.095 +02:00 [INF] Executed action Ahmadside.Controllers.HomeController.Error (Ahmadside) in 194.4723ms
2024-10-23 15:50:21.096 +02:00 [INF] Executed endpoint 'Ahmadside.Controllers.HomeController.Error (Ahmadside)'
2024-10-23 15:50:21.101 +02:00 [INF] Request finished HTTP/1.1 GET http://localhost:5002/User/List - 500 null text/html; charset=utf-8 730.5155ms
2024-10-23 15:50:58.112 +02:00 [INF] Request starting HTTP/1.1 GET http://localhost:5002/Home/Privacy - null null
2024-10-23 15:50:58.115 +02:00 [INF] Executing endpoint 'Ahmadside.Controllers.HomeController.Privacy (Ahmadside)'
2024-10-23 15:50:58.118 +02:00 [INF] Route matched with {action = "Privacy", controller = "Home"}. Executing controller action with signature Microsoft.AspNetCore.Mvc.IActionResult Privacy() on controller Ahmadside.Controllers.HomeController (Ahmadside).
2024-10-23 15:50:58.121 +02:00 [INF] Executing ViewResult, running view Privacy.
2024-10-23 15:50:58.128 +02:00 [INF] Executed ViewResult - view Privacy executed in 9.0132ms.
2024-10-23 15:50:58.128 +02:00 [INF] Executed action Ahmadside.Controllers.HomeController.Privacy (Ahmadside) in 10.0979ms
2024-10-23 15:50:58.128 +02:00 [INF] Executed endpoint 'Ahmadside.Controllers.HomeController.Privacy (Ahmadside)'
2024-10-23 15:50:58.128 +02:00 [INF] Request finished HTTP/1.1 GET http://localhost:5002/Home/Privacy - 200 null text/html; charset=utf-8 16.4688ms
2024-10-23 15:50:59.101 +02:00 [INF] Request starting HTTP/1.1 GET http://localhost:5002/User/List - null null
2024-10-23 15:50:59.102 +02:00 [INF] Executing endpoint 'Ahmadside.Controllers.UserController.List (Ahmadside)'
2024-10-23 15:50:59.103 +02:00 [INF] Route matched with {action = "List", controller = "User"}. Executing controller action with signature Microsoft.AspNetCore.Mvc.IActionResult List() on controller Ahmadside.Controllers.UserController (Ahmadside).
2024-10-23 15:50:59.121 +02:00 [INF] Executed action Ahmadside.Controllers.UserController.List (Ahmadside) in 18.1809ms
2024-10-23 15:50:59.121 +02:00 [INF] Executed endpoint 'Ahmadside.Controllers.UserController.List (Ahmadside)'
2024-10-23 15:50:59.122 +02:00 [ERR] An unhandled exception has occurred while executing the request.
System.InvalidOperationException: The entity type 'User' requires a primary key to be defined. If you intended to use a keyless entity type, call 'HasNoKey' in 'OnModelCreating'. For more information on keyless entity types, see https://go.microsoft.com/fwlink/?linkid=2141943.
   at Microsoft.EntityFrameworkCore.Infrastructure.ModelValidator.ValidateNonNullPrimaryKeys(IModel model, IDiagnosticsLogger`1 logger)
   at Microsoft.EntityFrameworkCore.Infrastructure.ModelValidator.Validate(IModel model, IDiagnosticsLogger`1 logger)
   at Microsoft.EntityFrameworkCore.Infrastructure.RelationalModelValidator.Validate(IModel model, IDiagnosticsLogger`1 logger)
   at Microsoft.EntityFrameworkCore.Sqlite.Infrastructure.Internal.SqliteModelValidator.Validate(IModel model, IDiagnosticsLogger`1 logger)
   at Microsoft.EntityFrameworkCore.Infrastructure.ModelRuntimeInitializer.Initialize(IModel model, Boolean designTime, IDiagnosticsLogger`1 validationLogger)
   at Microsoft.EntityFrameworkCore.Infrastructure.ModelSource.GetModel(DbContext context, ModelCreationDependencies modelCreationDependencies, Boolean designTime)
   at Microsoft.EntityFrameworkCore.Internal.DbContextServices.CreateModel(Boolean designTime)
   at Microsoft.EntityFrameworkCore.Internal.DbContextServices.get_Model()
   at Microsoft.EntityFrameworkCore.Infrastructure.EntityFrameworkServicesBuilder.<>c.<TryAddCoreServices>b__8_4(IServiceProvider p)
   at Microsoft.Extensions.DependencyInjection.ServiceLookup.CallSiteRuntimeResolver.VisitFactory(FactoryCallSite factoryCallSite, RuntimeResolverContext context)
   at Microsoft.Extensions.DependencyInjection.ServiceLookup.CallSiteVisitor`2.VisitCallSiteMain(ServiceCallSite callSite, TArgument argument)
   at Microsoft.Extensions.DependencyInjection.ServiceLookup.CallSiteRuntimeResolver.VisitCache(ServiceCallSite callSite, RuntimeResolverContext context, ServiceProviderEngineScope serviceProviderEngine, RuntimeResolverLock lockType)
   at Microsoft.Extensions.DependencyInjection.ServiceLookup.CallSiteRuntimeResolver.VisitScopeCache(ServiceCallSite callSite, RuntimeResolverContext context)
   at Microsoft.Extensions.DependencyInjection.ServiceLookup.CallSiteVisitor`2.VisitCallSite(ServiceCallSite callSite, TArgument argument)
   at Microsoft.Extensions.DependencyInjection.ServiceLookup.CallSiteRuntimeResolver.VisitConstructor(ConstructorCallSite constructorCallSite, RuntimeResolverContext context)
   at Microsoft.Extensions.DependencyInjection.ServiceLookup.CallSiteVisitor`2.VisitCallSiteMain(ServiceCallSite callSite, TArgument argument)
   at Microsoft.Extensions.DependencyInjection.ServiceLookup.CallSiteRuntimeResolver.VisitCache(ServiceCallSite callSite, RuntimeResolverContext context, ServiceProviderEngineScope serviceProviderEngine, RuntimeResolverLock lockType)
   at Microsoft.Extensions.DependencyInjection.ServiceLookup.CallSiteRuntimeResolver.VisitScopeCache(ServiceCallSite callSite, RuntimeResolverContext context)
   at Microsoft.Extensions.DependencyInjection.ServiceLookup.CallSiteVisitor`2.VisitCallSite(ServiceCallSite callSite, TArgument argument)
   at Microsoft.Extensions.DependencyInjection.ServiceLookup.CallSiteRuntimeResolver.VisitConstructor(ConstructorCallSite constructorCallSite, RuntimeResolverContext context)
   at Microsoft.Extensions.DependencyInjection.ServiceLookup.CallSiteVisitor`2.VisitCallSiteMain(ServiceCallSite callSite, TArgument argument)
   at Microsoft.Extensions.DependencyInjection.ServiceLookup.CallSiteRuntimeResolver.VisitCache(ServiceCallSite callSite, RuntimeResolverContext context, ServiceProviderEngineScope serviceProviderEngine, RuntimeResolverLock lockType)
   at Microsoft.Extensions.DependencyInjection.ServiceLookup.CallSiteRuntimeResolver.VisitScopeCache(ServiceCallSite callSite, RuntimeResolverContext context)
   at Microsoft.Extensions.DependencyInjection.ServiceLookup.CallSiteVisitor`2.VisitCallSite(ServiceCallSite callSite, TArgument argument)
   at Microsoft.Extensions.DependencyInjection.ServiceLookup.CallSiteRuntimeResolver.VisitConstructor(ConstructorCallSite constructorCallSite, RuntimeResolverContext context)
   at Microsoft.Extensions.DependencyInjection.ServiceLookup.CallSiteVisitor`2.VisitCallSiteMain(ServiceCallSite callSite, TArgument argument)
   at Microsoft.Extensions.DependencyInjection.ServiceLookup.CallSiteRuntimeResolver.VisitCache(ServiceCallSite callSite, RuntimeResolverContext context, ServiceProviderEngineScope serviceProviderEngine, RuntimeResolverLock lockType)
   at Microsoft.Extensions.DependencyInjection.ServiceLookup.CallSiteRuntimeResolver.VisitScopeCache(ServiceCallSite callSite, RuntimeResolverContext context)
   at Microsoft.Extensions.DependencyInjection.ServiceLookup.CallSiteVisitor`2.VisitCallSite(ServiceCallSite callSite, TArgument argument)
   at Microsoft.Extensions.DependencyInjection.ServiceLookup.CallSiteRuntimeResolver.VisitConstructor(ConstructorCallSite constructorCallSite, RuntimeResolverContext context)
   at Microsoft.Extensions.DependencyInjection.ServiceLookup.CallSiteVisitor`2.VisitCallSiteMain(ServiceCallSite callSite, TArgument argument)
   at Microsoft.Extensions.DependencyInjection.ServiceLookup.CallSiteRuntimeResolver.VisitCache(ServiceCallSite callSite, RuntimeResolverContext context, ServiceProviderEngineScope serviceProviderEngine, RuntimeResolverLock lockType)
   at Microsoft.Extensions.DependencyInjection.ServiceLookup.CallSiteRuntimeResolver.VisitScopeCache(ServiceCallSite callSite, RuntimeResolverContext context)
   at Microsoft.Extensions.DependencyInjection.ServiceLookup.CallSiteVisitor`2.VisitCallSite(ServiceCallSite callSite, TArgument argument)
   at Microsoft.Extensions.DependencyInjection.ServiceLookup.CallSiteRuntimeResolver.VisitConstructor(ConstructorCallSite constructorCallSite, RuntimeResolverContext context)
   at Microsoft.Extensions.DependencyInjection.ServiceLookup.CallSiteVisitor`2.VisitCallSiteMain(ServiceCallSite callSite, TArgument argument)
   at Microsoft.Extensions.DependencyInjection.ServiceLookup.CallSiteRuntimeResolver.VisitCache(ServiceCallSite callSite, RuntimeResolverContext context, ServiceProviderEngineScope serviceProviderEngine, RuntimeResolverLock lockType)
   at Microsoft.Extensions.DependencyInjection.ServiceLookup.CallSiteRuntimeResolver.VisitScopeCache(ServiceCallSite callSite, RuntimeResolverContext context)
   at Microsoft.Extensions.DependencyInjection.ServiceLookup.CallSiteVisitor`2.VisitCallSite(ServiceCallSite callSite, TArgument argument)
   at Microsoft.Extensions.DependencyInjection.ServiceLookup.CallSiteRuntimeResolver.Resolve(ServiceCallSite callSite, ServiceProviderEngineScope scope)
   at Microsoft.Extensions.DependencyInjection.ServiceLookup.DynamicServiceProviderEngine.<>c__DisplayClass2_0.<RealizeService>b__0(ServiceProviderEngineScope scope)
   at Microsoft.Extensions.DependencyInjection.ServiceLookup.ServiceProviderEngineScope.GetService(Type serviceType)
   at Microsoft.Extensions.DependencyInjection.ServiceProviderServiceExtensions.GetRequiredService(IServiceProvider provider, Type serviceType)
   at Microsoft.Extensions.DependencyInjection.ServiceProviderServiceExtensions.GetRequiredService[T](IServiceProvider provider)
   at Microsoft.EntityFrameworkCore.DbContext.get_DbContextDependencies()
   at Microsoft.EntityFrameworkCore.DbContext.get_ContextServices()
   at Microsoft.EntityFrameworkCore.DbContext.get_InternalServiceProvider()
   at Microsoft.EntityFrameworkCore.DbContext.Microsoft.EntityFrameworkCore.Infrastructure.IInfrastructure<System.IServiceProvider>.get_Instance()
   at Microsoft.EntityFrameworkCore.Infrastructure.Internal.InfrastructureExtensions.GetService(IInfrastructure`1 accessor, Type serviceType)
   at Microsoft.EntityFrameworkCore.Infrastructure.Internal.InfrastructureExtensions.GetService[TService](IInfrastructure`1 accessor)
   at Microsoft.EntityFrameworkCore.Infrastructure.AccessorExtensions.GetService[TService](IInfrastructure`1 accessor)
   at Microsoft.EntityFrameworkCore.Infrastructure.DatabaseFacade.get_Dependencies()
   at Microsoft.EntityFrameworkCore.Infrastructure.DatabaseFacade.EnsureCreated()
   at Ahmadside.Models.UserDbContext..ctor(DbContextOptions`1 options) in /Users/ahmadfaryabi/Documents/nettside kos/Ahmadside/Models/UserDbContext.cs:line 9
   at InvokeStub_UserDbContext..ctor(Object, Span`1)
   at System.Reflection.MethodBaseInvoker.InvokeWithOneArg(Object obj, BindingFlags invokeAttr, Binder binder, Object[] parameters, CultureInfo culture)
   at Microsoft.Extensions.DependencyInjection.ServiceLookup.CallSiteRuntimeResolver.VisitConstructor(ConstructorCallSite constructorCallSite, RuntimeResolverContext context)
   at Microsoft.Extensions.DependencyInjection.ServiceLookup.CallSiteVisitor`2.VisitCallSiteMain(ServiceCallSite callSite, TArgument argument)
   at Microsoft.Extensions.DependencyInjection.ServiceLookup.CallSiteRuntimeResolver.VisitCache(ServiceCallSite callSite, RuntimeResolverContext context, ServiceProviderEngineScope serviceProviderEngine, RuntimeResolverLock lockType)
   at Microsoft.Extensions.DependencyInjection.ServiceLookup.CallSiteRuntimeResolver.VisitScopeCache(ServiceCallSite callSite, RuntimeResolverContext context)
   at Microsoft.Extensions.DependencyInjection.ServiceLookup.CallSiteVisitor`2.VisitCallSite(ServiceCallSite callSite, TArgument argument)
   at Microsoft.Extensions.DependencyInjection.ServiceLookup.CallSiteRuntimeResolver.Resolve(ServiceCallSite callSite, ServiceProviderEngineScope scope)
   at Microsoft.Extensions.DependencyInjection.ServiceLookup.DynamicServiceProviderEngine.<>c__DisplayClass2_0.<RealizeService>b__0(ServiceProviderEngineScope scope)
   at Microsoft.Extensions.DependencyInjection.ServiceLookup.ServiceProviderEngineScope.GetService(Type serviceType)
   at lambda_method2(Closure, IServiceProvider, Object[])
   at Microsoft.AspNetCore.Mvc.Controllers.ControllerFactoryProvider.<>c__DisplayClass6_0.<CreateControllerFactory>g__CreateController|0(ControllerContext controllerContext)
   at Microsoft.AspNetCore.Mvc.Infrastructure.ControllerActionInvoker.Next(State& next, Scope& scope, Object& state, Boolean& isCompleted)
   at Microsoft.AspNetCore.Mvc.Infrastructure.ControllerActionInvoker.InvokeInnerFilterAsync()
--- End of stack trace from previous location ---
   at Microsoft.AspNetCore.Mvc.Infrastructure.ResourceInvoker.<InvokeNextResourceFilter>g__Awaited|25_0(ResourceInvoker invoker, Task lastTask, State next, Scope scope, Object state, Boolean isCompleted)
   at Microsoft.AspNetCore.Mvc.Infrastructure.ResourceInvoker.Rethrow(ResourceExecutedContextSealed context)
   at Microsoft.AspNetCore.Mvc.Infrastructure.ResourceInvoker.Next(State& next, Scope& scope, Object& state, Boolean& isCompleted)
   at Microsoft.AspNetCore.Mvc.Infrastructure.ResourceInvoker.InvokeFilterPipelineAsync()
--- End of stack trace from previous location ---
   at Microsoft.AspNetCore.Mvc.Infrastructure.ResourceInvoker.<InvokeAsync>g__Logged|17_1(ResourceInvoker invoker)
   at Microsoft.AspNetCore.Mvc.Infrastructure.ResourceInvoker.<InvokeAsync>g__Logged|17_1(ResourceInvoker invoker)
   at Microsoft.AspNetCore.Routing.EndpointMiddleware.<Invoke>g__AwaitRequestTask|7_0(Endpoint endpoint, Task requestTask, ILogger logger)
   at Microsoft.AspNetCore.Authorization.AuthorizationMiddleware.Invoke(HttpContext context)
   at Microsoft.AspNetCore.Diagnostics.ExceptionHandlerMiddlewareImpl.<Invoke>g__Awaited|10_0(ExceptionHandlerMiddlewareImpl middleware, HttpContext context, Task task)
2024-10-23 15:50:59.125 +02:00 [INF] Executing endpoint 'Ahmadside.Controllers.HomeController.Error (Ahmadside)'
2024-10-23 15:50:59.125 +02:00 [INF] Route matched with {action = "Error", controller = "Home"}. Executing controller action with signature Microsoft.AspNetCore.Mvc.IActionResult Error() on controller Ahmadside.Controllers.HomeController (Ahmadside).
2024-10-23 15:50:59.126 +02:00 [INF] Executing ViewResult, running view Error.
2024-10-23 15:50:59.127 +02:00 [INF] Executed ViewResult - view Error executed in 1.4616ms.
2024-10-23 15:50:59.127 +02:00 [INF] Executed action Ahmadside.Controllers.HomeController.Error (Ahmadside) in 1.8453ms
2024-10-23 15:50:59.127 +02:00 [INF] Executed endpoint 'Ahmadside.Controllers.HomeController.Error (Ahmadside)'
2024-10-23 15:50:59.127 +02:00 [INF] Request finished HTTP/1.1 GET http://localhost:5002/User/List - 500 null text/html; charset=utf-8 26.7525ms
2024-10-23 15:50:59.808 +02:00 [INF] Request starting HTTP/1.1 GET http://localhost:5002/ - null null
2024-10-23 15:50:59.808 +02:00 [INF] Executing endpoint 'Ahmadside.Controllers.HomeController.Index (Ahmadside)'
2024-10-23 15:50:59.810 +02:00 [INF] Route matched with {action = "Index", controller = "Home"}. Executing controller action with signature Microsoft.AspNetCore.Mvc.IActionResult Index() on controller Ahmadside.Controllers.HomeController (Ahmadside).
2024-10-23 15:50:59.812 +02:00 [INF] Executing ViewResult, running view Index.
2024-10-23 15:50:59.817 +02:00 [INF] Executed ViewResult - view Index executed in 6.3646ms.
2024-10-23 15:50:59.817 +02:00 [INF] Executed action Ahmadside.Controllers.HomeController.Index (Ahmadside) in 6.7756ms
2024-10-23 15:50:59.817 +02:00 [INF] Executed endpoint 'Ahmadside.Controllers.HomeController.Index (Ahmadside)'
2024-10-23 15:50:59.818 +02:00 [INF] Request finished HTTP/1.1 GET http://localhost:5002/ - 200 null text/html; charset=utf-8 9.4109ms
2024-10-23 15:51:00.513 +02:00 [INF] Request starting HTTP/1.1 GET http://localhost:5002/Login - null null
2024-10-23 15:51:00.513 +02:00 [INF] Executing endpoint 'Ahmadside.Controllers.LoginController.Index (Ahmadside)'
2024-10-23 15:51:00.515 +02:00 [INF] Route matched with {action = "Index", controller = "Login"}. Executing controller action with signature Microsoft.AspNetCore.Mvc.IActionResult Index() on controller Ahmadside.Controllers.LoginController (Ahmadside).
2024-10-23 15:51:00.517 +02:00 [INF] Executing ViewResult, running view Index.
2024-10-23 15:51:00.572 +02:00 [INF] Executed ViewResult - view Index executed in 56.4163ms.
2024-10-23 15:51:00.572 +02:00 [INF] Executed action Ahmadside.Controllers.LoginController.Index (Ahmadside) in 57.1763ms
2024-10-23 15:51:00.572 +02:00 [INF] Executed endpoint 'Ahmadside.Controllers.LoginController.Index (Ahmadside)'
2024-10-23 15:51:00.572 +02:00 [INF] Request finished HTTP/1.1 GET http://localhost:5002/Login - 200 null text/html; charset=utf-8 59.333ms
2024-10-23 15:51:03.478 +02:00 [INF] Request starting HTTP/1.1 GET http://localhost:5002/Login/Register - null null
2024-10-23 15:51:03.479 +02:00 [INF] Executing endpoint 'Ahmadside.Controllers.LoginController.Register (Ahmadside)'
2024-10-23 15:51:03.480 +02:00 [INF] Route matched with {action = "Register", controller = "Login"}. Executing controller action with signature Microsoft.AspNetCore.Mvc.IActionResult Register() on controller Ahmadside.Controllers.LoginController (Ahmadside).
2024-10-23 15:51:03.482 +02:00 [INF] Executing ViewResult, running view Register.
2024-10-23 15:51:03.505 +02:00 [INF] Executed ViewResult - view Register executed in 24.0486ms.
2024-10-23 15:51:03.505 +02:00 [INF] Executed action Ahmadside.Controllers.LoginController.Register (Ahmadside) in 24.5695ms
2024-10-23 15:51:03.505 +02:00 [INF] Executed endpoint 'Ahmadside.Controllers.LoginController.Register (Ahmadside)'
2024-10-23 15:51:03.505 +02:00 [INF] Request finished HTTP/1.1 GET http://localhost:5002/Login/Register - 200 null text/html; charset=utf-8 26.9114ms
2024-10-23 15:51:04.844 +02:00 [INF] Request starting HTTP/1.1 POST http://localhost:5002/Login/Register - application/x-www-form-urlencoded 242
2024-10-23 15:51:04.846 +02:00 [INF] Executing endpoint 'Ahmadside.Controllers.LoginController.Register (Ahmadside)'
2024-10-23 15:51:04.846 +02:00 [INF] Route matched with {action = "Register", controller = "Login"}. Executing controller action with signature Microsoft.AspNetCore.Mvc.IActionResult Register() on controller Ahmadside.Controllers.LoginController (Ahmadside).
2024-10-23 15:51:04.846 +02:00 [INF] Executing ViewResult, running view Register.
2024-10-23 15:51:04.849 +02:00 [INF] Executed ViewResult - view Register executed in 2.3066ms.
2024-10-23 15:51:04.849 +02:00 [INF] Executed action Ahmadside.Controllers.LoginController.Register (Ahmadside) in 2.6026ms
2024-10-23 15:51:04.849 +02:00 [INF] Executed endpoint 'Ahmadside.Controllers.LoginController.Register (Ahmadside)'
2024-10-23 15:51:04.849 +02:00 [INF] Request finished HTTP/1.1 POST http://localhost:5002/Login/Register - 200 null text/html; charset=utf-8 5.0943ms
2024-10-23 15:51:05.426 +02:00 [INF] Request starting HTTP/1.1 POST http://localhost:5002/Login/Register - application/x-www-form-urlencoded 242
2024-10-23 15:51:05.426 +02:00 [INF] Executing endpoint 'Ahmadside.Controllers.LoginController.Register (Ahmadside)'
2024-10-23 15:51:05.426 +02:00 [INF] Route matched with {action = "Register", controller = "Login"}. Executing controller action with signature Microsoft.AspNetCore.Mvc.IActionResult Register() on controller Ahmadside.Controllers.LoginController (Ahmadside).
2024-10-23 15:51:05.427 +02:00 [INF] Executing ViewResult, running view Register.
2024-10-23 15:51:05.427 +02:00 [INF] Executed ViewResult - view Register executed in 0.9755ms.
2024-10-23 15:51:05.428 +02:00 [INF] Executed action Ahmadside.Controllers.LoginController.Register (Ahmadside) in 1.1694ms
2024-10-23 15:51:05.428 +02:00 [INF] Executed endpoint 'Ahmadside.Controllers.LoginController.Register (Ahmadside)'
2024-10-23 15:51:05.428 +02:00 [INF] Request finished HTTP/1.1 POST http://localhost:5002/Login/Register - 200 null text/html; charset=utf-8 1.6722ms
2024-10-23 15:51:06.129 +02:00 [INF] Request starting HTTP/1.1 POST http://localhost:5002/Login/Register - application/x-www-form-urlencoded 242
2024-10-23 15:51:06.129 +02:00 [INF] Executing endpoint 'Ahmadside.Controllers.LoginController.Register (Ahmadside)'
2024-10-23 15:51:06.129 +02:00 [INF] Route matched with {action = "Register", controller = "Login"}. Executing controller action with signature Microsoft.AspNetCore.Mvc.IActionResult Register() on controller Ahmadside.Controllers.LoginController (Ahmadside).
2024-10-23 15:51:06.129 +02:00 [INF] Executing ViewResult, running view Register.
2024-10-23 15:51:06.131 +02:00 [INF] Executed ViewResult - view Register executed in 1.6117ms.
2024-10-23 15:51:06.131 +02:00 [INF] Executed action Ahmadside.Controllers.LoginController.Register (Ahmadside) in 1.8721ms
2024-10-23 15:51:06.131 +02:00 [INF] Executed endpoint 'Ahmadside.Controllers.LoginController.Register (Ahmadside)'
2024-10-23 15:51:06.131 +02:00 [INF] Request finished HTTP/1.1 POST http://localhost:5002/Login/Register - 200 null text/html; charset=utf-8 2.7047ms
2024-10-23 15:51:06.677 +02:00 [INF] Request starting HTTP/1.1 POST http://localhost:5002/Login/Register - application/x-www-form-urlencoded 242
2024-10-23 15:51:06.677 +02:00 [INF] Executing endpoint 'Ahmadside.Controllers.LoginController.Register (Ahmadside)'
2024-10-23 15:51:06.677 +02:00 [INF] Route matched with {action = "Register", controller = "Login"}. Executing controller action with signature Microsoft.AspNetCore.Mvc.IActionResult Register() on controller Ahmadside.Controllers.LoginController (Ahmadside).
2024-10-23 15:51:06.677 +02:00 [INF] Executing ViewResult, running view Register.
2024-10-23 15:51:06.678 +02:00 [INF] Executed ViewResult - view Register executed in 1.097ms.
2024-10-23 15:51:06.678 +02:00 [INF] Executed action Ahmadside.Controllers.LoginController.Register (Ahmadside) in 1.2933ms
2024-10-23 15:51:06.678 +02:00 [INF] Executed endpoint 'Ahmadside.Controllers.LoginController.Register (Ahmadside)'
2024-10-23 15:51:06.679 +02:00 [INF] Request finished HTTP/1.1 POST http://localhost:5002/Login/Register - 200 null text/html; charset=utf-8 1.9293ms
2024-10-23 15:51:07.227 +02:00 [INF] Request starting HTTP/1.1 POST http://localhost:5002/Login/Register - application/x-www-form-urlencoded 242
2024-10-23 15:51:07.227 +02:00 [INF] Executing endpoint 'Ahmadside.Controllers.LoginController.Register (Ahmadside)'
2024-10-23 15:51:07.227 +02:00 [INF] Route matched with {action = "Register", controller = "Login"}. Executing controller action with signature Microsoft.AspNetCore.Mvc.IActionResult Register() on controller Ahmadside.Controllers.LoginController (Ahmadside).
2024-10-23 15:51:07.227 +02:00 [INF] Executing ViewResult, running view Register.
2024-10-23 15:51:07.228 +02:00 [INF] Executed ViewResult - view Register executed in 1.1142ms.
2024-10-23 15:51:07.228 +02:00 [INF] Executed action Ahmadside.Controllers.LoginController.Register (Ahmadside) in 1.3023ms
2024-10-23 15:51:07.229 +02:00 [INF] Executed endpoint 'Ahmadside.Controllers.LoginController.Register (Ahmadside)'
2024-10-23 15:51:07.229 +02:00 [INF] Request finished HTTP/1.1 POST http://localhost:5002/Login/Register - 200 null text/html; charset=utf-8 2.0266ms
2024-10-23 15:55:07.225 +02:00 [INF] Request starting HTTP/1.1 GET http://localhost:5002/Login/Register - null null
2024-10-23 15:55:07.225 +02:00 [INF] Executing endpoint 'Ahmadside.Controllers.LoginController.Register (Ahmadside)'
2024-10-23 15:55:07.226 +02:00 [INF] Route matched with {action = "Register", controller = "Login"}. Executing controller action with signature Microsoft.AspNetCore.Mvc.IActionResult Register() on controller Ahmadside.Controllers.LoginController (Ahmadside).
2024-10-23 15:55:07.226 +02:00 [INF] Executing ViewResult, running view Register.
2024-10-23 15:55:07.228 +02:00 [INF] Executed ViewResult - view Register executed in 2.0151ms.
2024-10-23 15:55:07.228 +02:00 [INF] Executed action Ahmadside.Controllers.LoginController.Register (Ahmadside) in 2.2365ms
2024-10-23 15:55:07.228 +02:00 [INF] Executed endpoint 'Ahmadside.Controllers.LoginController.Register (Ahmadside)'
2024-10-23 15:55:07.228 +02:00 [INF] Request finished HTTP/1.1 GET http://localhost:5002/Login/Register - 200 null text/html; charset=utf-8 3.1597ms
2024-10-23 15:55:08.943 +02:00 [INF] Request starting HTTP/1.1 GET http://localhost:5002/Login/Register - null null
2024-10-23 15:55:08.943 +02:00 [INF] Executing endpoint 'Ahmadside.Controllers.LoginController.Register (Ahmadside)'
2024-10-23 15:55:08.943 +02:00 [INF] Route matched with {action = "Register", controller = "Login"}. Executing controller action with signature Microsoft.AspNetCore.Mvc.IActionResult Register() on controller Ahmadside.Controllers.LoginController (Ahmadside).
2024-10-23 15:55:08.944 +02:00 [INF] Executing ViewResult, running view Register.
2024-10-23 15:55:08.945 +02:00 [INF] Executed ViewResult - view Register executed in 1.2807ms.
2024-10-23 15:55:08.945 +02:00 [INF] Executed action Ahmadside.Controllers.LoginController.Register (Ahmadside) in 1.4996ms
2024-10-23 15:55:08.945 +02:00 [INF] Executed endpoint 'Ahmadside.Controllers.LoginController.Register (Ahmadside)'
2024-10-23 15:55:08.945 +02:00 [INF] Request finished HTTP/1.1 GET http://localhost:5002/Login/Register - 200 null text/html; charset=utf-8 2.1266ms
2024-10-23 15:55:15.940 +02:00 [INF] Request starting HTTP/1.1 GET http://localhost:5002/Login - null null
2024-10-23 15:55:15.940 +02:00 [INF] Executing endpoint 'Ahmadside.Controllers.LoginController.Index (Ahmadside)'
2024-10-23 15:55:15.940 +02:00 [INF] Route matched with {action = "Index", controller = "Login"}. Executing controller action with signature Microsoft.AspNetCore.Mvc.IActionResult Index() on controller Ahmadside.Controllers.LoginController (Ahmadside).
2024-10-23 15:55:15.941 +02:00 [INF] Executing ViewResult, running view Index.
2024-10-23 15:55:15.941 +02:00 [INF] Executed ViewResult - view Index executed in 0.7051ms.
2024-10-23 15:55:15.941 +02:00 [INF] Executed action Ahmadside.Controllers.LoginController.Index (Ahmadside) in 0.9545ms
2024-10-23 15:55:15.942 +02:00 [INF] Executed endpoint 'Ahmadside.Controllers.LoginController.Index (Ahmadside)'
2024-10-23 15:55:15.942 +02:00 [INF] Request finished HTTP/1.1 GET http://localhost:5002/Login - 200 null text/html; charset=utf-8 1.5408ms
2024-10-23 15:55:17.375 +02:00 [INF] Request starting HTTP/1.1 GET http://localhost:5002/Login/Register - null null
2024-10-23 15:55:17.375 +02:00 [INF] Executing endpoint 'Ahmadside.Controllers.LoginController.Register (Ahmadside)'
2024-10-23 15:55:17.375 +02:00 [INF] Route matched with {action = "Register", controller = "Login"}. Executing controller action with signature Microsoft.AspNetCore.Mvc.IActionResult Register() on controller Ahmadside.Controllers.LoginController (Ahmadside).
2024-10-23 15:55:17.376 +02:00 [INF] Executing ViewResult, running view Register.
2024-10-23 15:55:17.377 +02:00 [INF] Executed ViewResult - view Register executed in 1.0043ms.
2024-10-23 15:55:17.377 +02:00 [INF] Executed action Ahmadside.Controllers.LoginController.Register (Ahmadside) in 1.2349ms
2024-10-23 15:55:17.377 +02:00 [INF] Executed endpoint 'Ahmadside.Controllers.LoginController.Register (Ahmadside)'
2024-10-23 15:55:17.377 +02:00 [INF] Request finished HTTP/1.1 GET http://localhost:5002/Login/Register - 200 null text/html; charset=utf-8 1.8063ms
2024-10-23 15:55:18.389 +02:00 [INF] Request starting HTTP/1.1 GET http://localhost:5002/Login - null null
2024-10-23 15:55:18.389 +02:00 [INF] Executing endpoint 'Ahmadside.Controllers.LoginController.Index (Ahmadside)'
2024-10-23 15:55:18.389 +02:00 [INF] Route matched with {action = "Index", controller = "Login"}. Executing controller action with signature Microsoft.AspNetCore.Mvc.IActionResult Index() on controller Ahmadside.Controllers.LoginController (Ahmadside).
2024-10-23 15:55:18.390 +02:00 [INF] Executing ViewResult, running view Index.
2024-10-23 15:55:18.390 +02:00 [INF] Executed ViewResult - view Index executed in 0.8163ms.
2024-10-23 15:55:18.390 +02:00 [INF] Executed action Ahmadside.Controllers.LoginController.Index (Ahmadside) in 1.0801ms
2024-10-23 15:55:18.391 +02:00 [INF] Executed endpoint 'Ahmadside.Controllers.LoginController.Index (Ahmadside)'
2024-10-23 15:55:18.391 +02:00 [INF] Request finished HTTP/1.1 GET http://localhost:5002/Login - 200 null text/html; charset=utf-8 1.9026ms
2024-10-23 15:55:19.926 +02:00 [INF] Request starting HTTP/1.1 GET http://localhost:5002/Login/Register - null null
2024-10-23 15:55:19.926 +02:00 [INF] Executing endpoint 'Ahmadside.Controllers.LoginController.Register (Ahmadside)'
2024-10-23 15:55:19.926 +02:00 [INF] Route matched with {action = "Register", controller = "Login"}. Executing controller action with signature Microsoft.AspNetCore.Mvc.IActionResult Register() on controller Ahmadside.Controllers.LoginController (Ahmadside).
2024-10-23 15:55:19.926 +02:00 [INF] Executing ViewResult, running view Register.
2024-10-23 15:55:19.927 +02:00 [INF] Executed ViewResult - view Register executed in 1.0457ms.
2024-10-23 15:55:19.927 +02:00 [INF] Executed action Ahmadside.Controllers.LoginController.Register (Ahmadside) in 1.2648ms
2024-10-23 15:55:19.927 +02:00 [INF] Executed endpoint 'Ahmadside.Controllers.LoginController.Register (Ahmadside)'
2024-10-23 15:55:19.927 +02:00 [INF] Request finished HTTP/1.1 GET http://localhost:5002/Login/Register - 200 null text/html; charset=utf-8 1.7257ms
2024-10-23 15:56:03.123 +02:00 [INF] Request starting HTTP/1.1 GET http://localhost:5002/Login/Register - null null
2024-10-23 15:56:03.123 +02:00 [INF] Executing endpoint 'Ahmadside.Controllers.LoginController.Register (Ahmadside)'
2024-10-23 15:56:03.123 +02:00 [INF] Route matched with {action = "Register", controller = "Login"}. Executing controller action with signature Microsoft.AspNetCore.Mvc.IActionResult Register() on controller Ahmadside.Controllers.LoginController (Ahmadside).
2024-10-23 15:56:03.124 +02:00 [INF] Executing ViewResult, running view Register.
2024-10-23 15:56:03.125 +02:00 [INF] Executed ViewResult - view Register executed in 1.2075ms.
2024-10-23 15:56:03.125 +02:00 [INF] Executed action Ahmadside.Controllers.LoginController.Register (Ahmadside) in 1.3844ms
2024-10-23 15:56:03.125 +02:00 [INF] Executed endpoint 'Ahmadside.Controllers.LoginController.Register (Ahmadside)'
2024-10-23 15:56:03.125 +02:00 [INF] Request finished HTTP/1.1 GET http://localhost:5002/Login/Register - 200 null text/html; charset=utf-8 2.0687ms
2024-10-23 15:56:04.006 +02:00 [INF] Request starting HTTP/1.1 GET http://localhost:5002/Home/About - null null
2024-10-23 15:56:04.007 +02:00 [INF] Executing endpoint 'Ahmadside.Controllers.HomeController.About (Ahmadside)'
2024-10-23 15:56:04.009 +02:00 [INF] Route matched with {action = "About", controller = "Home"}. Executing controller action with signature Microsoft.AspNetCore.Mvc.IActionResult About() on controller Ahmadside.Controllers.HomeController (Ahmadside).
2024-10-23 15:56:04.011 +02:00 [INF] Executing ViewResult, running view About.
2024-10-23 15:56:04.015 +02:00 [INF] Executed ViewResult - view About executed in 5.2125ms.
2024-10-23 15:56:04.015 +02:00 [INF] Executed action Ahmadside.Controllers.HomeController.About (Ahmadside) in 5.7833ms
2024-10-23 15:56:04.015 +02:00 [INF] Executed endpoint 'Ahmadside.Controllers.HomeController.About (Ahmadside)'
2024-10-23 15:56:04.015 +02:00 [INF] Request finished HTTP/1.1 GET http://localhost:5002/Home/About - 200 null text/html; charset=utf-8 9.2853ms
2024-10-23 15:56:04.908 +02:00 [INF] Request starting HTTP/1.1 GET http://localhost:5002/Login - null null
2024-10-23 15:56:04.908 +02:00 [INF] Executing endpoint 'Ahmadside.Controllers.LoginController.Index (Ahmadside)'
2024-10-23 15:56:04.908 +02:00 [INF] Route matched with {action = "Index", controller = "Login"}. Executing controller action with signature Microsoft.AspNetCore.Mvc.IActionResult Index() on controller Ahmadside.Controllers.LoginController (Ahmadside).
2024-10-23 15:56:04.908 +02:00 [INF] Executing ViewResult, running view Index.
2024-10-23 15:56:04.909 +02:00 [INF] Executed ViewResult - view Index executed in 0.6016ms.
2024-10-23 15:56:04.909 +02:00 [INF] Executed action Ahmadside.Controllers.LoginController.Index (Ahmadside) in 0.7635ms
2024-10-23 15:56:04.909 +02:00 [INF] Executed endpoint 'Ahmadside.Controllers.LoginController.Index (Ahmadside)'
2024-10-23 15:56:04.909 +02:00 [INF] Request finished HTTP/1.1 GET http://localhost:5002/Login - 200 null text/html; charset=utf-8 1.1763ms
2024-10-23 15:56:05.506 +02:00 [INF] Request starting HTTP/1.1 GET http://localhost:5002/Home/Privacy - null null
2024-10-23 15:56:05.506 +02:00 [INF] Executing endpoint 'Ahmadside.Controllers.HomeController.Privacy (Ahmadside)'
2024-10-23 15:56:05.506 +02:00 [INF] Route matched with {action = "Privacy", controller = "Home"}. Executing controller action with signature Microsoft.AspNetCore.Mvc.IActionResult Privacy() on controller Ahmadside.Controllers.HomeController (Ahmadside).
2024-10-23 15:56:05.507 +02:00 [INF] Executing ViewResult, running view Privacy.
2024-10-23 15:56:05.507 +02:00 [INF] Executed ViewResult - view Privacy executed in 0.8239ms.
2024-10-23 15:56:05.507 +02:00 [INF] Executed action Ahmadside.Controllers.HomeController.Privacy (Ahmadside) in 1.0134ms
2024-10-23 15:56:05.507 +02:00 [INF] Executed endpoint 'Ahmadside.Controllers.HomeController.Privacy (Ahmadside)'
2024-10-23 15:56:05.507 +02:00 [INF] Request finished HTTP/1.1 GET http://localhost:5002/Home/Privacy - 200 null text/html; charset=utf-8 1.482ms
2024-10-23 15:56:08.858 +02:00 [INF] Request starting HTTP/1.1 GET http://localhost:5002/ - null null
2024-10-23 15:56:08.858 +02:00 [INF] Executing endpoint 'Ahmadside.Controllers.HomeController.Index (Ahmadside)'
2024-10-23 15:56:08.858 +02:00 [INF] Route matched with {action = "Index", controller = "Home"}. Executing controller action with signature Microsoft.AspNetCore.Mvc.IActionResult Index() on controller Ahmadside.Controllers.HomeController (Ahmadside).
2024-10-23 15:56:08.858 +02:00 [INF] Executing ViewResult, running view Index.
2024-10-23 15:56:08.859 +02:00 [INF] Executed ViewResult - view Index executed in 0.613ms.
2024-10-23 15:56:08.859 +02:00 [INF] Executed action Ahmadside.Controllers.HomeController.Index (Ahmadside) in 0.7686ms
2024-10-23 15:56:08.859 +02:00 [INF] Executed endpoint 'Ahmadside.Controllers.HomeController.Index (Ahmadside)'
2024-10-23 15:56:08.859 +02:00 [INF] Request finished HTTP/1.1 GET http://localhost:5002/ - 200 null text/html; charset=utf-8 1.1644ms
2024-10-23 15:56:10.491 +02:00 [INF] Request starting HTTP/1.1 GET http://localhost:5002/Home/About - null null
2024-10-23 15:56:10.491 +02:00 [INF] Executing endpoint 'Ahmadside.Controllers.HomeController.About (Ahmadside)'
2024-10-23 15:56:10.491 +02:00 [INF] Route matched with {action = "About", controller = "Home"}. Executing controller action with signature Microsoft.AspNetCore.Mvc.IActionResult About() on controller Ahmadside.Controllers.HomeController (Ahmadside).
2024-10-23 15:56:10.491 +02:00 [INF] Executing ViewResult, running view About.
2024-10-23 15:56:10.492 +02:00 [INF] Executed ViewResult - view About executed in 0.6256ms.
2024-10-23 15:56:10.492 +02:00 [INF] Executed action Ahmadside.Controllers.HomeController.About (Ahmadside) in 0.7993ms
2024-10-23 15:56:10.492 +02:00 [INF] Executed endpoint 'Ahmadside.Controllers.HomeController.About (Ahmadside)'
2024-10-23 15:56:10.492 +02:00 [INF] Request finished HTTP/1.1 GET http://localhost:5002/Home/About - 200 null text/html; charset=utf-8 1.1904ms
2024-10-23 15:56:11.506 +02:00 [INF] Request starting HTTP/1.1 GET http://localhost:5002/Login - null null
2024-10-23 15:56:11.506 +02:00 [INF] Executing endpoint 'Ahmadside.Controllers.LoginController.Index (Ahmadside)'
2024-10-23 15:56:11.506 +02:00 [INF] Route matched with {action = "Index", controller = "Login"}. Executing controller action with signature Microsoft.AspNetCore.Mvc.IActionResult Index() on controller Ahmadside.Controllers.LoginController (Ahmadside).
2024-10-23 15:56:11.506 +02:00 [INF] Executing ViewResult, running view Index.
2024-10-23 15:56:11.507 +02:00 [INF] Executed ViewResult - view Index executed in 0.4452ms.
2024-10-23 15:56:11.507 +02:00 [INF] Executed action Ahmadside.Controllers.LoginController.Index (Ahmadside) in 0.5538ms
2024-10-23 15:56:11.507 +02:00 [INF] Executed endpoint 'Ahmadside.Controllers.LoginController.Index (Ahmadside)'
2024-10-23 15:56:11.507 +02:00 [INF] Request finished HTTP/1.1 GET http://localhost:5002/Login - 200 null text/html; charset=utf-8 1.0159ms
2024-10-23 15:56:14.348 +02:00 [INF] Request starting HTTP/1.1 GET http://localhost:5002/User/List - null null
2024-10-23 15:56:14.348 +02:00 [INF] Executing endpoint 'Ahmadside.Controllers.UserController.List (Ahmadside)'
2024-10-23 15:56:14.349 +02:00 [INF] Route matched with {action = "List", controller = "User"}. Executing controller action with signature Microsoft.AspNetCore.Mvc.IActionResult List() on controller Ahmadside.Controllers.UserController (Ahmadside).
2024-10-23 15:56:14.379 +02:00 [INF] Executed action Ahmadside.Controllers.UserController.List (Ahmadside) in 30.0693ms
2024-10-23 15:56:14.379 +02:00 [INF] Executed endpoint 'Ahmadside.Controllers.UserController.List (Ahmadside)'
2024-10-23 15:56:14.380 +02:00 [ERR] An unhandled exception has occurred while executing the request.
System.InvalidOperationException: The entity type 'User' requires a primary key to be defined. If you intended to use a keyless entity type, call 'HasNoKey' in 'OnModelCreating'. For more information on keyless entity types, see https://go.microsoft.com/fwlink/?linkid=2141943.
   at Microsoft.EntityFrameworkCore.Infrastructure.ModelValidator.ValidateNonNullPrimaryKeys(IModel model, IDiagnosticsLogger`1 logger)
   at Microsoft.EntityFrameworkCore.Infrastructure.ModelValidator.Validate(IModel model, IDiagnosticsLogger`1 logger)
   at Microsoft.EntityFrameworkCore.Infrastructure.RelationalModelValidator.Validate(IModel model, IDiagnosticsLogger`1 logger)
   at Microsoft.EntityFrameworkCore.Sqlite.Infrastructure.Internal.SqliteModelValidator.Validate(IModel model, IDiagnosticsLogger`1 logger)
   at Microsoft.EntityFrameworkCore.Infrastructure.ModelRuntimeInitializer.Initialize(IModel model, Boolean designTime, IDiagnosticsLogger`1 validationLogger)
   at Microsoft.EntityFrameworkCore.Infrastructure.ModelSource.GetModel(DbContext context, ModelCreationDependencies modelCreationDependencies, Boolean designTime)
   at Microsoft.EntityFrameworkCore.Internal.DbContextServices.CreateModel(Boolean designTime)
   at Microsoft.EntityFrameworkCore.Internal.DbContextServices.get_Model()
   at Microsoft.EntityFrameworkCore.Infrastructure.EntityFrameworkServicesBuilder.<>c.<TryAddCoreServices>b__8_4(IServiceProvider p)
   at Microsoft.Extensions.DependencyInjection.ServiceLookup.CallSiteVisitor`2.VisitCallSiteMain(ServiceCallSite callSite, TArgument argument)
   at Microsoft.Extensions.DependencyInjection.ServiceLookup.CallSiteRuntimeResolver.VisitCache(ServiceCallSite callSite, RuntimeResolverContext context, ServiceProviderEngineScope serviceProviderEngine, RuntimeResolverLock lockType)
   at Microsoft.Extensions.DependencyInjection.ServiceLookup.CallSiteVisitor`2.VisitCallSite(ServiceCallSite callSite, TArgument argument)
   at Microsoft.Extensions.DependencyInjection.ServiceLookup.CallSiteVisitor`2.VisitCallSiteMain(ServiceCallSite callSite, TArgument argument)
   at Microsoft.Extensions.DependencyInjection.ServiceLookup.CallSiteRuntimeResolver.VisitCache(ServiceCallSite callSite, RuntimeResolverContext context, ServiceProviderEngineScope serviceProviderEngine, RuntimeResolverLock lockType)
   at Microsoft.Extensions.DependencyInjection.ServiceLookup.CallSiteVisitor`2.VisitCallSite(ServiceCallSite callSite, TArgument argument)
   at Microsoft.Extensions.DependencyInjection.ServiceLookup.CallSiteVisitor`2.VisitCallSiteMain(ServiceCallSite callSite, TArgument argument)
   at Microsoft.Extensions.DependencyInjection.ServiceLookup.CallSiteRuntimeResolver.VisitCache(ServiceCallSite callSite, RuntimeResolverContext context, ServiceProviderEngineScope serviceProviderEngine, RuntimeResolverLock lockType)
   at Microsoft.Extensions.DependencyInjection.ServiceLookup.CallSiteVisitor`2.VisitCallSite(ServiceCallSite callSite, TArgument argument)
   at Microsoft.Extensions.DependencyInjection.ServiceLookup.CallSiteVisitor`2.VisitCallSiteMain(ServiceCallSite callSite, TArgument argument)
   at Microsoft.Extensions.DependencyInjection.ServiceLookup.CallSiteRuntimeResolver.VisitCache(ServiceCallSite callSite, RuntimeResolverContext context, ServiceProviderEngineScope serviceProviderEngine, RuntimeResolverLock lockType)
   at Microsoft.Extensions.DependencyInjection.ServiceLookup.CallSiteVisitor`2.VisitCallSite(ServiceCallSite callSite, TArgument argument)
   at Microsoft.Extensions.DependencyInjection.ServiceLookup.CallSiteVisitor`2.VisitCallSiteMain(ServiceCallSite callSite, TArgument argument)
   at Microsoft.Extensions.DependencyInjection.ServiceLookup.CallSiteRuntimeResolver.VisitCache(ServiceCallSite callSite, RuntimeResolverContext context, ServiceProviderEngineScope serviceProviderEngine, RuntimeResolverLock lockType)
   at Microsoft.Extensions.DependencyInjection.ServiceLookup.CallSiteVisitor`2.VisitCallSite(ServiceCallSite callSite, TArgument argument)
   at Microsoft.Extensions.DependencyInjection.ServiceLookup.CallSiteVisitor`2.VisitCallSiteMain(ServiceCallSite callSite, TArgument argument)
   at Microsoft.Extensions.DependencyInjection.ServiceLookup.CallSiteRuntimeResolver.VisitCache(ServiceCallSite callSite, RuntimeResolverContext context, ServiceProviderEngineScope serviceProviderEngine, RuntimeResolverLock lockType)
   at Microsoft.Extensions.DependencyInjection.ServiceLookup.CallSiteVisitor`2.VisitCallSite(ServiceCallSite callSite, TArgument argument)
   at Microsoft.Extensions.DependencyInjection.ServiceLookup.CallSiteRuntimeResolver.Resolve(ServiceCallSite callSite, ServiceProviderEngineScope scope)
   at Microsoft.Extensions.DependencyInjection.ServiceLookup.DynamicServiceProviderEngine.<>c__DisplayClass2_0.<RealizeService>b__0(ServiceProviderEngineScope scope)
   at Microsoft.Extensions.DependencyInjection.ServiceProviderServiceExtensions.GetRequiredService(IServiceProvider provider, Type serviceType)
   at Microsoft.Extensions.DependencyInjection.ServiceProviderServiceExtensions.GetRequiredService[T](IServiceProvider provider)
   at Microsoft.EntityFrameworkCore.DbContext.get_DbContextDependencies()
   at Microsoft.EntityFrameworkCore.DbContext.get_ContextServices()
   at Microsoft.EntityFrameworkCore.DbContext.get_InternalServiceProvider()
   at Microsoft.EntityFrameworkCore.DbContext.Microsoft.EntityFrameworkCore.Infrastructure.IInfrastructure<System.IServiceProvider>.get_Instance()
   at Microsoft.EntityFrameworkCore.Infrastructure.Internal.InfrastructureExtensions.GetService(IInfrastructure`1 accessor, Type serviceType)
   at Microsoft.EntityFrameworkCore.Infrastructure.Internal.InfrastructureExtensions.GetService[TService](IInfrastructure`1 accessor)
   at Microsoft.EntityFrameworkCore.Infrastructure.AccessorExtensions.GetService[TService](IInfrastructure`1 accessor)
   at Microsoft.EntityFrameworkCore.Infrastructure.DatabaseFacade.get_Dependencies()
   at Microsoft.EntityFrameworkCore.Infrastructure.DatabaseFacade.EnsureCreated()
   at Ahmadside.Models.UserDbContext..ctor(DbContextOptions`1 options) in /Users/ahmadfaryabi/Documents/nettside kos/Ahmadside/Models/UserDbContext.cs:line 9
   at InvokeStub_UserDbContext..ctor(Object, Span`1)
   at System.Reflection.MethodBaseInvoker.InvokeWithOneArg(Object obj, BindingFlags invokeAttr, Binder binder, Object[] parameters, CultureInfo culture)
   at Microsoft.Extensions.DependencyInjection.ServiceLookup.CallSiteVisitor`2.VisitCallSiteMain(ServiceCallSite callSite, TArgument argument)
   at Microsoft.Extensions.DependencyInjection.ServiceLookup.CallSiteRuntimeResolver.VisitCache(ServiceCallSite callSite, RuntimeResolverContext context, ServiceProviderEngineScope serviceProviderEngine, RuntimeResolverLock lockType)
   at Microsoft.Extensions.DependencyInjection.ServiceLookup.CallSiteVisitor`2.VisitCallSite(ServiceCallSite callSite, TArgument argument)
   at Microsoft.Extensions.DependencyInjection.ServiceLookup.CallSiteRuntimeResolver.Resolve(ServiceCallSite callSite, ServiceProviderEngineScope scope)
   at Microsoft.Extensions.DependencyInjection.ServiceLookup.DynamicServiceProviderEngine.<>c__DisplayClass2_0.<RealizeService>b__0(ServiceProviderEngineScope scope)
   at Microsoft.Extensions.DependencyInjection.ServiceLookup.ServiceProviderEngineScope.GetService(Type serviceType)
   at lambda_method2(Closure, IServiceProvider, Object[])
   at Microsoft.AspNetCore.Mvc.Controllers.ControllerFactoryProvider.<>c__DisplayClass6_0.<CreateControllerFactory>g__CreateController|0(ControllerContext controllerContext)
   at Microsoft.AspNetCore.Mvc.Infrastructure.ControllerActionInvoker.Next(State& next, Scope& scope, Object& state, Boolean& isCompleted)
   at Microsoft.AspNetCore.Mvc.Infrastructure.ControllerActionInvoker.InvokeInnerFilterAsync()
--- End of stack trace from previous location ---
   at Microsoft.AspNetCore.Mvc.Infrastructure.ResourceInvoker.<InvokeNextResourceFilter>g__Awaited|25_0(ResourceInvoker invoker, Task lastTask, State next, Scope scope, Object state, Boolean isCompleted)
   at Microsoft.AspNetCore.Mvc.Infrastructure.ResourceInvoker.Rethrow(ResourceExecutedContextSealed context)
   at Microsoft.AspNetCore.Mvc.Infrastructure.ResourceInvoker.Next(State& next, Scope& scope, Object& state, Boolean& isCompleted)
   at Microsoft.AspNetCore.Mvc.Infrastructure.ResourceInvoker.InvokeFilterPipelineAsync()
--- End of stack trace from previous location ---
   at Microsoft.AspNetCore.Mvc.Infrastructure.ResourceInvoker.<InvokeAsync>g__Logged|17_1(ResourceInvoker invoker)
   at Microsoft.AspNetCore.Mvc.Infrastructure.ResourceInvoker.<InvokeAsync>g__Logged|17_1(ResourceInvoker invoker)
   at Microsoft.AspNetCore.Routing.EndpointMiddleware.<Invoke>g__AwaitRequestTask|7_0(Endpoint endpoint, Task requestTask, ILogger logger)
   at Microsoft.AspNetCore.Authorization.AuthorizationMiddleware.Invoke(HttpContext context)
   at Microsoft.AspNetCore.Diagnostics.ExceptionHandlerMiddlewareImpl.<Invoke>g__Awaited|10_0(ExceptionHandlerMiddlewareImpl middleware, HttpContext context, Task task)
2024-10-23 15:56:14.381 +02:00 [INF] Executing endpoint 'Ahmadside.Controllers.HomeController.Error (Ahmadside)'
2024-10-23 15:56:14.381 +02:00 [INF] Route matched with {action = "Error", controller = "Home"}. Executing controller action with signature Microsoft.AspNetCore.Mvc.IActionResult Error() on controller Ahmadside.Controllers.HomeController (Ahmadside).
2024-10-23 15:56:14.381 +02:00 [INF] Executing ViewResult, running view Error.
2024-10-23 15:56:14.382 +02:00 [INF] Executed ViewResult - view Error executed in 1.0824ms.
2024-10-23 15:56:14.382 +02:00 [INF] Executed action Ahmadside.Controllers.HomeController.Error (Ahmadside) in 1.2642ms
2024-10-23 15:56:14.382 +02:00 [INF] Executed endpoint 'Ahmadside.Controllers.HomeController.Error (Ahmadside)'
2024-10-23 15:56:14.383 +02:00 [INF] Request finished HTTP/1.1 GET http://localhost:5002/User/List - 500 null text/html; charset=utf-8 34.2858ms
2024-10-23 15:56:15.588 +02:00 [INF] Request starting HTTP/1.1 GET http://localhost:5002/User/List - null null
2024-10-23 15:56:15.588 +02:00 [INF] Executing endpoint 'Ahmadside.Controllers.UserController.List (Ahmadside)'
2024-10-23 15:56:15.588 +02:00 [INF] Route matched with {action = "List", controller = "User"}. Executing controller action with signature Microsoft.AspNetCore.Mvc.IActionResult List() on controller Ahmadside.Controllers.UserController (Ahmadside).
2024-10-23 15:56:15.593 +02:00 [INF] Executed action Ahmadside.Controllers.UserController.List (Ahmadside) in 5.1883ms
2024-10-23 15:56:15.593 +02:00 [INF] Executed endpoint 'Ahmadside.Controllers.UserController.List (Ahmadside)'
2024-10-23 15:56:15.595 +02:00 [ERR] An unhandled exception has occurred while executing the request.
System.InvalidOperationException: The entity type 'User' requires a primary key to be defined. If you intended to use a keyless entity type, call 'HasNoKey' in 'OnModelCreating'. For more information on keyless entity types, see https://go.microsoft.com/fwlink/?linkid=2141943.
   at Microsoft.EntityFrameworkCore.Infrastructure.ModelValidator.ValidateNonNullPrimaryKeys(IModel model, IDiagnosticsLogger`1 logger)
   at Microsoft.EntityFrameworkCore.Infrastructure.ModelValidator.Validate(IModel model, IDiagnosticsLogger`1 logger)
   at Microsoft.EntityFrameworkCore.Infrastructure.RelationalModelValidator.Validate(IModel model, IDiagnosticsLogger`1 logger)
   at Microsoft.EntityFrameworkCore.Sqlite.Infrastructure.Internal.SqliteModelValidator.Validate(IModel model, IDiagnosticsLogger`1 logger)
   at Microsoft.EntityFrameworkCore.Infrastructure.ModelRuntimeInitializer.Initialize(IModel model, Boolean designTime, IDiagnosticsLogger`1 validationLogger)
   at Microsoft.EntityFrameworkCore.Infrastructure.ModelSource.GetModel(DbContext context, ModelCreationDependencies modelCreationDependencies, Boolean designTime)
   at Microsoft.EntityFrameworkCore.Internal.DbContextServices.CreateModel(Boolean designTime)
   at Microsoft.EntityFrameworkCore.Internal.DbContextServices.get_Model()
   at Microsoft.EntityFrameworkCore.Infrastructure.EntityFrameworkServicesBuilder.<>c.<TryAddCoreServices>b__8_4(IServiceProvider p)
   at Microsoft.Extensions.DependencyInjection.ServiceLookup.CallSiteVisitor`2.VisitCallSiteMain(ServiceCallSite callSite, TArgument argument)
   at Microsoft.Extensions.DependencyInjection.ServiceLookup.CallSiteRuntimeResolver.VisitCache(ServiceCallSite callSite, RuntimeResolverContext context, ServiceProviderEngineScope serviceProviderEngine, RuntimeResolverLock lockType)
   at Microsoft.Extensions.DependencyInjection.ServiceLookup.CallSiteVisitor`2.VisitCallSite(ServiceCallSite callSite, TArgument argument)
   at Microsoft.Extensions.DependencyInjection.ServiceLookup.CallSiteVisitor`2.VisitCallSiteMain(ServiceCallSite callSite, TArgument argument)
   at Microsoft.Extensions.DependencyInjection.ServiceLookup.CallSiteRuntimeResolver.VisitCache(ServiceCallSite callSite, RuntimeResolverContext context, ServiceProviderEngineScope serviceProviderEngine, RuntimeResolverLock lockType)
   at Microsoft.Extensions.DependencyInjection.ServiceLookup.CallSiteVisitor`2.VisitCallSite(ServiceCallSite callSite, TArgument argument)
   at Microsoft.Extensions.DependencyInjection.ServiceLookup.CallSiteVisitor`2.VisitCallSiteMain(ServiceCallSite callSite, TArgument argument)
   at Microsoft.Extensions.DependencyInjection.ServiceLookup.CallSiteRuntimeResolver.VisitCache(ServiceCallSite callSite, RuntimeResolverContext context, ServiceProviderEngineScope serviceProviderEngine, RuntimeResolverLock lockType)
   at Microsoft.Extensions.DependencyInjection.ServiceLookup.CallSiteVisitor`2.VisitCallSite(ServiceCallSite callSite, TArgument argument)
   at Microsoft.Extensions.DependencyInjection.ServiceLookup.CallSiteVisitor`2.VisitCallSiteMain(ServiceCallSite callSite, TArgument argument)
   at Microsoft.Extensions.DependencyInjection.ServiceLookup.CallSiteRuntimeResolver.VisitCache(ServiceCallSite callSite, RuntimeResolverContext context, ServiceProviderEngineScope serviceProviderEngine, RuntimeResolverLock lockType)
   at Microsoft.Extensions.DependencyInjection.ServiceLookup.CallSiteVisitor`2.VisitCallSite(ServiceCallSite callSite, TArgument argument)
   at Microsoft.Extensions.DependencyInjection.ServiceLookup.CallSiteVisitor`2.VisitCallSiteMain(ServiceCallSite callSite, TArgument argument)
   at Microsoft.Extensions.DependencyInjection.ServiceLookup.CallSiteRuntimeResolver.VisitCache(ServiceCallSite callSite, RuntimeResolverContext context, ServiceProviderEngineScope serviceProviderEngine, RuntimeResolverLock lockType)
   at Microsoft.Extensions.DependencyInjection.ServiceLookup.CallSiteVisitor`2.VisitCallSite(ServiceCallSite callSite, TArgument argument)
   at Microsoft.Extensions.DependencyInjection.ServiceLookup.CallSiteVisitor`2.VisitCallSiteMain(ServiceCallSite callSite, TArgument argument)
   at Microsoft.Extensions.DependencyInjection.ServiceLookup.CallSiteRuntimeResolver.VisitCache(ServiceCallSite callSite, RuntimeResolverContext context, ServiceProviderEngineScope serviceProviderEngine, RuntimeResolverLock lockType)
   at Microsoft.Extensions.DependencyInjection.ServiceLookup.CallSiteVisitor`2.VisitCallSite(ServiceCallSite callSite, TArgument argument)
   at Microsoft.Extensions.DependencyInjection.ServiceLookup.CallSiteRuntimeResolver.Resolve(ServiceCallSite callSite, ServiceProviderEngineScope scope)
   at Microsoft.Extensions.DependencyInjection.ServiceLookup.DynamicServiceProviderEngine.<>c__DisplayClass2_0.<RealizeService>b__0(ServiceProviderEngineScope scope)
   at Microsoft.Extensions.DependencyInjection.ServiceProviderServiceExtensions.GetRequiredService(IServiceProvider provider, Type serviceType)
   at Microsoft.Extensions.DependencyInjection.ServiceProviderServiceExtensions.GetRequiredService[T](IServiceProvider provider)
   at Microsoft.EntityFrameworkCore.DbContext.get_DbContextDependencies()
   at Microsoft.EntityFrameworkCore.DbContext.get_ContextServices()
   at Microsoft.EntityFrameworkCore.DbContext.get_InternalServiceProvider()
   at Microsoft.EntityFrameworkCore.DbContext.Microsoft.EntityFrameworkCore.Infrastructure.IInfrastructure<System.IServiceProvider>.get_Instance()
   at Microsoft.EntityFrameworkCore.Infrastructure.Internal.InfrastructureExtensions.GetService(IInfrastructure`1 accessor, Type serviceType)
   at Microsoft.EntityFrameworkCore.Infrastructure.Internal.InfrastructureExtensions.GetService[TService](IInfrastructure`1 accessor)
   at Microsoft.EntityFrameworkCore.Infrastructure.AccessorExtensions.GetService[TService](IInfrastructure`1 accessor)
   at Microsoft.EntityFrameworkCore.Infrastructure.DatabaseFacade.get_Dependencies()
   at Microsoft.EntityFrameworkCore.Infrastructure.DatabaseFacade.EnsureCreated()
   at Ahmadside.Models.UserDbContext..ctor(DbContextOptions`1 options) in /Users/ahmadfaryabi/Documents/nettside kos/Ahmadside/Models/UserDbContext.cs:line 9
   at InvokeStub_UserDbContext..ctor(Object, Span`1)
   at System.Reflection.MethodBaseInvoker.InvokeWithOneArg(Object obj, BindingFlags invokeAttr, Binder binder, Object[] parameters, CultureInfo culture)
   at Microsoft.Extensions.DependencyInjection.ServiceLookup.CallSiteVisitor`2.VisitCallSiteMain(ServiceCallSite callSite, TArgument argument)
   at Microsoft.Extensions.DependencyInjection.ServiceLookup.CallSiteRuntimeResolver.VisitCache(ServiceCallSite callSite, RuntimeResolverContext context, ServiceProviderEngineScope serviceProviderEngine, RuntimeResolverLock lockType)
   at Microsoft.Extensions.DependencyInjection.ServiceLookup.CallSiteVisitor`2.VisitCallSite(ServiceCallSite callSite, TArgument argument)
   at Microsoft.Extensions.DependencyInjection.ServiceLookup.CallSiteRuntimeResolver.Resolve(ServiceCallSite callSite, ServiceProviderEngineScope scope)
   at Microsoft.Extensions.DependencyInjection.ServiceLookup.DynamicServiceProviderEngine.<>c__DisplayClass2_0.<RealizeService>b__0(ServiceProviderEngineScope scope)
   at Microsoft.Extensions.DependencyInjection.ServiceLookup.ServiceProviderEngineScope.GetService(Type serviceType)
   at lambda_method2(Closure, IServiceProvider, Object[])
   at Microsoft.AspNetCore.Mvc.Controllers.ControllerFactoryProvider.<>c__DisplayClass6_0.<CreateControllerFactory>g__CreateController|0(ControllerContext controllerContext)
   at Microsoft.AspNetCore.Mvc.Infrastructure.ControllerActionInvoker.Next(State& next, Scope& scope, Object& state, Boolean& isCompleted)
   at Microsoft.AspNetCore.Mvc.Infrastructure.ControllerActionInvoker.InvokeInnerFilterAsync()
--- End of stack trace from previous location ---
   at Microsoft.AspNetCore.Mvc.Infrastructure.ResourceInvoker.<InvokeNextResourceFilter>g__Awaited|25_0(ResourceInvoker invoker, Task lastTask, State next, Scope scope, Object state, Boolean isCompleted)
   at Microsoft.AspNetCore.Mvc.Infrastructure.ResourceInvoker.Rethrow(ResourceExecutedContextSealed context)
   at Microsoft.AspNetCore.Mvc.Infrastructure.ResourceInvoker.Next(State& next, Scope& scope, Object& state, Boolean& isCompleted)
   at Microsoft.AspNetCore.Mvc.Infrastructure.ResourceInvoker.InvokeFilterPipelineAsync()
--- End of stack trace from previous location ---
   at Microsoft.AspNetCore.Mvc.Infrastructure.ResourceInvoker.<InvokeAsync>g__Logged|17_1(ResourceInvoker invoker)
   at Microsoft.AspNetCore.Mvc.Infrastructure.ResourceInvoker.<InvokeAsync>g__Logged|17_1(ResourceInvoker invoker)
   at Microsoft.AspNetCore.Routing.EndpointMiddleware.<Invoke>g__AwaitRequestTask|7_0(Endpoint endpoint, Task requestTask, ILogger logger)
   at Microsoft.AspNetCore.Authorization.AuthorizationMiddleware.Invoke(HttpContext context)
   at Microsoft.AspNetCore.Diagnostics.ExceptionHandlerMiddlewareImpl.<Invoke>g__Awaited|10_0(ExceptionHandlerMiddlewareImpl middleware, HttpContext context, Task task)
2024-10-23 15:56:15.596 +02:00 [INF] Executing endpoint 'Ahmadside.Controllers.HomeController.Error (Ahmadside)'
2024-10-23 15:56:15.596 +02:00 [INF] Route matched with {action = "Error", controller = "Home"}. Executing controller action with signature Microsoft.AspNetCore.Mvc.IActionResult Error() on controller Ahmadside.Controllers.HomeController (Ahmadside).
2024-10-23 15:56:15.597 +02:00 [INF] Executing ViewResult, running view Error.
2024-10-23 15:56:15.597 +02:00 [INF] Executed ViewResult - view Error executed in 0.4324ms.
2024-10-23 15:56:15.597 +02:00 [INF] Executed action Ahmadside.Controllers.HomeController.Error (Ahmadside) in 0.7338ms
2024-10-23 15:56:15.597 +02:00 [INF] Executed endpoint 'Ahmadside.Controllers.HomeController.Error (Ahmadside)'
2024-10-23 15:56:15.597 +02:00 [INF] Request finished HTTP/1.1 GET http://localhost:5002/User/List - 500 null text/html; charset=utf-8 9.475ms
2024-10-23 16:04:26.750 +02:00 [INF] Application is shutting down...
