2024-10-28 13:08:30.218 +01:00 [INF] User profile is available. Using '/Users/ahmadfaryabi/.aspnet/DataProtection-Keys' as key repository; keys will not be encrypted at rest.
2024-10-28 13:08:30.461 +01:00 [INF] Now listening on: http://localhost:5002
2024-10-28 13:08:30.471 +01:00 [INF] Application started. Press Ctrl+C to shut down.
2024-10-28 13:08:30.473 +01:00 [INF] Hosting environment: Development
2024-10-28 13:08:30.473 +01:00 [INF] Content root path: /Users/ahmadfaryabi/Documents/nettside kos/Ahmadside
2024-10-28 13:08:34.406 +01:00 [INF] Request starting HTTP/1.1 GET http://localhost:5002/Login/Register - null null
2024-10-28 13:08:34.425 +01:00 [WRN] Failed to determine the https port for redirect.
2024-10-28 13:08:34.454 +01:00 [INF] Executing endpoint 'Ahmadside.Controllers.LoginController.Register (Ahmadside)'
2024-10-28 13:08:34.484 +01:00 [INF] Route matched with {action = "Register", controller = "Login"}. Executing controller action with signature Microsoft.AspNetCore.Mvc.IActionResult Register() on controller Ahmadside.Controllers.LoginController (Ahmadside).
2024-10-28 13:08:35.402 +01:00 [INF] Executed DbCommand (16ms) [Parameters=[], CommandType='"Text"', CommandTimeout='30']
SELECT COUNT(*) FROM "sqlite_master" WHERE "type" = 'table' AND "rootpage" IS NOT NULL;
2024-10-28 13:08:35.418 +01:00 [INF] Executing ViewResult, running view Register.
2024-10-28 13:08:35.733 +01:00 [INF] Executed ViewResult - view Register executed in 315.1864ms.
2024-10-28 13:08:35.741 +01:00 [INF] Executed action Ahmadside.Controllers.LoginController.Register (Ahmadside) in 1257.0148ms
2024-10-28 13:08:35.741 +01:00 [INF] Executed endpoint 'Ahmadside.Controllers.LoginController.Register (Ahmadside)'
2024-10-28 13:08:35.746 +01:00 [INF] Request starting HTTP/1.1 GET http://localhost:5002/lib/bootstrap/dist/css/bootstrap.min.css - null null
2024-10-28 13:08:35.750 +01:00 [INF] Request starting HTTP/1.1 GET http://localhost:5002/lib/bootstrap/dist/js/bootstrap.bundle.min.js - null null
2024-10-28 13:08:35.751 +01:00 [INF] Request starting HTTP/1.1 GET http://localhost:5002/css/site.css?v=3LA76xOnC7n3ZmOKshLhbjRCnizqbNNiEjw2MGwhzII - null null
2024-10-28 13:08:35.751 +01:00 [INF] Request starting HTTP/1.1 GET http://localhost:5002/Ahmadside.styles.css?v=rUW-nauVOqkyyEgiqv_a1YTN6vZwQCP4H4_p76acLKg - null null
2024-10-28 13:08:35.751 +01:00 [INF] Request starting HTTP/1.1 GET http://localhost:5002/js/site.js?v=hRQyftXiu1lLX2P9Ly9xa4gHJgLeR1uGN5qegUobtGo - null null
2024-10-28 13:08:35.757 +01:00 [INF] The file /Ahmadside.styles.css was not modified
2024-10-28 13:08:35.757 +01:00 [INF] The file /js/site.js was not modified
2024-10-28 13:08:35.758 +01:00 [INF] Request finished HTTP/1.1 GET http://localhost:5002/Ahmadside.styles.css?v=rUW-nauVOqkyyEgiqv_a1YTN6vZwQCP4H4_p76acLKg - 304 null text/css 5.8378ms
2024-10-28 13:08:35.758 +01:00 [INF] Request finished HTTP/1.1 GET http://localhost:5002/js/site.js?v=hRQyftXiu1lLX2P9Ly9xa4gHJgLeR1uGN5qegUobtGo - 304 null text/javascript 5.8895ms
2024-10-28 13:08:35.760 +01:00 [INF] Request finished HTTP/1.1 GET http://localhost:5002/Login/Register - 200 null text/html; charset=utf-8 1357.4446ms
2024-10-28 13:08:35.761 +01:00 [INF] Request starting HTTP/1.1 GET http://localhost:5002/lib/jquery/dist/jquery.min.js - null null
2024-10-28 13:08:35.770 +01:00 [INF] Sending file. Request path: '/css/site.css'. Physical path: '/Users/ahmadfaryabi/Documents/nettside kos/Ahmadside/wwwroot/css/site.css'
2024-10-28 13:08:35.771 +01:00 [INF] Request finished HTTP/1.1 GET http://localhost:5002/css/site.css?v=3LA76xOnC7n3ZmOKshLhbjRCnizqbNNiEjw2MGwhzII - 200 537 text/css 19.364ms
2024-10-28 13:08:35.773 +01:00 [INF] Sending file. Request path: '/lib/bootstrap/dist/js/bootstrap.bundle.min.js'. Physical path: '/Users/ahmadfaryabi/Documents/nettside kos/Ahmadside/wwwroot/lib/bootstrap/dist/js/bootstrap.bundle.min.js'
2024-10-28 13:08:35.775 +01:00 [INF] Request finished HTTP/1.1 GET http://localhost:5002/lib/bootstrap/dist/js/bootstrap.bundle.min.js - 200 78468 text/javascript 24.373ms
2024-10-28 13:08:35.777 +01:00 [INF] Sending file. Request path: '/lib/jquery/dist/jquery.min.js'. Physical path: '/Users/ahmadfaryabi/Documents/nettside kos/Ahmadside/wwwroot/lib/jquery/dist/jquery.min.js'
2024-10-28 13:08:35.777 +01:00 [INF] Sending file. Request path: '/lib/bootstrap/dist/css/bootstrap.min.css'. Physical path: '/Users/ahmadfaryabi/Documents/nettside kos/Ahmadside/wwwroot/lib/bootstrap/dist/css/bootstrap.min.css'
2024-10-28 13:08:35.778 +01:00 [INF] Request finished HTTP/1.1 GET http://localhost:5002/lib/bootstrap/dist/css/bootstrap.min.css - 200 162720 text/css 31.7883ms
2024-10-28 13:08:35.778 +01:00 [INF] Request finished HTTP/1.1 GET http://localhost:5002/lib/jquery/dist/jquery.min.js - 200 89501 text/javascript 17.0558ms
2024-10-28 13:08:44.547 +01:00 [INF] Request starting HTTP/1.1 GET http://localhost:5002/Login/Register - null null
2024-10-28 13:08:44.550 +01:00 [INF] Executing endpoint 'Ahmadside.Controllers.LoginController.Register (Ahmadside)'
2024-10-28 13:08:44.550 +01:00 [INF] Route matched with {action = "Register", controller = "Login"}. Executing controller action with signature Microsoft.AspNetCore.Mvc.IActionResult Register() on controller Ahmadside.Controllers.LoginController (Ahmadside).
2024-10-28 13:08:44.573 +01:00 [INF] Executed DbCommand (0ms) [Parameters=[], CommandType='"Text"', CommandTimeout='30']
SELECT COUNT(*) FROM "sqlite_master" WHERE "type" = 'table' AND "rootpage" IS NOT NULL;
2024-10-28 13:08:44.574 +01:00 [INF] Executing ViewResult, running view Register.
2024-10-28 13:08:44.582 +01:00 [INF] Executed ViewResult - view Register executed in 8.3541ms.
2024-10-28 13:08:44.582 +01:00 [INF] Executed action Ahmadside.Controllers.LoginController.Register (Ahmadside) in 31.9211ms
2024-10-28 13:08:44.583 +01:00 [INF] Executed endpoint 'Ahmadside.Controllers.LoginController.Register (Ahmadside)'
2024-10-28 13:08:44.583 +01:00 [INF] Request finished HTTP/1.1 GET http://localhost:5002/Login/Register - 200 null text/html; charset=utf-8 35.6745ms
2024-10-28 13:08:44.613 +01:00 [INF] Request starting HTTP/1.1 GET http://localhost:5002/favicon.ico - null null
2024-10-28 13:08:44.615 +01:00 [INF] Sending file. Request path: '/favicon.ico'. Physical path: '/Users/ahmadfaryabi/Documents/nettside kos/Ahmadside/wwwroot/favicon.ico'
2024-10-28 13:08:44.615 +01:00 [INF] Request finished HTTP/1.1 GET http://localhost:5002/favicon.ico - 200 5430 image/x-icon 1.5531ms
2024-10-28 13:09:26.332 +01:00 [INF] Request starting HTTP/1.1 GET http://localhost:5002/User/List - null null
2024-10-28 13:09:26.333 +01:00 [INF] Executing endpoint 'Ahmadside.Controllers.UserController.List (Ahmadside)'
2024-10-28 13:09:26.335 +01:00 [INF] Route matched with {action = "List", controller = "User"}. Executing controller action with signature Microsoft.AspNetCore.Mvc.IActionResult List() on controller Ahmadside.Controllers.UserController (Ahmadside).
2024-10-28 13:09:26.419 +01:00 [INF] Executed DbCommand (0ms) [Parameters=[], CommandType='"Text"', CommandTimeout='30']
SELECT COUNT(*) FROM "sqlite_master" WHERE "type" = 'table' AND "rootpage" IS NOT NULL;
2024-10-28 13:09:26.648 +01:00 [ERR] Failed executing DbCommand (2ms) [Parameters=[], CommandType='"Text"', CommandTimeout='30']
SELECT "u"."FirstName", "u"."Date_Started", "u"."Email", "u"."LastName", "u"."Password", "u"."Phone", "u"."Username"
FROM "Users" AS "u"
2024-10-28 13:09:26.697 +01:00 [ERR] An exception occurred while iterating over the results of a query for context type 'Ahmadside.Models.UserDbContext'.
Microsoft.Data.Sqlite.SqliteException (0x80004005): SQLite Error 1: 'no such column: u.LastName'.
   at Microsoft.Data.Sqlite.SqliteException.ThrowExceptionForRC(Int32 rc, sqlite3 db)
   at Microsoft.Data.Sqlite.SqliteCommand.PrepareAndEnumerateStatements()+MoveNext()
   at Microsoft.Data.Sqlite.SqliteCommand.GetStatements()+MoveNext()
   at Microsoft.Data.Sqlite.SqliteDataReader.NextResult()
   at Microsoft.Data.Sqlite.SqliteCommand.ExecuteReader(CommandBehavior behavior)
   at Microsoft.Data.Sqlite.SqliteCommand.ExecuteDbDataReader(CommandBehavior behavior)
   at Microsoft.EntityFrameworkCore.Storage.RelationalCommand.ExecuteReader(RelationalCommandParameterObject parameterObject)
   at Microsoft.EntityFrameworkCore.Query.Internal.SingleQueryingEnumerable`1.Enumerator.InitializeReader(Enumerator enumerator)
   at Microsoft.EntityFrameworkCore.Query.Internal.SingleQueryingEnumerable`1.Enumerator.<>c.<MoveNext>b__21_0(DbContext _, Enumerator enumerator)
   at Microsoft.EntityFrameworkCore.Storage.NonRetryingExecutionStrategy.Execute[TState,TResult](TState state, Func`3 operation, Func`3 verifySucceeded)
   at Microsoft.EntityFrameworkCore.Query.Internal.SingleQueryingEnumerable`1.Enumerator.MoveNext()
Microsoft.Data.Sqlite.SqliteException (0x80004005): SQLite Error 1: 'no such column: u.LastName'.
   at Microsoft.Data.Sqlite.SqliteException.ThrowExceptionForRC(Int32 rc, sqlite3 db)
   at Microsoft.Data.Sqlite.SqliteCommand.PrepareAndEnumerateStatements()+MoveNext()
   at Microsoft.Data.Sqlite.SqliteCommand.GetStatements()+MoveNext()
   at Microsoft.Data.Sqlite.SqliteDataReader.NextResult()
   at Microsoft.Data.Sqlite.SqliteCommand.ExecuteReader(CommandBehavior behavior)
   at Microsoft.Data.Sqlite.SqliteCommand.ExecuteDbDataReader(CommandBehavior behavior)
   at Microsoft.EntityFrameworkCore.Storage.RelationalCommand.ExecuteReader(RelationalCommandParameterObject parameterObject)
   at Microsoft.EntityFrameworkCore.Query.Internal.SingleQueryingEnumerable`1.Enumerator.InitializeReader(Enumerator enumerator)
   at Microsoft.EntityFrameworkCore.Query.Internal.SingleQueryingEnumerable`1.Enumerator.<>c.<MoveNext>b__21_0(DbContext _, Enumerator enumerator)
   at Microsoft.EntityFrameworkCore.Storage.NonRetryingExecutionStrategy.Execute[TState,TResult](TState state, Func`3 operation, Func`3 verifySucceeded)
   at Microsoft.EntityFrameworkCore.Query.Internal.SingleQueryingEnumerable`1.Enumerator.MoveNext()
2024-10-28 13:09:26.699 +01:00 [INF] Executed action Ahmadside.Controllers.UserController.List (Ahmadside) in 364.0247ms
2024-10-28 13:09:26.700 +01:00 [INF] Executed endpoint 'Ahmadside.Controllers.UserController.List (Ahmadside)'
2024-10-28 13:09:26.711 +01:00 [ERR] An unhandled exception has occurred while executing the request.
Microsoft.Data.Sqlite.SqliteException (0x80004005): SQLite Error 1: 'no such column: u.LastName'.
   at Microsoft.Data.Sqlite.SqliteException.ThrowExceptionForRC(Int32 rc, sqlite3 db)
   at Microsoft.Data.Sqlite.SqliteCommand.PrepareAndEnumerateStatements()+MoveNext()
   at Microsoft.Data.Sqlite.SqliteCommand.GetStatements()+MoveNext()
   at Microsoft.Data.Sqlite.SqliteDataReader.NextResult()
   at Microsoft.Data.Sqlite.SqliteCommand.ExecuteReader(CommandBehavior behavior)
   at Microsoft.Data.Sqlite.SqliteCommand.ExecuteDbDataReader(CommandBehavior behavior)
   at Microsoft.EntityFrameworkCore.Storage.RelationalCommand.ExecuteReader(RelationalCommandParameterObject parameterObject)
   at Microsoft.EntityFrameworkCore.Query.Internal.SingleQueryingEnumerable`1.Enumerator.InitializeReader(Enumerator enumerator)
   at Microsoft.EntityFrameworkCore.Query.Internal.SingleQueryingEnumerable`1.Enumerator.<>c.<MoveNext>b__21_0(DbContext _, Enumerator enumerator)
   at Microsoft.EntityFrameworkCore.Storage.NonRetryingExecutionStrategy.Execute[TState,TResult](TState state, Func`3 operation, Func`3 verifySucceeded)
   at Microsoft.EntityFrameworkCore.Query.Internal.SingleQueryingEnumerable`1.Enumerator.MoveNext()
   at System.Collections.Generic.List`1..ctor(IEnumerable`1 collection)
   at System.Linq.Enumerable.ToList[TSource](IEnumerable`1 source)
   at Ahmadside.Controllers.UserController.List() in /Users/ahmadfaryabi/Documents/nettside kos/Ahmadside/Controllers/UserController.cs:line 16
   at lambda_method30(Closure, Object, Object[])
   at Microsoft.AspNetCore.Mvc.Infrastructure.ActionMethodExecutor.SyncActionResultExecutor.Execute(ActionContext actionContext, IActionResultTypeMapper mapper, ObjectMethodExecutor executor, Object controller, Object[] arguments)
   at Microsoft.AspNetCore.Mvc.Infrastructure.ControllerActionInvoker.InvokeActionMethodAsync()
   at Microsoft.AspNetCore.Mvc.Infrastructure.ControllerActionInvoker.Next(State& next, Scope& scope, Object& state, Boolean& isCompleted)
   at Microsoft.AspNetCore.Mvc.Infrastructure.ControllerActionInvoker.InvokeNextActionFilterAsync()
--- End of stack trace from previous location ---
   at Microsoft.AspNetCore.Mvc.Infrastructure.ControllerActionInvoker.Rethrow(ActionExecutedContextSealed context)
   at Microsoft.AspNetCore.Mvc.Infrastructure.ControllerActionInvoker.Next(State& next, Scope& scope, Object& state, Boolean& isCompleted)
   at Microsoft.AspNetCore.Mvc.Infrastructure.ControllerActionInvoker.InvokeInnerFilterAsync()
--- End of stack trace from previous location ---
   at Microsoft.AspNetCore.Mvc.Infrastructure.ResourceInvoker.<InvokeNextResourceFilter>g__Awaited|25_0(ResourceInvoker invoker, Task lastTask, State next, Scope scope, Object state, Boolean isCompleted)
   at Microsoft.AspNetCore.Mvc.Infrastructure.ResourceInvoker.Rethrow(ResourceExecutedContextSealed context)
   at Microsoft.AspNetCore.Mvc.Infrastructure.ResourceInvoker.Next(State& next, Scope& scope, Object& state, Boolean& isCompleted)
   at Microsoft.AspNetCore.Mvc.Infrastructure.ResourceInvoker.InvokeFilterPipelineAsync()
--- End of stack trace from previous location ---
   at Microsoft.AspNetCore.Mvc.Infrastructure.ResourceInvoker.<InvokeAsync>g__Logged|17_1(ResourceInvoker invoker)
   at Microsoft.AspNetCore.Mvc.Infrastructure.ResourceInvoker.<InvokeAsync>g__Logged|17_1(ResourceInvoker invoker)
   at Microsoft.AspNetCore.Routing.EndpointMiddleware.<Invoke>g__AwaitRequestTask|7_0(Endpoint endpoint, Task requestTask, ILogger logger)
   at Microsoft.AspNetCore.Authorization.AuthorizationMiddleware.Invoke(HttpContext context)
   at Microsoft.AspNetCore.Diagnostics.DeveloperExceptionPageMiddlewareImpl.Invoke(HttpContext context)
2024-10-28 13:09:26.734 +01:00 [INF] Request finished HTTP/1.1 GET http://localhost:5002/User/List - 500 null text/html; charset=utf-8 402.1329ms
2024-10-28 13:10:18.292 +01:00 [INF] Application is shutting down...
