2024-10-28 16:40:13.065 +01:00 [INF] User profile is available. Using '/Users/ahmadfaryabi/.aspnet/DataProtection-Keys' as key repository; keys will not be encrypted at rest.
2024-10-28 16:40:13.176 +01:00 [INF] Now listening on: http://localhost:5002
2024-10-28 16:40:13.182 +01:00 [INF] Application started. Press Ctrl+C to shut down.
2024-10-28 16:40:13.184 +01:00 [INF] Hosting environment: Development
2024-10-28 16:40:13.184 +01:00 [INF] Content root path: /Users/ahmadfaryabi/Documents/nettside kos/Ahmadside
2024-10-28 16:40:16.512 +01:00 [INF] Request starting HTTP/1.1 GET http://localhost:5002/Login/Register - null null
2024-10-28 16:40:16.528 +01:00 [WRN] Failed to determine the https port for redirect.
2024-10-28 16:40:16.555 +01:00 [INF] Executing endpoint 'Ahmadside.Controllers.LoginController.Register (Ahmadside)'
2024-10-28 16:40:16.589 +01:00 [INF] Route matched with {action = "Register", controller = "Login"}. Executing controller action with signature Microsoft.AspNetCore.Mvc.IActionResult Register() on controller Ahmadside.Controllers.LoginController (Ahmadside).
2024-10-28 16:40:17.353 +01:00 [INF] Executed DbCommand (14ms) [Parameters=[], CommandType='"Text"', CommandTimeout='30']
SELECT COUNT(*) FROM "sqlite_master" WHERE "type" = 'table' AND "rootpage" IS NOT NULL;
2024-10-28 16:40:17.368 +01:00 [INF] Executing ViewResult, running view Register.
2024-10-28 16:40:17.624 +01:00 [INF] Executed ViewResult - view Register executed in 254.6217ms.
2024-10-28 16:40:17.629 +01:00 [INF] Executed action Ahmadside.Controllers.LoginController.Register (Ahmadside) in 1039.7462ms
2024-10-28 16:40:17.630 +01:00 [INF] Executed endpoint 'Ahmadside.Controllers.LoginController.Register (Ahmadside)'
2024-10-28 16:40:17.654 +01:00 [INF] Request finished HTTP/1.1 GET http://localhost:5002/Login/Register - 200 null text/html; charset=utf-8 1143.7163ms
2024-10-28 16:40:22.006 +01:00 [INF] Request starting HTTP/1.1 POST http://localhost:5002/Login/Register - application/x-www-form-urlencoded 231
2024-10-28 16:40:22.012 +01:00 [INF] Executing endpoint 'Ahmadside.Controllers.LoginController.Register (Ahmadside)'
2024-10-28 16:40:22.024 +01:00 [INF] Route matched with {action = "Register", controller = "Login"}. Executing controller action with signature Microsoft.AspNetCore.Mvc.IActionResult Register(Ahmadside.Models.User) on controller Ahmadside.Controllers.LoginController (Ahmadside).
2024-10-28 16:40:22.048 +01:00 [INF] Executed DbCommand (0ms) [Parameters=[], CommandType='"Text"', CommandTimeout='30']
SELECT COUNT(*) FROM "sqlite_master" WHERE "type" = 'table' AND "rootpage" IS NOT NULL;
2024-10-28 16:40:22.079 +01:00 [INF] Executing ViewResult, running view Register.
2024-10-28 16:40:22.088 +01:00 [INF] Executed ViewResult - view Register executed in 9.2426ms.
2024-10-28 16:40:22.088 +01:00 [INF] Executed action Ahmadside.Controllers.LoginController.Register (Ahmadside) in 63.7142ms
2024-10-28 16:40:22.088 +01:00 [INF] Executed endpoint 'Ahmadside.Controllers.LoginController.Register (Ahmadside)'
2024-10-28 16:40:22.088 +01:00 [INF] Request finished HTTP/1.1 POST http://localhost:5002/Login/Register - 200 null text/html; charset=utf-8 82.6576ms
2024-10-28 16:40:26.032 +01:00 [INF] Request starting HTTP/1.1 GET http://localhost:5002/User/List - null null
2024-10-28 16:40:26.035 +01:00 [INF] Executing endpoint 'Ahmadside.Controllers.UserController.List (Ahmadside)'
2024-10-28 16:40:26.037 +01:00 [INF] Route matched with {action = "List", controller = "User"}. Executing controller action with signature Microsoft.AspNetCore.Mvc.IActionResult List() on controller Ahmadside.Controllers.UserController (Ahmadside).
2024-10-28 16:40:26.138 +01:00 [INF] Executed DbCommand (0ms) [Parameters=[], CommandType='"Text"', CommandTimeout='30']
SELECT COUNT(*) FROM "sqlite_master" WHERE "type" = 'table' AND "rootpage" IS NOT NULL;
2024-10-28 16:40:26.350 +01:00 [INF] Executed DbCommand (1ms) [Parameters=[], CommandType='"Text"', CommandTimeout='30']
SELECT "u"."Firstname", "u"."Aftername", "u"."Date_Started", "u"."Email", "u"."Password", "u"."Phone", "u"."Username"
FROM "Users" AS "u"
2024-10-28 16:40:26.429 +01:00 [INF] Executing ViewResult, running view List.
2024-10-28 16:40:26.436 +01:00 [INF] Executed ViewResult - view List executed in 7.9468ms.
2024-10-28 16:40:26.436 +01:00 [INF] Executed action Ahmadside.Controllers.UserController.List (Ahmadside) in 396.8709ms
2024-10-28 16:40:26.436 +01:00 [INF] Executed endpoint 'Ahmadside.Controllers.UserController.List (Ahmadside)'
2024-10-28 16:40:26.437 +01:00 [INF] Request finished HTTP/1.1 GET http://localhost:5002/User/List - 200 null text/html; charset=utf-8 404.6566ms
2024-10-28 16:40:39.854 +01:00 [INF] Request starting HTTP/1.1 GET http://localhost:5002/Login/Register - null null
2024-10-28 16:40:39.855 +01:00 [INF] Executing endpoint 'Ahmadside.Controllers.LoginController.Register (Ahmadside)'
2024-10-28 16:40:39.855 +01:00 [INF] Route matched with {action = "Register", controller = "Login"}. Executing controller action with signature Microsoft.AspNetCore.Mvc.IActionResult Register() on controller Ahmadside.Controllers.LoginController (Ahmadside).
2024-10-28 16:40:39.858 +01:00 [INF] Executed DbCommand (0ms) [Parameters=[], CommandType='"Text"', CommandTimeout='30']
SELECT COUNT(*) FROM "sqlite_master" WHERE "type" = 'table' AND "rootpage" IS NOT NULL;
2024-10-28 16:40:39.858 +01:00 [INF] Executing ViewResult, running view Register.
2024-10-28 16:40:39.864 +01:00 [INF] Executed ViewResult - view Register executed in 5.3594ms.
2024-10-28 16:40:39.864 +01:00 [INF] Executed action Ahmadside.Controllers.LoginController.Register (Ahmadside) in 8.8066ms
2024-10-28 16:40:39.864 +01:00 [INF] Executed endpoint 'Ahmadside.Controllers.LoginController.Register (Ahmadside)'
2024-10-28 16:40:39.864 +01:00 [INF] Request finished HTTP/1.1 GET http://localhost:5002/Login/Register - 200 null text/html; charset=utf-8 10.775ms
2024-10-28 16:40:41.315 +01:00 [INF] Request starting HTTP/1.1 GET http://localhost:5002/Login/Register - null null
2024-10-28 16:40:41.315 +01:00 [INF] Executing endpoint 'Ahmadside.Controllers.LoginController.Register (Ahmadside)'
2024-10-28 16:40:41.315 +01:00 [INF] Route matched with {action = "Register", controller = "Login"}. Executing controller action with signature Microsoft.AspNetCore.Mvc.IActionResult Register() on controller Ahmadside.Controllers.LoginController (Ahmadside).
2024-10-28 16:40:41.317 +01:00 [INF] Executed DbCommand (0ms) [Parameters=[], CommandType='"Text"', CommandTimeout='30']
SELECT COUNT(*) FROM "sqlite_master" WHERE "type" = 'table' AND "rootpage" IS NOT NULL;
2024-10-28 16:40:41.318 +01:00 [INF] Executing ViewResult, running view Register.
2024-10-28 16:40:41.320 +01:00 [INF] Executed ViewResult - view Register executed in 2.4175ms.
2024-10-28 16:40:41.320 +01:00 [INF] Executed action Ahmadside.Controllers.LoginController.Register (Ahmadside) in 4.9989ms
2024-10-28 16:40:41.320 +01:00 [INF] Executed endpoint 'Ahmadside.Controllers.LoginController.Register (Ahmadside)'
2024-10-28 16:40:41.320 +01:00 [INF] Request finished HTTP/1.1 GET http://localhost:5002/Login/Register - 200 null text/html; charset=utf-8 5.7639ms
2024-10-28 16:40:43.355 +01:00 [INF] Request starting HTTP/1.1 POST http://localhost:5002/Login/Register - application/x-www-form-urlencoded 231
2024-10-28 16:40:43.355 +01:00 [INF] Executing endpoint 'Ahmadside.Controllers.LoginController.Register (Ahmadside)'
2024-10-28 16:40:43.356 +01:00 [INF] Route matched with {action = "Register", controller = "Login"}. Executing controller action with signature Microsoft.AspNetCore.Mvc.IActionResult Register(Ahmadside.Models.User) on controller Ahmadside.Controllers.LoginController (Ahmadside).
2024-10-28 16:40:43.357 +01:00 [INF] Executed DbCommand (0ms) [Parameters=[], CommandType='"Text"', CommandTimeout='30']
SELECT COUNT(*) FROM "sqlite_master" WHERE "type" = 'table' AND "rootpage" IS NOT NULL;
2024-10-28 16:40:43.360 +01:00 [INF] Executing ViewResult, running view Register.
2024-10-28 16:40:43.363 +01:00 [INF] Executed ViewResult - view Register executed in 2.6571ms.
2024-10-28 16:40:43.363 +01:00 [INF] Executed action Ahmadside.Controllers.LoginController.Register (Ahmadside) in 7.39ms
2024-10-28 16:40:43.363 +01:00 [INF] Executed endpoint 'Ahmadside.Controllers.LoginController.Register (Ahmadside)'
2024-10-28 16:40:43.364 +01:00 [INF] Request finished HTTP/1.1 POST http://localhost:5002/Login/Register - 200 null text/html; charset=utf-8 8.989ms
2024-10-28 16:40:47.555 +01:00 [INF] Request starting HTTP/1.1 POST http://localhost:5002/Login/Register - application/x-www-form-urlencoded 252
2024-10-28 16:40:47.555 +01:00 [INF] Executing endpoint 'Ahmadside.Controllers.LoginController.Register (Ahmadside)'
2024-10-28 16:40:47.555 +01:00 [INF] Route matched with {action = "Register", controller = "Login"}. Executing controller action with signature Microsoft.AspNetCore.Mvc.IActionResult Register(Ahmadside.Models.User) on controller Ahmadside.Controllers.LoginController (Ahmadside).
2024-10-28 16:40:47.558 +01:00 [INF] Executed DbCommand (0ms) [Parameters=[], CommandType='"Text"', CommandTimeout='30']
SELECT COUNT(*) FROM "sqlite_master" WHERE "type" = 'table' AND "rootpage" IS NOT NULL;
2024-10-28 16:40:47.559 +01:00 [INF] Executing ViewResult, running view Register.
2024-10-28 16:40:47.562 +01:00 [INF] Executed ViewResult - view Register executed in 2.6967ms.
2024-10-28 16:40:47.562 +01:00 [INF] Executed action Ahmadside.Controllers.LoginController.Register (Ahmadside) in 6.1737ms
2024-10-28 16:40:47.562 +01:00 [INF] Executed endpoint 'Ahmadside.Controllers.LoginController.Register (Ahmadside)'
2024-10-28 16:40:47.562 +01:00 [INF] Request finished HTTP/1.1 POST http://localhost:5002/Login/Register - 200 null text/html; charset=utf-8 7.0403ms
2024-10-28 16:40:57.404 +01:00 [INF] Request starting HTTP/1.1 POST http://localhost:5002/Login/Register - application/x-www-form-urlencoded 270
2024-10-28 16:40:57.404 +01:00 [INF] Executing endpoint 'Ahmadside.Controllers.LoginController.Register (Ahmadside)'
2024-10-28 16:40:57.404 +01:00 [INF] Route matched with {action = "Register", controller = "Login"}. Executing controller action with signature Microsoft.AspNetCore.Mvc.IActionResult Register(Ahmadside.Models.User) on controller Ahmadside.Controllers.LoginController (Ahmadside).
2024-10-28 16:40:57.406 +01:00 [INF] Executed DbCommand (0ms) [Parameters=[], CommandType='"Text"', CommandTimeout='30']
SELECT COUNT(*) FROM "sqlite_master" WHERE "type" = 'table' AND "rootpage" IS NOT NULL;
2024-10-28 16:40:57.546 +01:00 [INF] Executed DbCommand (5ms) [Parameters=[@__Username_0='?' (Size = 9)], CommandType='"Text"', CommandTimeout='30']
SELECT EXISTS (
    SELECT 1
    FROM "Users" AS "u"
    WHERE "u"."Username" = @__Username_0)
2024-10-28 16:40:57.550 +01:00 [INF] Executed DbCommand (0ms) [Parameters=[@__Email_0='?' (Size = 14)], CommandType='"Text"', CommandTimeout='30']
SELECT EXISTS (
    SELECT 1
    FROM "Users" AS "u"
    WHERE "u"."Email" = @__Email_0)
2024-10-28 16:40:57.647 +01:00 [INF] Executed DbCommand (4ms) [Parameters=[@p0='?' (Size = 2), @p1='?' (Size = 4), @p2='?' (DbType = DateTime), @p3='?' (Size = 14), @p4='?' (Size = 3), @p5='?', @p6='?' (Size = 9)], CommandType='"Text"', CommandTimeout='30']
INSERT INTO "Users" ("Firstname", "Aftername", "Date_Started", "Email", "Password", "Phone", "Username")
VALUES (@p0, @p1, @p2, @p3, @p4, @p5, @p6);
2024-10-28 16:40:57.655 +01:00 [INF] Executing ViewResult, running view Register.
2024-10-28 16:40:57.657 +01:00 [INF] Executed ViewResult - view Register executed in 2.4898ms.
2024-10-28 16:40:57.657 +01:00 [INF] Executed action Ahmadside.Controllers.LoginController.Register (Ahmadside) in 252.9048ms
2024-10-28 16:40:57.657 +01:00 [INF] Executed endpoint 'Ahmadside.Controllers.LoginController.Register (Ahmadside)'
2024-10-28 16:40:57.658 +01:00 [INF] Request finished HTTP/1.1 POST http://localhost:5002/Login/Register - 200 null text/html; charset=utf-8 253.637ms
2024-10-28 16:41:03.541 +01:00 [INF] Request starting HTTP/1.1 GET http://localhost:5002/User/List - null null
2024-10-28 16:41:03.541 +01:00 [INF] Executing endpoint 'Ahmadside.Controllers.UserController.List (Ahmadside)'
2024-10-28 16:41:03.541 +01:00 [INF] Route matched with {action = "List", controller = "User"}. Executing controller action with signature Microsoft.AspNetCore.Mvc.IActionResult List() on controller Ahmadside.Controllers.UserController (Ahmadside).
2024-10-28 16:41:03.543 +01:00 [INF] Executed DbCommand (0ms) [Parameters=[], CommandType='"Text"', CommandTimeout='30']
SELECT COUNT(*) FROM "sqlite_master" WHERE "type" = 'table' AND "rootpage" IS NOT NULL;
2024-10-28 16:41:03.544 +01:00 [INF] Executed DbCommand (0ms) [Parameters=[], CommandType='"Text"', CommandTimeout='30']
SELECT "u"."Firstname", "u"."Aftername", "u"."Date_Started", "u"."Email", "u"."Password", "u"."Phone", "u"."Username"
FROM "Users" AS "u"
2024-10-28 16:41:03.545 +01:00 [INF] Executing ViewResult, running view List.
2024-10-28 16:41:03.546 +01:00 [INF] Executed ViewResult - view List executed in 0.9187ms.
2024-10-28 16:41:03.546 +01:00 [INF] Executed action Ahmadside.Controllers.UserController.List (Ahmadside) in 4.5046ms
2024-10-28 16:41:03.546 +01:00 [INF] Executed endpoint 'Ahmadside.Controllers.UserController.List (Ahmadside)'
2024-10-28 16:41:03.546 +01:00 [INF] Request finished HTTP/1.1 GET http://localhost:5002/User/List - 200 null text/html; charset=utf-8 5.095ms
2024-10-28 16:41:27.202 +01:00 [INF] Request starting HTTP/1.1 GET http://localhost:5002/User/List - null null
2024-10-28 16:41:27.202 +01:00 [INF] Executing endpoint 'Ahmadside.Controllers.UserController.List (Ahmadside)'
2024-10-28 16:41:27.202 +01:00 [INF] Route matched with {action = "List", controller = "User"}. Executing controller action with signature Microsoft.AspNetCore.Mvc.IActionResult List() on controller Ahmadside.Controllers.UserController (Ahmadside).
2024-10-28 16:41:27.204 +01:00 [INF] Executed DbCommand (0ms) [Parameters=[], CommandType='"Text"', CommandTimeout='30']
SELECT COUNT(*) FROM "sqlite_master" WHERE "type" = 'table' AND "rootpage" IS NOT NULL;
2024-10-28 16:41:27.204 +01:00 [INF] Executed DbCommand (0ms) [Parameters=[], CommandType='"Text"', CommandTimeout='30']
SELECT "u"."Firstname", "u"."Aftername", "u"."Date_Started", "u"."Email", "u"."Password", "u"."Phone", "u"."Username"
FROM "Users" AS "u"
2024-10-28 16:41:27.205 +01:00 [INF] Executing ViewResult, running view List.
2024-10-28 16:41:27.206 +01:00 [INF] Executed ViewResult - view List executed in 1.8641ms.
2024-10-28 16:41:27.207 +01:00 [INF] Executed action Ahmadside.Controllers.UserController.List (Ahmadside) in 4.5653ms
2024-10-28 16:41:27.207 +01:00 [INF] Executed endpoint 'Ahmadside.Controllers.UserController.List (Ahmadside)'
2024-10-28 16:41:27.207 +01:00 [INF] Request finished HTTP/1.1 GET http://localhost:5002/User/List - 200 null text/html; charset=utf-8 5.1776ms
2024-10-28 16:42:20.638 +01:00 [INF] Request starting HTTP/1.1 GET http://localhost:5002/User/List - null null
2024-10-28 16:42:20.641 +01:00 [INF] Executing endpoint 'Ahmadside.Controllers.UserController.List (Ahmadside)'
2024-10-28 16:42:20.641 +01:00 [INF] Route matched with {action = "List", controller = "User"}. Executing controller action with signature Microsoft.AspNetCore.Mvc.IActionResult List() on controller Ahmadside.Controllers.UserController (Ahmadside).
2024-10-28 16:42:20.643 +01:00 [INF] Executed DbCommand (0ms) [Parameters=[], CommandType='"Text"', CommandTimeout='30']
SELECT COUNT(*) FROM "sqlite_master" WHERE "type" = 'table' AND "rootpage" IS NOT NULL;
2024-10-28 16:42:20.644 +01:00 [INF] Executed DbCommand (0ms) [Parameters=[], CommandType='"Text"', CommandTimeout='30']
SELECT "u"."Firstname", "u"."Aftername", "u"."Date_Started", "u"."Email", "u"."Password", "u"."Phone", "u"."Username"
FROM "Users" AS "u"
2024-10-28 16:42:20.645 +01:00 [INF] Executing ViewResult, running view List.
2024-10-28 16:42:20.646 +01:00 [INF] Executed ViewResult - view List executed in 1.194ms.
2024-10-28 16:42:20.646 +01:00 [INF] Executed action Ahmadside.Controllers.UserController.List (Ahmadside) in 5.1958ms
2024-10-28 16:42:20.646 +01:00 [INF] Executed endpoint 'Ahmadside.Controllers.UserController.List (Ahmadside)'
2024-10-28 16:42:20.647 +01:00 [INF] Request finished HTTP/1.1 GET http://localhost:5002/User/List - 200 null text/html; charset=utf-8 8.2927ms
2024-10-28 16:42:46.669 +01:00 [INF] Request starting HTTP/1.1 GET http://localhost:5002/User/List - null null
2024-10-28 16:42:46.669 +01:00 [INF] Executing endpoint 'Ahmadside.Controllers.UserController.List (Ahmadside)'
2024-10-28 16:42:46.669 +01:00 [INF] Route matched with {action = "List", controller = "User"}. Executing controller action with signature Microsoft.AspNetCore.Mvc.IActionResult List() on controller Ahmadside.Controllers.UserController (Ahmadside).
2024-10-28 16:42:46.671 +01:00 [INF] Executed DbCommand (0ms) [Parameters=[], CommandType='"Text"', CommandTimeout='30']
SELECT COUNT(*) FROM "sqlite_master" WHERE "type" = 'table' AND "rootpage" IS NOT NULL;
2024-10-28 16:42:46.673 +01:00 [INF] Executed DbCommand (0ms) [Parameters=[], CommandType='"Text"', CommandTimeout='30']
SELECT "u"."Firstname", "u"."Aftername", "u"."Date_Started", "u"."Email", "u"."Password", "u"."Phone", "u"."Username"
FROM "Users" AS "u"
2024-10-28 16:42:46.674 +01:00 [INF] Executing ViewResult, running view List.
2024-10-28 16:42:46.675 +01:00 [INF] Executed ViewResult - view List executed in 1.1465ms.
2024-10-28 16:42:46.675 +01:00 [INF] Executed action Ahmadside.Controllers.UserController.List (Ahmadside) in 5.8102ms
2024-10-28 16:42:46.675 +01:00 [INF] Executed endpoint 'Ahmadside.Controllers.UserController.List (Ahmadside)'
2024-10-28 16:42:46.676 +01:00 [INF] Request finished HTTP/1.1 GET http://localhost:5002/User/List - 200 null text/html; charset=utf-8 6.7042ms
2024-10-28 16:42:48.831 +01:00 [INF] Request starting HTTP/1.1 GET http://localhost:5002/Login/Register - null null
2024-10-28 16:42:48.832 +01:00 [INF] Executing endpoint 'Ahmadside.Controllers.LoginController.Register (Ahmadside)'
2024-10-28 16:42:48.832 +01:00 [INF] Route matched with {action = "Register", controller = "Login"}. Executing controller action with signature Microsoft.AspNetCore.Mvc.IActionResult Register() on controller Ahmadside.Controllers.LoginController (Ahmadside).
2024-10-28 16:42:48.833 +01:00 [INF] Executed DbCommand (0ms) [Parameters=[], CommandType='"Text"', CommandTimeout='30']
SELECT COUNT(*) FROM "sqlite_master" WHERE "type" = 'table' AND "rootpage" IS NOT NULL;
2024-10-28 16:42:48.833 +01:00 [INF] Executing ViewResult, running view Register.
2024-10-28 16:42:48.836 +01:00 [INF] Executed ViewResult - view Register executed in 3.0234ms.
2024-10-28 16:42:48.836 +01:00 [INF] Executed action Ahmadside.Controllers.LoginController.Register (Ahmadside) in 4.6957ms
2024-10-28 16:42:48.837 +01:00 [INF] Executed endpoint 'Ahmadside.Controllers.LoginController.Register (Ahmadside)'
2024-10-28 16:42:48.837 +01:00 [INF] Request finished HTTP/1.1 GET http://localhost:5002/Login/Register - 200 null text/html; charset=utf-8 5.4631ms
2024-10-28 16:42:50.450 +01:00 [INF] Request starting HTTP/1.1 POST http://localhost:5002/Login/Register - application/x-www-form-urlencoded 231
2024-10-28 16:42:50.451 +01:00 [INF] Executing endpoint 'Ahmadside.Controllers.LoginController.Register (Ahmadside)'
2024-10-28 16:42:50.451 +01:00 [INF] Route matched with {action = "Register", controller = "Login"}. Executing controller action with signature Microsoft.AspNetCore.Mvc.IActionResult Register(Ahmadside.Models.User) on controller Ahmadside.Controllers.LoginController (Ahmadside).
2024-10-28 16:42:50.452 +01:00 [INF] Executed DbCommand (0ms) [Parameters=[], CommandType='"Text"', CommandTimeout='30']
SELECT COUNT(*) FROM "sqlite_master" WHERE "type" = 'table' AND "rootpage" IS NOT NULL;
2024-10-28 16:42:50.453 +01:00 [INF] Executing ViewResult, running view Register.
2024-10-28 16:42:50.457 +01:00 [INF] Executed ViewResult - view Register executed in 4.0474ms.
2024-10-28 16:42:50.457 +01:00 [INF] Executed action Ahmadside.Controllers.LoginController.Register (Ahmadside) in 6.4933ms
2024-10-28 16:42:50.457 +01:00 [INF] Executed endpoint 'Ahmadside.Controllers.LoginController.Register (Ahmadside)'
2024-10-28 16:42:50.458 +01:00 [INF] Request finished HTTP/1.1 POST http://localhost:5002/Login/Register - 200 null text/html; charset=utf-8 7.2033ms
2024-10-28 16:42:55.513 +01:00 [INF] Request starting HTTP/1.1 POST http://localhost:5002/Login/Register - application/x-www-form-urlencoded 252
2024-10-28 16:42:55.513 +01:00 [INF] Executing endpoint 'Ahmadside.Controllers.LoginController.Register (Ahmadside)'
2024-10-28 16:42:55.513 +01:00 [INF] Route matched with {action = "Register", controller = "Login"}. Executing controller action with signature Microsoft.AspNetCore.Mvc.IActionResult Register(Ahmadside.Models.User) on controller Ahmadside.Controllers.LoginController (Ahmadside).
2024-10-28 16:42:55.514 +01:00 [INF] Executed DbCommand (0ms) [Parameters=[], CommandType='"Text"', CommandTimeout='30']
SELECT COUNT(*) FROM "sqlite_master" WHERE "type" = 'table' AND "rootpage" IS NOT NULL;
2024-10-28 16:42:55.516 +01:00 [INF] Executing ViewResult, running view Register.
2024-10-28 16:42:55.518 +01:00 [INF] Executed ViewResult - view Register executed in 1.8448ms.
2024-10-28 16:42:55.518 +01:00 [INF] Executed action Ahmadside.Controllers.LoginController.Register (Ahmadside) in 4.8025ms
2024-10-28 16:42:55.518 +01:00 [INF] Executed endpoint 'Ahmadside.Controllers.LoginController.Register (Ahmadside)'
2024-10-28 16:42:55.518 +01:00 [INF] Request finished HTTP/1.1 POST http://localhost:5002/Login/Register - 200 null text/html; charset=utf-8 5.2988ms
2024-10-28 16:42:57.249 +01:00 [INF] Request starting HTTP/1.1 POST http://localhost:5002/Login/Register - application/x-www-form-urlencoded 252
2024-10-28 16:42:57.250 +01:00 [INF] Executing endpoint 'Ahmadside.Controllers.LoginController.Register (Ahmadside)'
2024-10-28 16:42:57.250 +01:00 [INF] Route matched with {action = "Register", controller = "Login"}. Executing controller action with signature Microsoft.AspNetCore.Mvc.IActionResult Register(Ahmadside.Models.User) on controller Ahmadside.Controllers.LoginController (Ahmadside).
2024-10-28 16:42:57.251 +01:00 [INF] Executed DbCommand (0ms) [Parameters=[], CommandType='"Text"', CommandTimeout='30']
SELECT COUNT(*) FROM "sqlite_master" WHERE "type" = 'table' AND "rootpage" IS NOT NULL;
2024-10-28 16:42:57.252 +01:00 [INF] Executing ViewResult, running view Register.
2024-10-28 16:42:57.253 +01:00 [INF] Executed ViewResult - view Register executed in 1.4906ms.
2024-10-28 16:42:57.254 +01:00 [INF] Executed action Ahmadside.Controllers.LoginController.Register (Ahmadside) in 3.569ms
2024-10-28 16:42:57.254 +01:00 [INF] Executed endpoint 'Ahmadside.Controllers.LoginController.Register (Ahmadside)'
2024-10-28 16:42:57.254 +01:00 [INF] Request finished HTTP/1.1 POST http://localhost:5002/Login/Register - 200 null text/html; charset=utf-8 4.3247ms
2024-10-28 16:43:02.933 +01:00 [INF] Request starting HTTP/1.1 POST http://localhost:5002/Login/Register - application/x-www-form-urlencoded 261
2024-10-28 16:43:02.934 +01:00 [INF] Executing endpoint 'Ahmadside.Controllers.LoginController.Register (Ahmadside)'
2024-10-28 16:43:02.934 +01:00 [INF] Route matched with {action = "Register", controller = "Login"}. Executing controller action with signature Microsoft.AspNetCore.Mvc.IActionResult Register(Ahmadside.Models.User) on controller Ahmadside.Controllers.LoginController (Ahmadside).
2024-10-28 16:43:02.935 +01:00 [INF] Executed DbCommand (0ms) [Parameters=[], CommandType='"Text"', CommandTimeout='30']
SELECT COUNT(*) FROM "sqlite_master" WHERE "type" = 'table' AND "rootpage" IS NOT NULL;
2024-10-28 16:43:02.936 +01:00 [INF] Executing ViewResult, running view Register.
2024-10-28 16:43:02.939 +01:00 [INF] Executed ViewResult - view Register executed in 2.675ms.
2024-10-28 16:43:02.939 +01:00 [INF] Executed action Ahmadside.Controllers.LoginController.Register (Ahmadside) in 4.9669ms
2024-10-28 16:43:02.939 +01:00 [INF] Executed endpoint 'Ahmadside.Controllers.LoginController.Register (Ahmadside)'
2024-10-28 16:43:02.939 +01:00 [INF] Request finished HTTP/1.1 POST http://localhost:5002/Login/Register - 200 null text/html; charset=utf-8 5.5463ms
2024-10-28 16:43:04.449 +01:00 [INF] Request starting HTTP/1.1 POST http://localhost:5002/Login/Register - application/x-www-form-urlencoded 261
2024-10-28 16:43:04.449 +01:00 [INF] Executing endpoint 'Ahmadside.Controllers.LoginController.Register (Ahmadside)'
2024-10-28 16:43:04.449 +01:00 [INF] Route matched with {action = "Register", controller = "Login"}. Executing controller action with signature Microsoft.AspNetCore.Mvc.IActionResult Register(Ahmadside.Models.User) on controller Ahmadside.Controllers.LoginController (Ahmadside).
2024-10-28 16:43:04.451 +01:00 [INF] Executed DbCommand (0ms) [Parameters=[], CommandType='"Text"', CommandTimeout='30']
SELECT COUNT(*) FROM "sqlite_master" WHERE "type" = 'table' AND "rootpage" IS NOT NULL;
2024-10-28 16:43:04.451 +01:00 [INF] Executing ViewResult, running view Register.
2024-10-28 16:43:04.453 +01:00 [INF] Executed ViewResult - view Register executed in 2.0697ms.
2024-10-28 16:43:04.453 +01:00 [INF] Executed action Ahmadside.Controllers.LoginController.Register (Ahmadside) in 4.4203ms
2024-10-28 16:43:04.453 +01:00 [INF] Executed endpoint 'Ahmadside.Controllers.LoginController.Register (Ahmadside)'
2024-10-28 16:43:04.454 +01:00 [INF] Request finished HTTP/1.1 POST http://localhost:5002/Login/Register - 200 null text/html; charset=utf-8 4.9174ms
2024-10-28 16:43:11.185 +01:00 [INF] Request starting HTTP/1.1 POST http://localhost:5002/Login/Register - application/x-www-form-urlencoded 268
2024-10-28 16:43:11.185 +01:00 [INF] Executing endpoint 'Ahmadside.Controllers.LoginController.Register (Ahmadside)'
2024-10-28 16:43:11.185 +01:00 [INF] Route matched with {action = "Register", controller = "Login"}. Executing controller action with signature Microsoft.AspNetCore.Mvc.IActionResult Register(Ahmadside.Models.User) on controller Ahmadside.Controllers.LoginController (Ahmadside).
2024-10-28 16:43:11.187 +01:00 [INF] Executed DbCommand (0ms) [Parameters=[], CommandType='"Text"', CommandTimeout='30']
SELECT COUNT(*) FROM "sqlite_master" WHERE "type" = 'table' AND "rootpage" IS NOT NULL;
2024-10-28 16:43:11.193 +01:00 [INF] Executed DbCommand (0ms) [Parameters=[@__Username_0='?' (Size = 9)], CommandType='"Text"', CommandTimeout='30']
SELECT EXISTS (
    SELECT 1
    FROM "Users" AS "u"
    WHERE "u"."Username" = @__Username_0)
2024-10-28 16:43:11.194 +01:00 [INF] Executed DbCommand (0ms) [Parameters=[@__Email_0='?' (Size = 14)], CommandType='"Text"', CommandTimeout='30']
SELECT EXISTS (
    SELECT 1
    FROM "Users" AS "u"
    WHERE "u"."Email" = @__Email_0)
2024-10-28 16:43:11.195 +01:00 [INF] Executing ViewResult, running view Register.
2024-10-28 16:43:11.196 +01:00 [INF] Executed ViewResult - view Register executed in 1.729ms.
2024-10-28 16:43:11.196 +01:00 [INF] Executed action Ahmadside.Controllers.LoginController.Register (Ahmadside) in 10.9969ms
2024-10-28 16:43:11.197 +01:00 [INF] Executed endpoint 'Ahmadside.Controllers.LoginController.Register (Ahmadside)'
2024-10-28 16:43:11.197 +01:00 [INF] Request finished HTTP/1.1 POST http://localhost:5002/Login/Register - 200 null text/html; charset=utf-8 11.7555ms
2024-10-28 16:43:22.103 +01:00 [INF] Request starting HTTP/1.1 POST http://localhost:5002/Login/Register - application/x-www-form-urlencoded 268
2024-10-28 16:43:22.103 +01:00 [INF] Executing endpoint 'Ahmadside.Controllers.LoginController.Register (Ahmadside)'
2024-10-28 16:43:22.103 +01:00 [INF] Route matched with {action = "Register", controller = "Login"}. Executing controller action with signature Microsoft.AspNetCore.Mvc.IActionResult Register(Ahmadside.Models.User) on controller Ahmadside.Controllers.LoginController (Ahmadside).
2024-10-28 16:43:22.105 +01:00 [INF] Executed DbCommand (0ms) [Parameters=[], CommandType='"Text"', CommandTimeout='30']
SELECT COUNT(*) FROM "sqlite_master" WHERE "type" = 'table' AND "rootpage" IS NOT NULL;
2024-10-28 16:43:22.107 +01:00 [INF] Executing ViewResult, running view Register.
2024-10-28 16:43:22.110 +01:00 [INF] Executed ViewResult - view Register executed in 2.9465ms.
2024-10-28 16:43:22.110 +01:00 [INF] Executed action Ahmadside.Controllers.LoginController.Register (Ahmadside) in 6.4151ms
2024-10-28 16:43:22.110 +01:00 [INF] Executed endpoint 'Ahmadside.Controllers.LoginController.Register (Ahmadside)'
2024-10-28 16:43:22.110 +01:00 [INF] Request finished HTTP/1.1 POST http://localhost:5002/Login/Register - 200 null text/html; charset=utf-8 7.1937ms
2024-10-28 16:43:24.118 +01:00 [INF] Request starting HTTP/1.1 POST http://localhost:5002/Login/Register - application/x-www-form-urlencoded 269
2024-10-28 16:43:24.118 +01:00 [INF] Executing endpoint 'Ahmadside.Controllers.LoginController.Register (Ahmadside)'
2024-10-28 16:43:24.118 +01:00 [INF] Route matched with {action = "Register", controller = "Login"}. Executing controller action with signature Microsoft.AspNetCore.Mvc.IActionResult Register(Ahmadside.Models.User) on controller Ahmadside.Controllers.LoginController (Ahmadside).
2024-10-28 16:43:24.120 +01:00 [INF] Executed DbCommand (0ms) [Parameters=[], CommandType='"Text"', CommandTimeout='30']
SELECT COUNT(*) FROM "sqlite_master" WHERE "type" = 'table' AND "rootpage" IS NOT NULL;
2024-10-28 16:43:24.121 +01:00 [INF] Executed DbCommand (0ms) [Parameters=[@__Username_0='?' (Size = 9)], CommandType='"Text"', CommandTimeout='30']
SELECT EXISTS (
    SELECT 1
    FROM "Users" AS "u"
    WHERE "u"."Username" = @__Username_0)
2024-10-28 16:43:24.122 +01:00 [INF] Executed DbCommand (0ms) [Parameters=[@__Email_0='?' (Size = 15)], CommandType='"Text"', CommandTimeout='30']
SELECT EXISTS (
    SELECT 1
    FROM "Users" AS "u"
    WHERE "u"."Email" = @__Email_0)
2024-10-28 16:43:24.131 +01:00 [INF] Executed DbCommand (6ms) [Parameters=[@p0='?' (Size = 2), @p1='?' (Size = 4), @p2='?' (DbType = DateTime), @p3='?' (Size = 15), @p4='?' (Size = 1), @p5='?', @p6='?' (Size = 9)], CommandType='"Text"', CommandTimeout='30']
INSERT INTO "Users" ("Firstname", "Aftername", "Date_Started", "Email", "Password", "Phone", "Username")
VALUES (@p0, @p1, @p2, @p3, @p4, @p5, @p6);
2024-10-28 16:43:24.132 +01:00 [INF] Executing ViewResult, running view Register.
2024-10-28 16:43:24.133 +01:00 [INF] Executed ViewResult - view Register executed in 1.3002ms.
2024-10-28 16:43:24.133 +01:00 [INF] Executed action Ahmadside.Controllers.LoginController.Register (Ahmadside) in 14.8767ms
2024-10-28 16:43:24.133 +01:00 [INF] Executed endpoint 'Ahmadside.Controllers.LoginController.Register (Ahmadside)'
2024-10-28 16:43:24.133 +01:00 [INF] Request finished HTTP/1.1 POST http://localhost:5002/Login/Register - 200 null text/html; charset=utf-8 15.293ms
2024-10-28 16:43:35.718 +01:00 [INF] Request starting HTTP/1.1 POST http://localhost:5002/Login/Register - application/x-www-form-urlencoded 268
2024-10-28 16:43:35.718 +01:00 [INF] Executing endpoint 'Ahmadside.Controllers.LoginController.Register (Ahmadside)'
2024-10-28 16:43:35.718 +01:00 [INF] Route matched with {action = "Register", controller = "Login"}. Executing controller action with signature Microsoft.AspNetCore.Mvc.IActionResult Register(Ahmadside.Models.User) on controller Ahmadside.Controllers.LoginController (Ahmadside).
2024-10-28 16:43:35.719 +01:00 [INF] Executed DbCommand (0ms) [Parameters=[], CommandType='"Text"', CommandTimeout='30']
SELECT COUNT(*) FROM "sqlite_master" WHERE "type" = 'table' AND "rootpage" IS NOT NULL;
2024-10-28 16:43:35.720 +01:00 [INF] Executing ViewResult, running view Register.
2024-10-28 16:43:35.722 +01:00 [INF] Executed ViewResult - view Register executed in 1.9387ms.
2024-10-28 16:43:35.722 +01:00 [INF] Executed action Ahmadside.Controllers.LoginController.Register (Ahmadside) in 4.2343ms
2024-10-28 16:43:35.722 +01:00 [INF] Executed endpoint 'Ahmadside.Controllers.LoginController.Register (Ahmadside)'
2024-10-28 16:43:35.723 +01:00 [INF] Request finished HTTP/1.1 POST http://localhost:5002/Login/Register - 200 null text/html; charset=utf-8 5.0988ms
2024-10-28 16:43:40.282 +01:00 [INF] Request starting HTTP/1.1 POST http://localhost:5002/Login/Register - application/x-www-form-urlencoded 270
2024-10-28 16:43:40.283 +01:00 [INF] Executing endpoint 'Ahmadside.Controllers.LoginController.Register (Ahmadside)'
2024-10-28 16:43:40.283 +01:00 [INF] Route matched with {action = "Register", controller = "Login"}. Executing controller action with signature Microsoft.AspNetCore.Mvc.IActionResult Register(Ahmadside.Models.User) on controller Ahmadside.Controllers.LoginController (Ahmadside).
2024-10-28 16:43:40.284 +01:00 [INF] Executed DbCommand (0ms) [Parameters=[], CommandType='"Text"', CommandTimeout='30']
SELECT COUNT(*) FROM "sqlite_master" WHERE "type" = 'table' AND "rootpage" IS NOT NULL;
2024-10-28 16:43:40.285 +01:00 [INF] Executed DbCommand (0ms) [Parameters=[@__Username_0='?' (Size = 9)], CommandType='"Text"', CommandTimeout='30']
SELECT EXISTS (
    SELECT 1
    FROM "Users" AS "u"
    WHERE "u"."Username" = @__Username_0)
2024-10-28 16:43:40.287 +01:00 [INF] Executed DbCommand (0ms) [Parameters=[@__Email_0='?' (Size = 15)], CommandType='"Text"', CommandTimeout='30']
SELECT EXISTS (
    SELECT 1
    FROM "Users" AS "u"
    WHERE "u"."Email" = @__Email_0)
2024-10-28 16:43:40.287 +01:00 [INF] Executing ViewResult, running view Register.
2024-10-28 16:43:40.289 +01:00 [INF] Executed ViewResult - view Register executed in 1.679ms.
2024-10-28 16:43:40.289 +01:00 [INF] Executed action Ahmadside.Controllers.LoginController.Register (Ahmadside) in 6.2257ms
2024-10-28 16:43:40.289 +01:00 [INF] Executed endpoint 'Ahmadside.Controllers.LoginController.Register (Ahmadside)'
2024-10-28 16:43:40.289 +01:00 [INF] Request finished HTTP/1.1 POST http://localhost:5002/Login/Register - 200 null text/html; charset=utf-8 6.75ms
2024-10-28 16:43:42.800 +01:00 [INF] Request starting HTTP/1.1 POST http://localhost:5002/Login/Register - application/x-www-form-urlencoded 270
2024-10-28 16:43:42.800 +01:00 [INF] Executing endpoint 'Ahmadside.Controllers.LoginController.Register (Ahmadside)'
2024-10-28 16:43:42.800 +01:00 [INF] Route matched with {action = "Register", controller = "Login"}. Executing controller action with signature Microsoft.AspNetCore.Mvc.IActionResult Register(Ahmadside.Models.User) on controller Ahmadside.Controllers.LoginController (Ahmadside).
2024-10-28 16:43:42.801 +01:00 [INF] Executed DbCommand (0ms) [Parameters=[], CommandType='"Text"', CommandTimeout='30']
SELECT COUNT(*) FROM "sqlite_master" WHERE "type" = 'table' AND "rootpage" IS NOT NULL;
2024-10-28 16:43:42.802 +01:00 [INF] Executed DbCommand (0ms) [Parameters=[@__Username_0='?' (Size = 9)], CommandType='"Text"', CommandTimeout='30']
SELECT EXISTS (
    SELECT 1
    FROM "Users" AS "u"
    WHERE "u"."Username" = @__Username_0)
2024-10-28 16:43:42.803 +01:00 [INF] Executed DbCommand (0ms) [Parameters=[@__Email_0='?' (Size = 15)], CommandType='"Text"', CommandTimeout='30']
SELECT EXISTS (
    SELECT 1
    FROM "Users" AS "u"
    WHERE "u"."Email" = @__Email_0)
2024-10-28 16:43:42.804 +01:00 [INF] Executing ViewResult, running view Register.
2024-10-28 16:43:42.806 +01:00 [INF] Executed ViewResult - view Register executed in 1.6197ms.
2024-10-28 16:43:42.806 +01:00 [INF] Executed action Ahmadside.Controllers.LoginController.Register (Ahmadside) in 6.2555ms
2024-10-28 16:43:42.806 +01:00 [INF] Executed endpoint 'Ahmadside.Controllers.LoginController.Register (Ahmadside)'
2024-10-28 16:43:42.806 +01:00 [INF] Request finished HTTP/1.1 POST http://localhost:5002/Login/Register - 200 null text/html; charset=utf-8 6.6749ms
2024-10-28 16:43:44.467 +01:00 [INF] Request starting HTTP/1.1 POST http://localhost:5002/Login/Register - application/x-www-form-urlencoded 270
2024-10-28 16:43:44.467 +01:00 [INF] Executing endpoint 'Ahmadside.Controllers.LoginController.Register (Ahmadside)'
2024-10-28 16:43:44.467 +01:00 [INF] Route matched with {action = "Register", controller = "Login"}. Executing controller action with signature Microsoft.AspNetCore.Mvc.IActionResult Register(Ahmadside.Models.User) on controller Ahmadside.Controllers.LoginController (Ahmadside).
2024-10-28 16:43:44.468 +01:00 [INF] Executed DbCommand (0ms) [Parameters=[], CommandType='"Text"', CommandTimeout='30']
SELECT COUNT(*) FROM "sqlite_master" WHERE "type" = 'table' AND "rootpage" IS NOT NULL;
2024-10-28 16:43:44.470 +01:00 [INF] Executed DbCommand (0ms) [Parameters=[@__Username_0='?' (Size = 9)], CommandType='"Text"', CommandTimeout='30']
SELECT EXISTS (
    SELECT 1
    FROM "Users" AS "u"
    WHERE "u"."Username" = @__Username_0)
2024-10-28 16:43:44.471 +01:00 [INF] Executed DbCommand (0ms) [Parameters=[@__Email_0='?' (Size = 15)], CommandType='"Text"', CommandTimeout='30']
SELECT EXISTS (
    SELECT 1
    FROM "Users" AS "u"
    WHERE "u"."Email" = @__Email_0)
2024-10-28 16:43:44.472 +01:00 [INF] Executing ViewResult, running view Register.
2024-10-28 16:43:44.473 +01:00 [INF] Executed ViewResult - view Register executed in 1.6697ms.
2024-10-28 16:43:44.473 +01:00 [INF] Executed action Ahmadside.Controllers.LoginController.Register (Ahmadside) in 6.217ms
2024-10-28 16:43:44.473 +01:00 [INF] Executed endpoint 'Ahmadside.Controllers.LoginController.Register (Ahmadside)'
2024-10-28 16:43:44.474 +01:00 [INF] Request finished HTTP/1.1 POST http://localhost:5002/Login/Register - 200 null text/html; charset=utf-8 6.7671ms
2024-10-28 16:43:46.083 +01:00 [INF] Request starting HTTP/1.1 POST http://localhost:5002/Login/Register - application/x-www-form-urlencoded 270
2024-10-28 16:43:46.083 +01:00 [INF] Executing endpoint 'Ahmadside.Controllers.LoginController.Register (Ahmadside)'
2024-10-28 16:43:46.083 +01:00 [INF] Route matched with {action = "Register", controller = "Login"}. Executing controller action with signature Microsoft.AspNetCore.Mvc.IActionResult Register(Ahmadside.Models.User) on controller Ahmadside.Controllers.LoginController (Ahmadside).
2024-10-28 16:43:46.084 +01:00 [INF] Executed DbCommand (0ms) [Parameters=[], CommandType='"Text"', CommandTimeout='30']
SELECT COUNT(*) FROM "sqlite_master" WHERE "type" = 'table' AND "rootpage" IS NOT NULL;
2024-10-28 16:43:46.085 +01:00 [INF] Executed DbCommand (0ms) [Parameters=[@__Username_0='?' (Size = 9)], CommandType='"Text"', CommandTimeout='30']
SELECT EXISTS (
    SELECT 1
    FROM "Users" AS "u"
    WHERE "u"."Username" = @__Username_0)
2024-10-28 16:43:46.086 +01:00 [INF] Executed DbCommand (0ms) [Parameters=[@__Email_0='?' (Size = 15)], CommandType='"Text"', CommandTimeout='30']
SELECT EXISTS (
    SELECT 1
    FROM "Users" AS "u"
    WHERE "u"."Email" = @__Email_0)
2024-10-28 16:43:46.087 +01:00 [INF] Executing ViewResult, running view Register.
2024-10-28 16:43:46.088 +01:00 [INF] Executed ViewResult - view Register executed in 1.832ms.
2024-10-28 16:43:46.089 +01:00 [INF] Executed action Ahmadside.Controllers.LoginController.Register (Ahmadside) in 5.695ms
2024-10-28 16:43:46.089 +01:00 [INF] Executed endpoint 'Ahmadside.Controllers.LoginController.Register (Ahmadside)'
2024-10-28 16:43:46.089 +01:00 [INF] Request finished HTTP/1.1 POST http://localhost:5002/Login/Register - 200 null text/html; charset=utf-8 6.1464ms
2024-10-28 16:43:52.159 +01:00 [INF] Request starting HTTP/1.1 GET http://localhost:5002/User/List - null null
2024-10-28 16:43:52.159 +01:00 [INF] Executing endpoint 'Ahmadside.Controllers.UserController.List (Ahmadside)'
2024-10-28 16:43:52.160 +01:00 [INF] Route matched with {action = "List", controller = "User"}. Executing controller action with signature Microsoft.AspNetCore.Mvc.IActionResult List() on controller Ahmadside.Controllers.UserController (Ahmadside).
2024-10-28 16:43:52.161 +01:00 [INF] Executed DbCommand (0ms) [Parameters=[], CommandType='"Text"', CommandTimeout='30']
SELECT COUNT(*) FROM "sqlite_master" WHERE "type" = 'table' AND "rootpage" IS NOT NULL;
2024-10-28 16:43:52.161 +01:00 [INF] Executed DbCommand (0ms) [Parameters=[], CommandType='"Text"', CommandTimeout='30']
SELECT "u"."Firstname", "u"."Aftername", "u"."Date_Started", "u"."Email", "u"."Password", "u"."Phone", "u"."Username"
FROM "Users" AS "u"
2024-10-28 16:43:52.162 +01:00 [INF] Executing ViewResult, running view List.
2024-10-28 16:43:52.162 +01:00 [INF] Executed ViewResult - view List executed in 0.6841ms.
2024-10-28 16:43:52.163 +01:00 [INF] Executed action Ahmadside.Controllers.UserController.List (Ahmadside) in 2.973ms
2024-10-28 16:43:52.163 +01:00 [INF] Executed endpoint 'Ahmadside.Controllers.UserController.List (Ahmadside)'
2024-10-28 16:43:52.163 +01:00 [INF] Request finished HTTP/1.1 GET http://localhost:5002/User/List - 200 null text/html; charset=utf-8 3.6499ms
2024-10-28 16:45:06.368 +01:00 [INF] Application is shutting down...
