2024-10-22 16:16:40.581 +02:00 [INF] User profile is available. Using '/Users/ahmadfaryabi/.aspnet/DataProtection-Keys' as key repository; keys will not be encrypted at rest.
2024-10-22 16:16:40.718 +02:00 [INF] Now listening on: http://localhost:5002
2024-10-22 16:16:40.725 +02:00 [INF] Application started. Press Ctrl+C to shut down.
2024-10-22 16:16:40.726 +02:00 [INF] Hosting environment: Development
2024-10-22 16:16:40.726 +02:00 [INF] Content root path: /Users/ahmadfaryabi/Documents/nettside kos/Ahmadside
2024-10-22 16:16:47.113 +02:00 [INF] Request starting HTTP/1.1 GET http://localhost:5002/User/List - null null
2024-10-22 16:16:47.128 +02:00 [WRN] Failed to determine the https port for redirect.
2024-10-22 16:16:47.155 +02:00 [INF] Executing endpoint 'Ahmadside.Controllers.UserController.List (Ahmadside)'
2024-10-22 16:16:47.186 +02:00 [INF] Route matched with {action = "List", controller = "User"}. Executing controller action with signature Microsoft.AspNetCore.Mvc.IActionResult List() on controller Ahmadside.Controllers.UserController (Ahmadside).
2024-10-22 16:16:47.199 +02:00 [INF] Executing ViewResult, running view List.
2024-10-22 16:16:47.381 +02:00 [INF] Executed ViewResult - view List executed in 185.6037ms.
2024-10-22 16:16:47.388 +02:00 [INF] Executed action Ahmadside.Controllers.UserController.List (Ahmadside) in 202.23ms
2024-10-22 16:16:47.389 +02:00 [INF] Executed endpoint 'Ahmadside.Controllers.UserController.List (Ahmadside)'
2024-10-22 16:16:47.397 +02:00 [INF] Request finished HTTP/1.1 GET http://localhost:5002/User/List - 200 null text/html; charset=utf-8 286.8682ms
2024-10-22 16:16:49.374 +02:00 [INF] Request starting HTTP/1.1 GET http://localhost:5002/User/List - null null
2024-10-22 16:16:49.376 +02:00 [INF] Executing endpoint 'Ahmadside.Controllers.UserController.List (Ahmadside)'
2024-10-22 16:16:49.376 +02:00 [INF] Route matched with {action = "List", controller = "User"}. Executing controller action with signature Microsoft.AspNetCore.Mvc.IActionResult List() on controller Ahmadside.Controllers.UserController (Ahmadside).
2024-10-22 16:16:49.376 +02:00 [INF] Executing ViewResult, running view List.
2024-10-22 16:16:49.380 +02:00 [INF] Executed ViewResult - view List executed in 3.635ms.
2024-10-22 16:16:49.380 +02:00 [INF] Executed action Ahmadside.Controllers.UserController.List (Ahmadside) in 4.0697ms
2024-10-22 16:16:49.380 +02:00 [INF] Executed endpoint 'Ahmadside.Controllers.UserController.List (Ahmadside)'
2024-10-22 16:16:49.380 +02:00 [INF] Request finished HTTP/1.1 GET http://localhost:5002/User/List - 200 null text/html; charset=utf-8 6.5795ms
2024-10-22 16:17:03.318 +02:00 [INF] Application is shutting down...
